********************************************************************************
   General Structure Analysis System-II Crystal Structure Refinement
              by Robert B. Von Dreele & Brian H. Toby
                Argonne National Laboratory(C), 2010
 This product includes software developed by the UChicago Argonne, LLC,
            as Operator of Argonne National Laboratory.
                          Please cite:
   B.H. Toby & R.B. Von Dreele, J. Appl. Cryst. 46, 544-549 (2013)
********************************************************************************
 Least squares controls:
 Refinement type: analytic Hessian
 Maximum number of cycles: 10
 Regularize hydrogens (if any): False
 Initial shift factor: 1.000

 Phases:

 Phase name: CsBr
=======================================================================================================================================

 X-ray scattering factors:
   Symbol     fa                                      fb                                      fc
---------------------------------------------------------------------------------------------------
 Br        17.17890   5.23580   5.63770   3.98510   2.17230  16.57960   0.26090  41.43280   2.95570
 Cs        20.38920  19.10620  10.66200   1.49530   3.56900   0.31070  24.38790 213.90400   3.33520

 Neutron scattering factors:
   Symbol   isotope       mass       b       resonant terms
---------------------------------------------------------------------------------------------------
 Br      Nat. Abund.     79.904    0.679
 Cs      Nat. Abund.    132.905    0.542

 Space Group: P m -3 m
 The lattice is centrosymmetric primitive cubic
 The Laue symmetry is m3m
 The lattice point group is m3m
 Multiplicity of a general site is 48
 The inversion center is located at 0,0,0
 
 The equivalent positions are:

 ( 1)     X,     Y,     Z 
 ( 2)     Z,     X,     Y 
 ( 3)     Y,     Z,     X 
 ( 4)     X,     Y,    -Z 
 ( 5)    -Z,     X,     Y 
 ( 6)     Y,    -Z,     X 
 ( 7)    -Z,     X,    -Y 
 ( 8)    -Y,    -Z,     X 
 ( 9)     Y,    -Z,    -X 
 (10)    -X,     Y,    -Z 
 (11)    -Z,    -X,     Y 
 (12)     X,    -Y,    -Z 
 (13)     Y,     X,     Z 
 (14)     Z,     Y,     X 
 (15)     X,     Z,     Y 
 (16)     Y,     X,    -Z 
 (17)    -Z,     Y,     X 
 (18)     X,    -Z,     Y 
 (19)    -Z,     Y,    -X 
 (20)    -X,    -Z,     Y 
 (21)     X,    -Z,    -Y 
 (22)    -Y,     X,    -Z 
 (23)    -Z,    -Y,     X 
 (24)     Y,    -X,    -Z 

 Atoms:
   name    type  refine?   x         y         z      frac site sym  mult I/A   Uiso     U11     U22     U33     U12     U13     U23
---------------------------------------------------------------------------------------------------------------------------------------
     Br     Br     XU   0.50000   0.50000   0.50000   1.000    m3m    1    I 0.05463                                                
     Cs     Cs     XU   0.00000   0.00000   0.00000   1.000    m3m    1    I 0.05997                                                

 Unit cell: a = 4.29058 b = 4.29058 c = 4.29058 alpha = 90.000 beta = 90.000 gamma = 90.000 volume = 78.985 Refine? True

 Spherical harmonics texture: Order:0

 Phase name: PbBr2
=======================================================================================================================================

 X-ray scattering factors:
   Symbol     fa                                      fb                                      fc
---------------------------------------------------------------------------------------------------
 Br        17.17890   5.23580   5.63770   3.98510   2.17230  16.57960   0.26090  41.43280   2.95570
 Pb        31.06170  13.06370  18.44200   5.96960   0.69020   2.35760   8.61800  47.25790  13.41180

 Neutron scattering factors:
   Symbol   isotope       mass       b       resonant terms
---------------------------------------------------------------------------------------------------
 Br      Nat. Abund.     79.904    0.679
 Pb      Nat. Abund.    207.200    0.940

 Space Group: P n m a
 The lattice is centrosymmetric primitive orthorhombic
 The Laue symmetry is mmm
 The lattice point group is mmm
 Multiplicity of a general site is 8
 The inversion center is located at 0,0,0
 
 The equivalent positions are:

 ( 1)     X,     Y,     Z 
 ( 2) 1/2-X, 1/2+Y, 1/2+Z 
 ( 3)     X, 1/2-Y,     Z 
 ( 4) 1/2-X,    -Y, 1/2+Z 

 Atoms:
   name    type  refine?   x         y         z      frac site sym  mult I/A   Uiso     U11     U22     U33     U12     U13     U23
---------------------------------------------------------------------------------------------------------------------------------------
    Br1     Br     XU   0.01778   0.25000   0.66235   1.000   m(y)    4    I 0.04784                                                
    Br2     Br     XU   0.14552   0.25000   0.07393   1.000   m(y)    4    I 0.02968                                                
    Pb1     Pb     XU   0.23718   0.25000   0.41032   1.000   m(y)    4    I 0.04576                                                

 Unit cell: a = 8.05291 b = 4.72811 c = 9.52889 alpha = 90.000 beta = 90.000 gamma = 90.000 volume = 362.812 Refine? True

 Spherical harmonics texture: Order:0

 Phase name: CsPbBr3-Pbnm
=======================================================================================================================================

 X-ray scattering factors:
   Symbol     fa                                      fb                                      fc
---------------------------------------------------------------------------------------------------
 Cs        20.38920  19.10620  10.66200   1.49530   3.56900   0.31070  24.38790 213.90400   3.33520
 Pb        31.06170  13.06370  18.44200   5.96960   0.69020   2.35760   8.61800  47.25790  13.41180
 Br        17.17890   5.23580   5.63770   3.98510   2.17230  16.57960   0.26090  41.43280   2.95570

 Neutron scattering factors:
   Symbol   isotope       mass       b       resonant terms
---------------------------------------------------------------------------------------------------
 Cs      Nat. Abund.    132.905    0.542
 Pb      Nat. Abund.    207.200    0.940
 Br      Nat. Abund.     79.904    0.679

 Space Group: P b n m
 The lattice is centrosymmetric primitive orthorhombic
 The Laue symmetry is mmm
 The lattice point group is mmm
 Multiplicity of a general site is 8
 The inversion center is located at 0,0,0
 
 The equivalent positions are:

 ( 1)     X,     Y,     Z 
 ( 2) 1/2-X, 1/2+Y,     Z 
 ( 3) 1/2+X, 1/2-Y, 1/2+Z 
 ( 4)    -X,    -Y, 1/2+Z 

 Atoms:
   name    type  refine?   x         y         z      frac site sym  mult I/A   Uiso     U11     U22     U33     U12     U13     U23
---------------------------------------------------------------------------------------------------------------------------------------
    Cs1     Cs     XU   0.96996   0.98724   0.25000   1.000   m(z)    4    I 0.04310                                                
    Pb2     Pb     XU   0.50000   0.00000   0.00000   1.000     -1    4    I 0.03837                                                
    Br3     Br     XU   0.04231   0.40656   0.25000   1.000   m(z)    4    I 0.08844                                                
    Br4     Br     XU   0.83280   0.23183   0.02652   1.000      1    8    I 0.00751                                                

 Unit cell: a = 8.19948 b = 8.23716 c = 11.74949 alpha = 90.000 beta = 90.000 gamma = 90.000 volume = 793.566 Refine? True

 Spherical harmonics texture: Order:0

 Phase name: Cs4PbBr6-fit
=======================================================================================================================================

 X-ray scattering factors:
   Symbol     fa                                      fb                                      fc
---------------------------------------------------------------------------------------------------
 Pb        31.06170  13.06370  18.44200   5.96960   0.69020   2.35760   8.61800  47.25790  13.41180
 Cs        20.38920  19.10620  10.66200   1.49530   3.56900   0.31070  24.38790 213.90400   3.33520
 Br        17.17890   5.23580   5.63770   3.98510   2.17230  16.57960   0.26090  41.43280   2.95570

 Neutron scattering factors:
   Symbol   isotope       mass       b       resonant terms
---------------------------------------------------------------------------------------------------
 Pb      Nat. Abund.    207.200    0.940
 Cs      Nat. Abund.    132.905    0.542
 Br      Nat. Abund.     79.904    0.679

 Space Group: R -3 c
 The lattice is centrosymmetric R-centered trigonal
 The Laue symmetry is 3m1
 The lattice point group is -3m
 Multiplicity of a general site is 36
 The inversion center is located at 0,0,0
 
 The equivalent positions are:

 (0,0,0; 2/3,1/3,1/3; 1/3,2/3,2/3)+

 ( 1)     X,     Y,     Z 
 ( 2)    -Y,   X-Y,     Z 
 ( 3)   Y-X,    -X,     Z 
 ( 4)   Y-X,     Y, 1/2+Z 
 ( 5)    -Y,    -X, 1/2+Z 
 ( 6)     X,   X-Y, 1/2+Z 

 Atoms:
   name    type  refine?   x         y         z      frac site sym  mult I/A   Uiso     U11     U22     U33     U12     U13     U23
---------------------------------------------------------------------------------------------------------------------------------------
    Pb1     Pb     XU   0.00000   0.00000   0.00000   1.000     -3    6    I 0.01596                                                
    Cs2     Cs     XU  -0.29245  -0.33330  -0.08330   1.000 2(100)   18    I-0.01918                                                
    Cs3     Cs     XU   0.00000   0.00000   0.25000   1.00032(100)    6    I 0.03183                                                
    Br4     Br     XU   0.03300  -0.16611  -0.10072   1.000      1   36    I 0.01878                                                

 Unit cell: a = 13.70428 b = 13.70428 c = 17.28606 alpha = 90.000 beta = 90.000 gamma = 120.000 volume = 2811.508 Refine? True

 Spherical harmonics texture: Order:0

 Phase: CsBr in histogram: PWDR YN33_20N_speed0.5_CsPbBr3_45min_20240617_193835_G01_S01.xye
=======================================================================================================================================
 Phase fraction  :    43.5968 Refine? True
 Extinction coeff:     0.0000 Refine? False
 March-Dollase PO:     1.0000 Refine? False Axis: 0 0 1

 Size model    : isotropic equatorial:       1.000 Refine? False
	 LG mixing coeff.:       1.0000 Refine? False

 Mustrain model:  uniaxial equatorial:      1000.0 Refine? False axial:      1000.0 Refine? False
	 LG mixing coeff.:      1.0000 Refine? False

 Hydrostatic/elastic strain:
 names :         D11          eA
 values:           0           0
 refine:       False       False

 Phase: PbBr2 in histogram: PWDR YN33_20N_speed0.5_CsPbBr3_45min_20240617_193835_G01_S01.xye
=======================================================================================================================================
 Phase fraction  :    11.7410 Refine? True
 Extinction coeff:     0.0000 Refine? False
 March-Dollase PO:     1.0000 Refine? False Axis: 0 0 1

 Size model    : isotropic equatorial:       1.000 Refine? False
	 LG mixing coeff.:       1.0000 Refine? False

 Mustrain model:  uniaxial equatorial:      1000.0 Refine? False axial:      1000.0 Refine? False
	 LG mixing coeff.:      1.0000 Refine? False

 Hydrostatic/elastic strain:
 names :         D11         D22         D33
 values:           0           0           0
 refine:       False       False       False

 Phase: CsPbBr3-Pbnm in histogram: PWDR YN33_20N_speed0.5_CsPbBr3_45min_20240617_193835_G01_S01.xye
=======================================================================================================================================
 Phase fraction  :     0.9487 Refine? True
 Extinction coeff:     0.0000 Refine? False
 March-Dollase PO:     1.0000 Refine? False Axis: 0 0 1

 Size model    : isotropic equatorial:       1.000 Refine? False
	 LG mixing coeff.:       1.0000 Refine? False

 Mustrain model:  uniaxial equatorial:      1000.0 Refine? False axial:      1000.0 Refine? False
	 LG mixing coeff.:      1.0000 Refine? False

 Hydrostatic/elastic strain:
 names :         D11         D22         D33
 values:           0           0           0
 refine:       False       False       False

 Phase: Cs4PbBr6-fit in histogram: PWDR YN33_20N_speed0.5_CsPbBr3_45min_20240617_193835_G01_S01.xye
=======================================================================================================================================
 Phase fraction  :     0.9470 Refine? True
 Extinction coeff:     0.0000 Refine? False
 March-Dollase PO:     1.0000 Refine? False Axis: 0 0 1

 Size model    : isotropic equatorial:       1.000 Refine? False
	 LG mixing coeff.:       1.0000 Refine? False

 Mustrain model:  uniaxial equatorial:      1000.0 Refine? False axial:      1000.0 Refine? False
	 LG mixing coeff.:      1.0000 Refine? False

 Hydrostatic/elastic strain:
 names :         D11         D33
 values:           0           0
 refine:       False       False

 Histogram: PWDR YN33_20N_speed0.5_CsPbBr3_45min_20240617_193835_G01_S01.xye histogram Id: 0
=======================================================================================================================================
 Instrument type: Bragg-Brentano
 Histogram limits:    10.00 deg to    50.00 deg

 Sample Parameters:
 Goniometer omega = 0.00, chi = 0.00, phi = 0.00
 name  :         Scale         Shift  Transparency    SurfRoughA    SurfRoughB
 value :        1.0000      148.4159        0.0000        0.0000        0.0761
 refine:         False          True         False         False          True

 Instrument Parameters:
 name  :     Azimuth        Bank I(L2)/I(L1)        Lam1        Lam2    Polariz.        SH/L
 value :    0.000000    1.000000    0.500000    1.540500    1.544300    0.700000    0.002000
 refine:                   False       False                               False       False

 name  :           U           V           W           X           Y           Z        Zero
 value :  -26.903769  -78.686450   52.500118   -1.304906   17.077932    0.000000    0.000000
 refine:        True        True        True        True        True       False       False

 Background function: log interpolate Refine? True
 Coefficients:    924.321   870.791   766.987   689.094   625.202   423.218   381.792   387.496   358.075   323.539   321.151
               

 Refinement results:
---------------------------------------------------------------------------------------------------------------------------------------
 Number of function calls: 8 No. of observations: 4001 No. of parameters: 61 User rejected: 0 Sp. gp. extinct: 0
 Refinement time =    4.947s,    1.649s/cycle, for 3 cycles
 wR =    6.32%, chi**2 =      14505.1, GOF =   1.92
----------------------------------------------------------------------------------------------------------------------------------
Parameters generated by constraints

 name  :          0::A0          3::A0
 value :        0.05432        0.00710
 sig   :        0.00000        0.00000

 Phases:
 Result for phase: CsBr
=======================================================================================================================================
 Reciprocal metric tensor: 
  names :            A11            A22            A33            A12            A13            A23
  values:    0.054322492    0.054322492    0.054322492    0.000000000    0.000000000    0.000000000
  esds  :    0.000003883                                                                           
 New unit cell:
  names :           a           b           c       alpha        beta       gamma      Volume
  values:    4.290522    4.290522    4.290522     90.0000     90.0000     90.0000      78.982
  esds  :    0.000153    0.000153    0.000153                                           0.008

 Atoms:
   name      x         y         z      frac   Uiso     U11     U22     U33     U12     U13     U23
---------------------------------------------------------------------------------------------------------------------------------------
     Br     Br:
 values:   0.50000   0.50000   0.50000   1.000 0.05412
 sig   :                                       0.00370
     Cs     Cs:
 values:   0.00000   0.00000   0.00000   1.000 0.05882
 sig   :                                       0.00341

 Density: 4.474133.4 g/cm**3
 Result for phase: PbBr2
=======================================================================================================================================
 Reciprocal metric tensor: 
  names :            A11            A22            A33            A12            A13            A23
  values:    0.015420672    0.044737074    0.011013101    0.000000000    0.000000000    0.000000000
  esds  :    0.000000872    0.000002784    0.000000699                                             
 New unit cell:
  names :           a           b           c       alpha        beta       gamma      Volume
  values:    8.052827    4.727877    9.528953     90.0000     90.0000     90.0000     362.794
  esds  :    0.000228    0.000147    0.000302                                           0.023

 Atoms:
   name      x         y         z      frac   Uiso     U11     U22     U33     U12     U13     U23
---------------------------------------------------------------------------------------------------------------------------------------
    Br1     Br:
 values:   0.01758   0.25000   0.66249   1.000 0.04547
 sig   :   0.00055             0.00041         0.00308
    Br2     Br:
 values:   0.14545   0.25000   0.07388   1.000 0.02987
 sig   :   0.00040             0.00050         0.00294
    Pb1     Pb:
 values:   0.23717   0.25000   0.41022   1.000 0.04545
 sig   :   0.00031             0.00020         0.00221

 Density: 6.719317.4 g/cm**3
 Result for phase: CsPbBr3-Pbnm
=======================================================================================================================================
 Reciprocal metric tensor: 
  names :            A11            A22            A33            A12            A13            A23
  values:    0.014886676    0.014740242    0.007242442    0.000000000    0.000000000    0.000000000
  esds  :    0.000006548    0.000005416    0.000002153                                             
 New unit cell:
  names :           a           b           c       alpha        beta       gamma      Volume
  values:    8.195985    8.236595   11.750531     90.0000     90.0000     90.0000     793.243
  esds  :    0.001802    0.001513    0.001747                                           0.162

 Atoms:
   name      x         y         z      frac   Uiso     U11     U22     U33     U12     U13     U23
---------------------------------------------------------------------------------------------------------------------------------------
    Cs1     Cs:
 values:   0.97101   0.99072   0.25000   1.000 0.04754
 sig   :   0.00445   0.00391                   0.01063
    Pb2     Pb:
 values:   0.50000   0.00000   0.00000   1.000 0.02715
 sig   :                                       0.00649
    Br3     Br:
 values:   0.05729   0.40175   0.25000   1.000 0.01646
 sig   :   0.00784   0.00590                   0.02446
    Br4     Br:
 values:   0.81042   0.21733   0.01806   1.000 0.04390
 sig   :   0.00456   0.00488   0.00436         0.01577

 Density: 4.855053.4 g/cm**3
 Result for phase: Cs4PbBr6-fit
=======================================================================================================================================
 Reciprocal metric tensor: 
  names :            A11            A22            A33            A12            A13            A23
  values:    0.007099808    0.007099808    0.003346664    0.007099808    0.000000000    0.000000000
  esds  :    0.000000626                   0.000000358                                             
 New unit cell:
  names :           a           b           c       alpha        beta       gamma      Volume
  values:   13.703960   13.703960   17.285979     90.0000     90.0000    120.0000    2811.362
  esds  :    0.001006    0.001006    0.000924                                           0.289

 Atoms:
   name      x         y         z      frac   Uiso     U11     U22     U33     U12     U13     U23
---------------------------------------------------------------------------------------------------------------------------------------
    Pb1     Pb:
 values:   0.00000   0.00000   0.00000   1.000 0.01125
 sig   :                                       0.00352
    Cs2     Cs:
 values:  -0.29234  -0.33330  -0.08330   1.000-0.02004
 sig   :   0.00081                             0.00320
    Cs3     Cs:
 values:   0.00000   0.00000   0.25000   1.000 0.03683
 sig   :                                       0.00427
    Br4     Br:
 values:   0.03181  -0.16566  -0.10031   1.000 0.02436
 sig   :   0.00077   0.00065   0.00056         0.00314

 Density: 4.317359.4 g/cm**3

 Phase: CsBr in histogram: PWDR YN33_20N_speed0.5_CsPbBr3_45min_20240617_193835_G01_S01.xye
=======================================================================================================================================
 Final refinement RF, RF^2 = 2.08%, 2.03% on 5 reflections
 Durbin-Watson statistic = 0.414
 Bragg intensity sum = 3.31e+05
 Phase fraction  :   43.04500, sig    1.00443 Weight fraction  :  0.25994, sig    0.00607

 Phase: PbBr2 in histogram: PWDR YN33_20N_speed0.5_CsPbBr3_45min_20240617_193835_G01_S01.xye
=======================================================================================================================================
 Final refinement RF, RF^2 = 2.52%, 3.51% on 41 reflections
 Durbin-Watson statistic = 0.414
 Bragg intensity sum = 9.08e+05
 Phase fraction  :   11.62673, sig    0.26225 Weight fraction  :  0.48434, sig    0.01092

 Phase: CsPbBr3-Pbnm in histogram: PWDR YN33_20N_speed0.5_CsPbBr3_45min_20240617_193835_G01_S01.xye
=======================================================================================================================================
 Final refinement RF, RF^2 = 3.54%, 5.86% on 77 reflections
 Durbin-Watson statistic = 0.414
 Bragg intensity sum = 1.25e+05
 Phase fraction  :    0.91906, sig    0.03509 Weight fraction  :  0.06049, sig    0.00231

 Phase: Cs4PbBr6-fit in histogram: PWDR YN33_20N_speed0.5_CsPbBr3_45min_20240617_193835_G01_S01.xye
=======================================================================================================================================
 Final refinement RF, RF^2 = 3.07%, 5.25% on 55 reflections
 Durbin-Watson statistic = 0.414
 Bragg intensity sum = 4.13e+05
 Phase fraction  :    0.94127, sig    0.01684 Weight fraction  :  0.19524, sig    0.00349

 Histogram: PWDR YN33_20N_speed0.5_CsPbBr3_45min_20240617_193835_G01_S01.xye histogram Id: 0
=======================================================================================================================================
 PWDR histogram weight factor = 1.000
 Final refinement wR = 6.32% on 4001 observations in this histogram
 Other residuals: R = 5.00%, R-bkg = 5.23%, wR-bkg = 6.32% wRmin = 3.32%
 Instrument type: Bragg-Brentano

 Resonant form factors:(ref: D.T. Cromer & D.A. Liberman (1981), Acta Cryst. A37, 267-268.)
 Element:       Br       Cs       Pb
 f'     :   -0.679   -0.745   -4.078
 f"     :    1.281    7.902    8.501

 Sample Parameters:
 names :         Scale         Shift  Transparency    SurfRoughA    SurfRoughB
 values:        1.0000      149.2864        0.0000        0.0000        0.0729
 sig   :                      1.1794                                    0.0033

 Instrument Parameters:
 names :           U           V           W           X           Y           Z        Zero
 value :    0.518121  -93.458347   54.310462   -1.176984   16.549257    0.000000    0.000000
 sig   :   52.488215   32.090846    5.082600    0.700203    2.624979                        

 Background function: log interpolate
 value :      924.5     870.5     767.4     689.1     625.5     419.1     383.1       385     358.7     324.6     316.6
 sig   :       8.09     5.872     4.972     4.246     4.137     5.458     3.034     4.151     3.337      6.75     6.342
 Background sums: empirical 1.85e+06, Debye 0, peaks 0, Total 1.85e+06
