********************************************************************************
   General Structure Analysis System-II Crystal Structure Refinement
              by Robert B. Von Dreele & Brian H. Toby
                Argonne National Laboratory(C), 2010
 This product includes software developed by the UChicago Argonne, LLC,
            as Operator of Argonne National Laboratory.
                          Please cite:
   B.H. Toby & R.B. Von Dreele, J. Appl. Cryst. 46, 544-549 (2013)
********************************************************************************
 Least squares controls:
 Refinement type: analytic Hessian
 Maximum number of cycles: 10
 Regularize hydrogens (if any): False
 Initial shift factor: 1.000

 Phases:

 Phase name: CsBr
=======================================================================================================================================

 X-ray scattering factors:
   Symbol     fa                                      fb                                      fc
---------------------------------------------------------------------------------------------------
 Br        17.17890   5.23580   5.63770   3.98510   2.17230  16.57960   0.26090  41.43280   2.95570
 Cs        20.38920  19.10620  10.66200   1.49530   3.56900   0.31070  24.38790 213.90400   3.33520

 Neutron scattering factors:
   Symbol   isotope       mass       b       resonant terms
---------------------------------------------------------------------------------------------------
 Br      Nat. Abund.     79.904    0.679
 Cs      Nat. Abund.    132.905    0.542

 Space Group: P m -3 m
 The lattice is centrosymmetric primitive cubic
 The Laue symmetry is m3m
 The lattice point group is m3m
 Multiplicity of a general site is 48
 The inversion center is located at 0,0,0
 
 The equivalent positions are:

 ( 1)     X,     Y,     Z 
 ( 2)     Z,     X,     Y 
 ( 3)     Y,     Z,     X 
 ( 4)     X,     Y,    -Z 
 ( 5)    -Z,     X,     Y 
 ( 6)     Y,    -Z,     X 
 ( 7)    -Z,     X,    -Y 
 ( 8)    -Y,    -Z,     X 
 ( 9)     Y,    -Z,    -X 
 (10)    -X,     Y,    -Z 
 (11)    -Z,    -X,     Y 
 (12)     X,    -Y,    -Z 
 (13)     Y,     X,     Z 
 (14)     Z,     Y,     X 
 (15)     X,     Z,     Y 
 (16)     Y,     X,    -Z 
 (17)    -Z,     Y,     X 
 (18)     X,    -Z,     Y 
 (19)    -Z,     Y,    -X 
 (20)    -X,    -Z,     Y 
 (21)     X,    -Z,    -Y 
 (22)    -Y,     X,    -Z 
 (23)    -Z,    -Y,     X 
 (24)     Y,    -X,    -Z 

 Atoms:
   name    type  refine?   x         y         z      frac site sym  mult I/A   Uiso     U11     U22     U33     U12     U13     U23
---------------------------------------------------------------------------------------------------------------------------------------
     Br     Br     XU   0.50000   0.50000   0.50000   1.000    m3m    1    I 0.03342                                                
     Cs     Cs     XU   0.00000   0.00000   0.00000   1.000    m3m    1    I 0.02781                                                

 Unit cell: a = 4.29281 b = 4.29281 c = 4.29281 alpha = 90.000 beta = 90.000 gamma = 90.000 volume = 79.109 Refine? True

 Spherical harmonics texture: Order:0

 Phase name: PbBr2
=======================================================================================================================================

 X-ray scattering factors:
   Symbol     fa                                      fb                                      fc
---------------------------------------------------------------------------------------------------
 Br        17.17890   5.23580   5.63770   3.98510   2.17230  16.57960   0.26090  41.43280   2.95570
 Pb        31.06170  13.06370  18.44200   5.96960   0.69020   2.35760   8.61800  47.25790  13.41180

 Neutron scattering factors:
   Symbol   isotope       mass       b       resonant terms
---------------------------------------------------------------------------------------------------
 Br      Nat. Abund.     79.904    0.679
 Pb      Nat. Abund.    207.200    0.940

 Space Group: P n m a
 The lattice is centrosymmetric primitive orthorhombic
 The Laue symmetry is mmm
 The lattice point group is mmm
 Multiplicity of a general site is 8
 The inversion center is located at 0,0,0
 
 The equivalent positions are:

 ( 1)     X,     Y,     Z 
 ( 2) 1/2-X, 1/2+Y, 1/2+Z 
 ( 3)     X, 1/2-Y,     Z 
 ( 4) 1/2-X,    -Y, 1/2+Z 

 Atoms:
   name    type  refine?   x         y         z      frac site sym  mult I/A   Uiso     U11     U22     U33     U12     U13     U23
---------------------------------------------------------------------------------------------------------------------------------------
    Br1     Br     XU   0.01618   0.25000   0.66739   1.000   m(y)    4    I 0.02127                                                
    Br2     Br     XU   0.14273   0.25000   0.07222   1.000   m(y)    4    I-0.01036                                                
    Pb1     Pb     XU   0.23478   0.25000   0.41214   1.000   m(y)    4    I 0.02572                                                

 Unit cell: a = 8.05827 b = 4.72977 c = 9.53460 alpha = 90.000 beta = 90.000 gamma = 90.000 volume = 363.399 Refine? True

 Spherical harmonics texture: Order:0

 Phase name: CsPbBr3-Pbnm
=======================================================================================================================================

 X-ray scattering factors:
   Symbol     fa                                      fb                                      fc
---------------------------------------------------------------------------------------------------
 Cs        20.38920  19.10620  10.66200   1.49530   3.56900   0.31070  24.38790 213.90400   3.33520
 Pb        31.06170  13.06370  18.44200   5.96960   0.69020   2.35760   8.61800  47.25790  13.41180
 Br        17.17890   5.23580   5.63770   3.98510   2.17230  16.57960   0.26090  41.43280   2.95570

 Neutron scattering factors:
   Symbol   isotope       mass       b       resonant terms
---------------------------------------------------------------------------------------------------
 Cs      Nat. Abund.    132.905    0.542
 Pb      Nat. Abund.    207.200    0.940
 Br      Nat. Abund.     79.904    0.679

 Space Group: P b n m
 The lattice is centrosymmetric primitive orthorhombic
 The Laue symmetry is mmm
 The lattice point group is mmm
 Multiplicity of a general site is 8
 The inversion center is located at 0,0,0
 
 The equivalent positions are:

 ( 1)     X,     Y,     Z 
 ( 2) 1/2-X, 1/2+Y,     Z 
 ( 3) 1/2+X, 1/2-Y, 1/2+Z 
 ( 4)    -X,    -Y, 1/2+Z 

 Atoms:
   name    type  refine?   x         y         z      frac site sym  mult I/A   Uiso     U11     U22     U33     U12     U13     U23
---------------------------------------------------------------------------------------------------------------------------------------
    Cs1     Cs     XU   0.97119   0.99402   0.25000   1.000   m(z)    4    I 0.03597                                                
    Pb2     Pb     XU   0.50000   0.00000   0.00000   1.000     -1    4    I 0.00354                                                
    Br3     Br     XU   0.02554   0.42326   0.25000   1.000   m(z)    4    I-0.08028                                                
    Br4     Br     XU   0.82481   0.21739   0.00859   1.000      1    8    I 0.02836                                                

 Unit cell: a = 8.19646 b = 8.24587 c = 11.75243 alpha = 90.000 beta = 90.000 gamma = 90.000 volume = 794.311 Refine? True

 Spherical harmonics texture: Order:0

 Phase name: Cs4PbBr6-fit
=======================================================================================================================================

 X-ray scattering factors:
   Symbol     fa                                      fb                                      fc
---------------------------------------------------------------------------------------------------
 Pb        31.06170  13.06370  18.44200   5.96960   0.69020   2.35760   8.61800  47.25790  13.41180
 Cs        20.38920  19.10620  10.66200   1.49530   3.56900   0.31070  24.38790 213.90400   3.33520
 Br        17.17890   5.23580   5.63770   3.98510   2.17230  16.57960   0.26090  41.43280   2.95570

 Neutron scattering factors:
   Symbol   isotope       mass       b       resonant terms
---------------------------------------------------------------------------------------------------
 Pb      Nat. Abund.    207.200    0.940
 Cs      Nat. Abund.    132.905    0.542
 Br      Nat. Abund.     79.904    0.679

 Space Group: R -3 c
 The lattice is centrosymmetric R-centered trigonal
 The Laue symmetry is 3m1
 The lattice point group is -3m
 Multiplicity of a general site is 36
 The inversion center is located at 0,0,0
 
 The equivalent positions are:

 (0,0,0; 2/3,1/3,1/3; 1/3,2/3,2/3)+

 ( 1)     X,     Y,     Z 
 ( 2)    -Y,   X-Y,     Z 
 ( 3)   Y-X,    -X,     Z 
 ( 4)   Y-X,     Y, 1/2+Z 
 ( 5)    -Y,    -X, 1/2+Z 
 ( 6)     X,   X-Y, 1/2+Z 

 Atoms:
   name    type  refine?   x         y         z      frac site sym  mult I/A   Uiso     U11     U22     U33     U12     U13     U23
---------------------------------------------------------------------------------------------------------------------------------------
    Pb1     Pb     XU   0.00000   0.00000   0.00000   1.000     -3    6    I-0.00101                                                
    Cs2     Cs     XU  -0.29010  -0.33330  -0.08330   1.000 2(100)   18    I-0.00108                                                
    Cs3     Cs     XU   0.00000   0.00000   0.25000   1.00032(100)    6    I 0.02980                                                
    Br4     Br     XU   0.02395  -0.16163  -0.09999   1.000      1   36    I 0.03358                                                

 Unit cell: a = 13.71371 b = 13.71371 c = 17.29844 alpha = 90.000 beta = 90.000 gamma = 120.000 volume = 2817.394 Refine? True

 Spherical harmonics texture: Order:0

 Phase: CsBr in histogram: PWDR YN33_20N_speed0.5_CsPbBr3_60min_20240617_200242_G01_S01.xye
=======================================================================================================================================
 Phase fraction  :    25.2340 Refine? True
 Extinction coeff:     0.0000 Refine? False
 March-Dollase PO:     1.0000 Refine? False Axis: 0 0 1

 Size model    : isotropic equatorial:       1.000 Refine? False
	 LG mixing coeff.:       1.0000 Refine? False

 Mustrain model:  uniaxial equatorial:      1000.0 Refine? False axial:      1000.0 Refine? True
	 LG mixing coeff.:      1.0000 Refine? True

 Hydrostatic/elastic strain:
 names :         D11          eA
 values:           0           0
 refine:       False       False

 Phase: PbBr2 in histogram: PWDR YN33_20N_speed0.5_CsPbBr3_60min_20240617_200242_G01_S01.xye
=======================================================================================================================================
 Phase fraction  :     9.9287 Refine? True
 Extinction coeff:     0.0000 Refine? False
 March-Dollase PO:     1.0000 Refine? False Axis: 0 0 1

 Size model    : isotropic equatorial:       1.000 Refine? False
	 LG mixing coeff.:       1.0000 Refine? False

 Mustrain model:  uniaxial equatorial:      1000.0 Refine? False axial:      1000.0 Refine? True
	 LG mixing coeff.:      1.0000 Refine? True

 Hydrostatic/elastic strain:
 names :         D11         D22         D33
 values:           0           0           0
 refine:       False       False       False

 Phase: CsPbBr3-Pbnm in histogram: PWDR YN33_20N_speed0.5_CsPbBr3_60min_20240617_200242_G01_S01.xye
=======================================================================================================================================
 Phase fraction  :     1.0148 Refine? True
 Extinction coeff:     0.0000 Refine? False
 March-Dollase PO:     1.0000 Refine? False Axis: 0 0 1

 Size model    : isotropic equatorial:       1.000 Refine? False
	 LG mixing coeff.:       1.0000 Refine? False

 Mustrain model:  uniaxial equatorial:      1000.0 Refine? False axial:      1000.0 Refine? True
	 LG mixing coeff.:      1.0000 Refine? True

 Hydrostatic/elastic strain:
 names :         D11         D22         D33
 values:           0           0           0
 refine:       False       False       False

 Phase: Cs4PbBr6-fit in histogram: PWDR YN33_20N_speed0.5_CsPbBr3_60min_20240617_200242_G01_S01.xye
=======================================================================================================================================
 Phase fraction  :     1.4275 Refine? True
 Extinction coeff:     0.0000 Refine? False
 March-Dollase PO:     1.0000 Refine? False Axis: 0 0 1

 Size model    : isotropic equatorial:       1.000 Refine? False
	 LG mixing coeff.:       1.0000 Refine? False

 Mustrain model:  uniaxial equatorial:      1000.0 Refine? False axial:      1000.0 Refine? True
	 LG mixing coeff.:      1.0000 Refine? True

 Hydrostatic/elastic strain:
 names :         D11         D33
 values:           0           0
 refine:       False       False

 Histogram: PWDR YN33_20N_speed0.5_CsPbBr3_60min_20240617_200242_G01_S01.xye histogram Id: 0
=======================================================================================================================================
 Instrument type: Bragg-Brentano
 Histogram limits:    10.00 deg to    50.00 deg

 Sample Parameters:
 Goniometer omega = 0.00, chi = 0.00, phi = 0.00
 name  :         Scale         Shift  Transparency    SurfRoughA    SurfRoughB
 value :        1.0000        0.0000        0.0000        0.0000        0.0877
 refine:         False         False         False         False          True

 Instrument Parameters:
 name  :     Azimuth        Bank I(L2)/I(L1)        Lam1        Lam2    Polariz.        SH/L
 value :    0.000000    1.000000    0.500000    1.540500    1.544300    0.700000    0.002000
 refine:                   False       False                               False       False

 name  :           U           V           W           X           Y           Z        Zero
 value :   70.049795 -344.989248  168.320738  -17.598438   68.287475    0.000000   -0.040222
 refine:        True        True        True        True        True       False        True

 Background function: log interpolate Refine? True
 Coefficients:    854.783   787.240   727.210   656.258   617.090   563.696   542.551   500.343   405.651   372.421   525.994
                  367.797   366.269   302.191   296.006   236.805

 Refinement results:
---------------------------------------------------------------------------------------------------------------------------------------
 Number of function calls: 16 No. of observations: 4001 No. of parameters: 74 User rejected: 0 Sp. gp. extinct: 0
 Refinement time =   36.716s,    9.179s/cycle, for 4 cycles
 wR =    6.31%, chi**2 =        14186, GOF =   1.90
----------------------------------------------------------------------------------------------------------------------------------
Parameters generated by constraints

 name  :          0::A0          3::A0
 value :        0.05426        0.00709
 sig   :        0.00001        0.00000

 Phases:
 Result for phase: CsBr
=======================================================================================================================================
 Reciprocal metric tensor: 
  names :            A11            A22            A33            A12            A13            A23
  values:    0.054264501    0.054264501    0.054264501    0.000000000    0.000000000    0.000000000
  esds  :    0.000006377                                                                           
 New unit cell:
  names :           a           b           c       alpha        beta       gamma      Volume
  values:    4.292814    4.292814    4.292814     90.0000     90.0000     90.0000      79.109
  esds  :    0.000252    0.000252    0.000252                                           0.014

 Atoms:
   name      x         y         z      frac   Uiso     U11     U22     U33     U12     U13     U23
---------------------------------------------------------------------------------------------------------------------------------------
     Br     Br:
 values:   0.50000   0.50000   0.50000   1.000 0.03307
 sig   :                                       0.00500
     Cs     Cs:
 values:   0.00000   0.00000   0.00000   1.000 0.02775
 sig   :                                       0.00427

 Density: 4.466970.4 g/cm**3
 Result for phase: PbBr2
=======================================================================================================================================
 Reciprocal metric tensor: 
  names :            A11            A22            A33            A12            A13            A23
  values:    0.015399881    0.044701392    0.010999986    0.000000000    0.000000000    0.000000000
  esds  :    0.000001308    0.000004211    0.000001052                                             
 New unit cell:
  names :           a           b           c       alpha        beta       gamma      Volume
  values:    8.058261    4.729764    9.534632     90.0000     90.0000     90.0000     363.400
  esds  :    0.000342    0.000223    0.000456                                           0.035

 Atoms:
   name      x         y         z      frac   Uiso     U11     U22     U33     U12     U13     U23
---------------------------------------------------------------------------------------------------------------------------------------
    Br1     Br:
 values:   0.01619   0.25000   0.66733   1.000 0.02120
 sig   :   0.00068             0.00050         0.00371
    Br2     Br:
 values:   0.14271   0.25000   0.07218   1.000-0.01045
 sig   :   0.00045             0.00063         0.00302
    Pb1     Pb:
 values:   0.23481   0.25000   0.41220   1.000 0.02582
 sig   :   0.00036             0.00027         0.00233

 Density: 6.708110.4 g/cm**3
 Result for phase: CsPbBr3-Pbnm
=======================================================================================================================================
 Reciprocal metric tensor: 
  names :            A11            A22            A33            A12            A13            A23
  values:    0.014884779    0.014706749    0.007240250    0.000000000    0.000000000    0.000000000
  esds  :    0.000007829    0.000008713    0.000003003                                             
 New unit cell:
  names :           a           b           c       alpha        beta       gamma      Volume
  values:    8.196507    8.245968   11.752310     90.0000     90.0000     90.0000     794.317
  esds  :    0.002156    0.002443    0.002437                                           0.206

 Atoms:
   name      x         y         z      frac   Uiso     U11     U22     U33     U12     U13     U23
---------------------------------------------------------------------------------------------------------------------------------------
    Cs1     Cs:
 values:   0.97087   0.99369   0.25000   1.000 0.03512
 sig   :   0.00593   0.00310                   0.01167
    Pb2     Pb:
 values:   0.50000   0.00000   0.00000   1.000 0.00287
 sig   :                                       0.00609
    Br3     Br:
 values:   0.02415   0.42384   0.25000   1.000-0.08158
 sig   :   0.00780   0.00514                   0.01391
    Br4     Br:
 values:   0.82530   0.21687   0.00609   1.000 0.02832
 sig   :   0.00353   0.00517   0.00612         0.01729

 Density: 4.848491.4 g/cm**3
 Result for phase: Cs4PbBr6-fit
=======================================================================================================================================
 Reciprocal metric tensor: 
  names :            A11            A22            A33            A12            A13            A23
  values:    0.007089713    0.007089713    0.003341832    0.007089713    0.000000000    0.000000000
  esds  :    0.000000793                   0.000000433                                             
 New unit cell:
  names :           a           b           c       alpha        beta       gamma      Volume
  values:   13.713712   13.713712   17.298469     90.0000     90.0000    120.0000    2817.399
  esds  :    0.001278    0.001278    0.001121                                           0.392

 Atoms:
   name      x         y         z      frac   Uiso     U11     U22     U33     U12     U13     U23
---------------------------------------------------------------------------------------------------------------------------------------
    Pb1     Pb:
 values:   0.00000   0.00000   0.00000   1.000-0.00068
 sig   :                                       0.00309
    Cs2     Cs:
 values:  -0.29016  -0.33330  -0.08330   1.000-0.00123
 sig   :   0.00079                             0.00328
    Cs3     Cs:
 values:   0.00000   0.00000   0.25000   1.000 0.03119
 sig   :                                       0.00394
    Br4     Br:
 values:   0.02371  -0.16174  -0.10007   1.000 0.03478
 sig   :   0.00083   0.00063   0.00050         0.00291

 Density: 4.308107.4 g/cm**3

 Phase: CsBr in histogram: PWDR YN33_20N_speed0.5_CsPbBr3_60min_20240617_200242_G01_S01.xye
=======================================================================================================================================
 Final refinement RF, RF^2 = 1.62%, 1.53% on 5 reflections
 Durbin-Watson statistic = 0.420
 Bragg intensity sum = 2.15e+05
 Phase fraction  :   25.24022, sig    0.63864 Weight fraction  :  0.16403, sig    0.00415

 Mustrain model:  uniaxial
 equatorial:      1000.0 axial:        27.1, sig:  3884.7 LG mix coeff.:      1.0743, sig:   7.397

 Phase: PbBr2 in histogram: PWDR YN33_20N_speed0.5_CsPbBr3_60min_20240617_200242_G01_S01.xye
=======================================================================================================================================
 Final refinement RF, RF^2 = 2.19%, 3.55% on 41 reflections
 Durbin-Watson statistic = 0.420
 Bragg intensity sum = 8.44e+05
 Phase fraction  :    9.92660, sig    0.21495 Weight fraction  :  0.44501, sig    0.00964

 Mustrain model:  uniaxial
 equatorial:      1000.0 axial:       726.8, sig:  1849.1 LG mix coeff.:      1.0064, sig:   7.346

 Phase: CsPbBr3-Pbnm in histogram: PWDR YN33_20N_speed0.5_CsPbBr3_60min_20240617_200242_G01_S01.xye
=======================================================================================================================================
 Final refinement RF, RF^2 = 3.60%, 3.65% on 77 reflections
 Durbin-Watson statistic = 0.420
 Bragg intensity sum = 1.57e+05
 Phase fraction  :    1.01663, sig    0.03979 Weight fraction  :  0.07200, sig    0.00282

 Mustrain model:  uniaxial
 equatorial:      1000.0 axial:       813.4, sig:  1582.7 LG mix coeff.:      0.9613, sig:   7.588

 Phase: Cs4PbBr6-fit in histogram: PWDR YN33_20N_speed0.5_CsPbBr3_60min_20240617_200242_G01_S01.xye
=======================================================================================================================================
 Final refinement RF, RF^2 = 2.79%, 5.41% on 55 reflections
 Durbin-Watson statistic = 0.420
 Bragg intensity sum = 5.89e+05
 Phase fraction  :    1.42892, sig    0.02969 Weight fraction  :  0.31896, sig    0.00663

 Mustrain model:  uniaxial
 equatorial:      1000.0 axial:       928.5, sig:   603.5 LG mix coeff.:      0.9635, sig:   7.477

 Histogram: PWDR YN33_20N_speed0.5_CsPbBr3_60min_20240617_200242_G01_S01.xye histogram Id: 0
=======================================================================================================================================
 PWDR histogram weight factor = 1.000
 Final refinement wR = 6.31% on 4001 observations in this histogram
 Other residuals: R = 4.90%, R-bkg = 4.91%, wR-bkg = 6.31% wRmin = 3.35%
 Instrument type: Bragg-Brentano

 Resonant form factors:(ref: D.T. Cromer & D.A. Liberman (1981), Acta Cryst. A37, 267-268.)
 Element:       Br       Cs       Pb
 f'     :   -0.679   -0.745   -4.078
 f"     :    1.281    7.902    8.501

 Sample Parameters:
 names :         Scale         Shift  Transparency    SurfRoughA    SurfRoughB
 values:        1.0000        0.0000        0.0000        0.0000        0.0877
 sig   :                                                                0.0037

 Instrument Parameters:
 names :           U           V           W           X           Y           Z        Zero
 value :   71.499381 -344.780303  168.277403  -17.603650   68.303571    0.000000   -0.040249
 sig   :  119.148470   72.778243   12.114160    1.350832   43.333653                0.001039

 Background function: log interpolate
 value :      854.7     787.5     725.4     655.8     617.1     563.8     542.2     500.5     405.4     372.6     527.2     367.7     366.4     302.2     295.6     235.1
 sig   :      9.558     6.792     9.106     5.447     5.474     4.683     4.857     9.102     5.991     3.805     11.91     3.674     4.363     7.449     6.685      7.25
 Background sums: empirical 1.75e+06, Debye 0, peaks 0, Total 1.75e+06
