********************************************************************************
   General Structure Analysis System-II Crystal Structure Refinement
              by Robert B. Von Dreele & Brian H. Toby
                Argonne National Laboratory(C), 2010
 This product includes software developed by the UChicago Argonne, LLC,
            as Operator of Argonne National Laboratory.
                          Please cite:
   B.H. Toby & R.B. Von Dreele, J. Appl. Cryst. 46, 544-549 (2013)
********************************************************************************
 Least squares controls:
 Refinement type: analytic Hessian
 Maximum number of cycles: 10
 Regularize hydrogens (if any): False
 Initial shift factor: 1.000

 Phases:

 Phase name: CsBr
=======================================================================================================================================

 X-ray scattering factors:
   Symbol     fa                                      fb                                      fc
---------------------------------------------------------------------------------------------------
 Br        17.17890   5.23580   5.63770   3.98510   2.17230  16.57960   0.26090  41.43280   2.95570
 Cs        20.38920  19.10620  10.66200   1.49530   3.56900   0.31070  24.38790 213.90400   3.33520

 Neutron scattering factors:
   Symbol   isotope       mass       b       resonant terms
---------------------------------------------------------------------------------------------------
 Br      Nat. Abund.     79.904    0.679
 Cs      Nat. Abund.    132.905    0.542

 Space Group: P m -3 m
 The lattice is centrosymmetric primitive cubic
 The Laue symmetry is m3m
 The lattice point group is m3m
 Multiplicity of a general site is 48
 The inversion center is located at 0,0,0
 
 The equivalent positions are:

 ( 1)     X,     Y,     Z 
 ( 2)     Z,     X,     Y 
 ( 3)     Y,     Z,     X 
 ( 4)     X,     Y,    -Z 
 ( 5)    -Z,     X,     Y 
 ( 6)     Y,    -Z,     X 
 ( 7)    -Z,     X,    -Y 
 ( 8)    -Y,    -Z,     X 
 ( 9)     Y,    -Z,    -X 
 (10)    -X,     Y,    -Z 
 (11)    -Z,    -X,     Y 
 (12)     X,    -Y,    -Z 
 (13)     Y,     X,     Z 
 (14)     Z,     Y,     X 
 (15)     X,     Z,     Y 
 (16)     Y,     X,    -Z 
 (17)    -Z,     Y,     X 
 (18)     X,    -Z,     Y 
 (19)    -Z,     Y,    -X 
 (20)    -X,    -Z,     Y 
 (21)     X,    -Z,    -Y 
 (22)    -Y,     X,    -Z 
 (23)    -Z,    -Y,     X 
 (24)     Y,    -X,    -Z 

 Atoms:
   name    type  refine?   x         y         z      frac site sym  mult I/A   Uiso     U11     U22     U33     U12     U13     U23
---------------------------------------------------------------------------------------------------------------------------------------
     Br     Br     XU   0.50000   0.50000   0.50000   1.000    m3m    1    I 0.06286                                                
     Cs     Cs     XU   0.00000   0.00000   0.00000   1.000    m3m    1    I-0.01560                                                

 Unit cell: a = 4.28449 b = 4.28449 c = 4.28449 alpha = 90.000 beta = 90.000 gamma = 90.000 volume = 78.650 Refine? True

 Spherical harmonics texture: Order:0

 Phase name: PbBr2
=======================================================================================================================================

 X-ray scattering factors:
   Symbol     fa                                      fb                                      fc
---------------------------------------------------------------------------------------------------
 Br        17.17890   5.23580   5.63770   3.98510   2.17230  16.57960   0.26090  41.43280   2.95570
 Pb        31.06170  13.06370  18.44200   5.96960   0.69020   2.35760   8.61800  47.25790  13.41180

 Neutron scattering factors:
   Symbol   isotope       mass       b       resonant terms
---------------------------------------------------------------------------------------------------
 Br      Nat. Abund.     79.904    0.679
 Pb      Nat. Abund.    207.200    0.940

 Space Group: P n m a
 The lattice is centrosymmetric primitive orthorhombic
 The Laue symmetry is mmm
 The lattice point group is mmm
 Multiplicity of a general site is 8
 The inversion center is located at 0,0,0
 
 The equivalent positions are:

 ( 1)     X,     Y,     Z 
 ( 2) 1/2-X, 1/2+Y, 1/2+Z 
 ( 3)     X, 1/2-Y,     Z 
 ( 4) 1/2-X,    -Y, 1/2+Z 

 Atoms:
   name    type  refine?   x         y         z      frac site sym  mult I/A   Uiso     U11     U22     U33     U12     U13     U23
---------------------------------------------------------------------------------------------------------------------------------------
    Br1     Br     XU   0.01906   0.25000   0.66297   1.000   m(y)    4    I 0.00928                                                
    Br2     Br     XU   0.14307   0.25000   0.07531   1.000   m(y)    4    I-0.00596                                                
    Pb1     Pb     XU   0.23944   0.25000   0.40803   1.000   m(y)    4    I 0.01829                                                

 Unit cell: a = 8.04287 b = 4.72297 c = 9.51774 alpha = 90.000 beta = 90.000 gamma = 90.000 volume = 361.544 Refine? True

 Spherical harmonics texture: Order:0

 Phase name: CsPbBr3-Pbnm
=======================================================================================================================================

 X-ray scattering factors:
   Symbol     fa                                      fb                                      fc
---------------------------------------------------------------------------------------------------
 Cs        20.38920  19.10620  10.66200   1.49530   3.56900   0.31070  24.38790 213.90400   3.33520
 Pb        31.06170  13.06370  18.44200   5.96960   0.69020   2.35760   8.61800  47.25790  13.41180
 Br        17.17890   5.23580   5.63770   3.98510   2.17230  16.57960   0.26090  41.43280   2.95570

 Neutron scattering factors:
   Symbol   isotope       mass       b       resonant terms
---------------------------------------------------------------------------------------------------
 Cs      Nat. Abund.    132.905    0.542
 Pb      Nat. Abund.    207.200    0.940
 Br      Nat. Abund.     79.904    0.679

 Space Group: P b n m
 The lattice is centrosymmetric primitive orthorhombic
 The Laue symmetry is mmm
 The lattice point group is mmm
 Multiplicity of a general site is 8
 The inversion center is located at 0,0,0
 
 The equivalent positions are:

 ( 1)     X,     Y,     Z 
 ( 2) 1/2-X, 1/2+Y,     Z 
 ( 3) 1/2+X, 1/2-Y, 1/2+Z 
 ( 4)    -X,    -Y, 1/2+Z 

 Atoms:
   name    type  refine?   x         y         z      frac site sym  mult I/A   Uiso     U11     U22     U33     U12     U13     U23
---------------------------------------------------------------------------------------------------------------------------------------
    Cs1     Cs     XU   0.98116   0.97586   0.25000   1.000   m(z)    4    I 0.06600                                                
    Pb2     Pb     XU   0.50000   0.00000   0.00000   1.000     -1    4    I 0.01511                                                
    Br3     Br     XU   0.02776   0.52510   0.25000   1.000   m(z)    4    I 0.07267                                                
    Br4     Br     XU   0.80162   0.21394   0.01613   1.000      1    8    I 0.04748                                                

 Unit cell: a = 8.19702 b = 8.23101 c = 11.73805 alpha = 90.000 beta = 90.000 gamma = 90.000 volume = 791.964 Refine? True

 Spherical harmonics texture: Order:0

 Phase name: Cs4PbBr6-fit
=======================================================================================================================================

 X-ray scattering factors:
   Symbol     fa                                      fb                                      fc
---------------------------------------------------------------------------------------------------
 Pb        31.06170  13.06370  18.44200   5.96960   0.69020   2.35760   8.61800  47.25790  13.41180
 Cs        20.38920  19.10620  10.66200   1.49530   3.56900   0.31070  24.38790 213.90400   3.33520
 Br        17.17890   5.23580   5.63770   3.98510   2.17230  16.57960   0.26090  41.43280   2.95570

 Neutron scattering factors:
   Symbol   isotope       mass       b       resonant terms
---------------------------------------------------------------------------------------------------
 Pb      Nat. Abund.    207.200    0.940
 Cs      Nat. Abund.    132.905    0.542
 Br      Nat. Abund.     79.904    0.679

 Space Group: R -3 c
 The lattice is centrosymmetric R-centered trigonal
 The Laue symmetry is 3m1
 The lattice point group is -3m
 Multiplicity of a general site is 36
 The inversion center is located at 0,0,0
 
 The equivalent positions are:

 (0,0,0; 2/3,1/3,1/3; 1/3,2/3,2/3)+

 ( 1)     X,     Y,     Z 
 ( 2)    -Y,   X-Y,     Z 
 ( 3)   Y-X,    -X,     Z 
 ( 4)   Y-X,     Y, 1/2+Z 
 ( 5)    -Y,    -X, 1/2+Z 
 ( 6)     X,   X-Y, 1/2+Z 

 Atoms:
   name    type  refine?   x         y         z      frac site sym  mult I/A   Uiso     U11     U22     U33     U12     U13     U23
---------------------------------------------------------------------------------------------------------------------------------------
    Pb1     Pb     XU   0.00000   0.00000   0.00000   1.000     -3    6    I 0.00094                                                
    Cs2     Cs     XU  -0.28985  -0.33330  -0.08330   1.000 2(100)   18    I 0.00409                                                
    Cs3     Cs     XU   0.00000   0.00000   0.25000   1.00032(100)    6    I 0.03949                                                
    Br4     Br     XU   0.02721  -0.16312  -0.10035   1.000      1   36    I 0.02622                                                

 Unit cell: a = 13.69276 b = 13.69276 c = 17.27239 alpha = 90.000 beta = 90.000 gamma = 120.000 volume = 2804.564 Refine? True

 Spherical harmonics texture: Order:0

 Phase: CsBr in histogram: PWDR YN33_20N_speed0.5_CsPbBr3_150min_20240617_213919_G01_S01.xye
=======================================================================================================================================
 Phase fraction  :     1.2365 Refine? True
 Extinction coeff:     0.0000 Refine? False
 March-Dollase PO:     1.0000 Refine? False Axis: 0 0 1

 Size model    : isotropic equatorial:       1.000 Refine? False
	 LG mixing coeff.:       1.0000 Refine? False

 Mustrain model:  uniaxial equatorial:      1000.0 Refine? False axial:      1000.0 Refine? True
	 LG mixing coeff.:      1.0000 Refine? True

 Hydrostatic/elastic strain:
 names :         D11          eA
 values:           0           0
 refine:       False       False

 Phase: PbBr2 in histogram: PWDR YN33_20N_speed0.5_CsPbBr3_150min_20240617_213919_G01_S01.xye
=======================================================================================================================================
 Phase fraction  :     6.6320 Refine? True
 Extinction coeff:     0.0000 Refine? False
 March-Dollase PO:     1.0000 Refine? False Axis: 0 0 1

 Size model    : isotropic equatorial:       1.000 Refine? False
	 LG mixing coeff.:       1.0000 Refine? False

 Mustrain model:  uniaxial equatorial:      1000.0 Refine? False axial:      1000.0 Refine? True
	 LG mixing coeff.:      1.0000 Refine? True

 Hydrostatic/elastic strain:
 names :         D11         D22         D33
 values:           0           0           0
 refine:       False       False       False

 Phase: CsPbBr3-Pbnm in histogram: PWDR YN33_20N_speed0.5_CsPbBr3_150min_20240617_213919_G01_S01.xye
=======================================================================================================================================
 Phase fraction  :     2.4011 Refine? True
 Extinction coeff:     0.0000 Refine? False
 March-Dollase PO:     1.0000 Refine? False Axis: 0 0 1

 Size model    : isotropic equatorial:       1.000 Refine? False
	 LG mixing coeff.:       1.0000 Refine? False

 Mustrain model:  uniaxial equatorial:      1000.0 Refine? False axial:      1000.0 Refine? True
	 LG mixing coeff.:      1.0000 Refine? True

 Hydrostatic/elastic strain:
 names :         D11         D22         D33
 values:           0           0           0
 refine:       False       False       False

 Phase: Cs4PbBr6-fit in histogram: PWDR YN33_20N_speed0.5_CsPbBr3_150min_20240617_213919_G01_S01.xye
=======================================================================================================================================
 Phase fraction  :     1.8028 Refine? True
 Extinction coeff:     0.0000 Refine? False
 March-Dollase PO:     1.0000 Refine? False Axis: 0 0 1

 Size model    : isotropic equatorial:       1.000 Refine? False
	 LG mixing coeff.:       1.0000 Refine? False

 Mustrain model:  uniaxial equatorial:      1000.0 Refine? False axial:      1000.0 Refine? True
	 LG mixing coeff.:      1.0000 Refine? True

 Hydrostatic/elastic strain:
 names :         D11         D33
 values:           0           0
 refine:       False       False

 Histogram: PWDR YN33_20N_speed0.5_CsPbBr3_150min_20240617_213919_G01_S01.xye histogram Id: 0
=======================================================================================================================================
 Instrument type: Bragg-Brentano
 Histogram limits:    10.00 deg to    50.00 deg

 Sample Parameters:
 Goniometer omega = 0.00, chi = 0.00, phi = 0.00
 name  :         Scale         Shift  Transparency    SurfRoughA    SurfRoughB
 value :        1.0000        0.0000        0.0000        0.0000        0.1014
 refine:         False         False         False         False          True

 Instrument Parameters:
 name  :     Azimuth        Bank I(L2)/I(L1)        Lam1        Lam2    Polariz.        SH/L
 value :    0.000000    1.000000    0.500000    1.540500    1.544300    0.700000    0.035487
 refine:                   False       False                               False        True

 name  :           U           V           W           X           Y           Z        Zero
 value : -973.199639   -2.000000  207.224021  -22.333099   82.910992    0.000000    0.016104
 refine:        True       False        True        True        True       False        True

 Background function: log interpolate Refine? True
 Coefficients:    808.452   713.133   630.076   549.425   497.543   392.459   362.010   400.190   306.952   307.235   250.222
               

 Refinement results:
---------------------------------------------------------------------------------------------------------------------------------------
 Number of function calls: 13 No. of observations: 4001 No. of parameters: 69 User rejected: 0 Sp. gp. extinct: 0
 Refinement time =   95.636s,   31.879s/cycle, for 3 cycles
 wR =    7.07%, chi**2 =      16057.6, GOF =   2.02
----------------------------------------------------------------------------------------------------------------------------------
Parameters generated by constraints

 name  :          0::A0          3::A0
 value :        0.05444        0.00711
 sig   :        0.00007        0.00000

 Phases:
 Result for phase: CsBr
=======================================================================================================================================
 Reciprocal metric tensor: 
  names :            A11            A22            A33            A12            A13            A23
  values:    0.054435164    0.054435164    0.054435164    0.000000000    0.000000000    0.000000000
  esds  :    0.000072548                                                                           
 New unit cell:
  names :           a           b           c       alpha        beta       gamma      Volume
  values:    4.286080    4.286080    4.286080     90.0000     90.0000     90.0000      78.737
  esds  :    0.002856    0.002856    0.002856                                           0.157

 Atoms:
   name      x         y         z      frac   Uiso     U11     U22     U33     U12     U13     U23
---------------------------------------------------------------------------------------------------------------------------------------
     Br     Br:
 values:   0.50000   0.50000   0.50000   1.000-0.00293
 sig   :                                       0.07309
     Cs     Cs:
 values:   0.00000   0.00000   0.00000   1.000-0.03866
 sig   :                                       0.05392

 Density: 4.488060.4 g/cm**3
 Result for phase: PbBr2
=======================================================================================================================================
 Reciprocal metric tensor: 
  names :            A11            A22            A33            A12            A13            A23
  values:    0.015461081    0.044830719    0.011039222    0.000000000    0.000000000    0.000000000
  esds  :    0.000002382    0.000007617    0.000001958                                             
 New unit cell:
  names :           a           b           c       alpha        beta       gamma      Volume
  values:    8.042296    4.722937    9.517673     90.0000     90.0000     90.0000     361.512
  esds  :    0.000619    0.000401    0.000844                                           0.060

 Atoms:
   name      x         y         z      frac   Uiso     U11     U22     U33     U12     U13     U23
---------------------------------------------------------------------------------------------------------------------------------------
    Br1     Br:
 values:   0.01921   0.25000   0.66335   1.000 0.01475
 sig   :   0.00118             0.00074         0.00534
    Br2     Br:
 values:   0.14415   0.25000   0.07448   1.000 0.00045
 sig   :   0.00080             0.00101         0.00454
    Pb1     Pb:
 values:   0.23972   0.25000   0.40838   1.000 0.02366
 sig   :   0.00068             0.00038         0.00306

 Density: 6.743136.4 g/cm**3
 Result for phase: CsPbBr3-Pbnm
=======================================================================================================================================
 Reciprocal metric tensor: 
  names :            A11            A22            A33            A12            A13            A23
  values:    0.014894267    0.014758979    0.007258980    0.000000000    0.000000000    0.000000000
  esds  :    0.000004786    0.000004655    0.000001783                                             
 New unit cell:
  names :           a           b           c       alpha        beta       gamma      Volume
  values:    8.193896    8.231365   11.737138     90.0000     90.0000     90.0000     791.634
  esds  :    0.001316    0.001298    0.001442                                           0.165

 Atoms:
   name      x         y         z      frac   Uiso     U11     U22     U33     U12     U13     U23
---------------------------------------------------------------------------------------------------------------------------------------
    Cs1     Cs:
 values:   0.97694   0.97769   0.25000   1.000 0.07202
 sig   :   0.00391   0.00463                   0.00814
    Pb2     Pb:
 values:   0.50000   0.00000   0.00000   1.000 0.01891
 sig   :                                       0.00375
    Br3     Br:
 values:   0.02216   0.52970   0.25000   1.000 0.08499
 sig   :   0.00736   0.00843                   0.01422
    Br4     Br:
 values:   0.80008   0.20972   0.01654   1.000 0.04324
 sig   :   0.00332   0.00413   0.00309         0.00875

 Density: 4.864922.4 g/cm**3
 Result for phase: Cs4PbBr6-fit
=======================================================================================================================================
 Reciprocal metric tensor: 
  names :            A11            A22            A33            A12            A13            A23
  values:    0.007111220    0.007111220    0.003351965    0.007111220    0.000000000    0.000000000
  esds  :    0.000001105                   0.000000552                                             
 New unit cell:
  names :           a           b           c       alpha        beta       gamma      Volume
  values:   13.692959   13.692959   17.272303     90.0000     90.0000    120.0000    2804.630
  esds  :    0.001773    0.001773    0.001423                                           0.575

 Atoms:
   name      x         y         z      frac   Uiso     U11     U22     U33     U12     U13     U23
---------------------------------------------------------------------------------------------------------------------------------------
    Pb1     Pb:
 values:   0.00000   0.00000   0.00000   1.000 0.00144
 sig   :                                       0.00310
    Cs2     Cs:
 values:  -0.29144  -0.33330  -0.08330   1.000 0.00264
 sig   :   0.00078                             0.00308
    Cs3     Cs:
 values:   0.00000   0.00000   0.25000   1.000 0.03933
 sig   :                                       0.00404
    Br4     Br:
 values:   0.02806  -0.16429  -0.09975   1.000 0.03308
 sig   :   0.00075   0.00068   0.00051         0.00266

 Density: 4.327722.4 g/cm**3

 Phase: CsBr in histogram: PWDR YN33_20N_speed0.5_CsPbBr3_150min_20240617_213919_G01_S01.xye
=======================================================================================================================================
 Final refinement RF, RF^2 = 8.87%, 20.73% on 5 reflections
 Durbin-Watson statistic = 0.383
 Bragg intensity sum = 1.58e+04
 Phase fraction  :    1.41041, sig    0.35769 Weight fraction  :  0.01029, sig    0.00261

 Mustrain model:  uniaxial
 equatorial:      1000.0 axial:   -197520.7, sig:38767976468.6 LG mix coeff.:     -7.0008, sig:   1.719

 Phase: PbBr2 in histogram: PWDR YN33_20N_speed0.5_CsPbBr3_150min_20240617_213919_G01_S01.xye
=======================================================================================================================================
 Final refinement RF, RF^2 = 1.92%, 2.52% on 41 reflections
 Durbin-Watson statistic = 0.383
 Bragg intensity sum = 5.57e+05
 Phase fraction  :    6.80139, sig    0.15507 Weight fraction  :  0.34230, sig    0.00780

 Mustrain model:  uniaxial
 equatorial:      1000.0 axial:        95.8, sig:    34.5 LG mix coeff.:      3.7107, sig:   0.417

 Phase: CsPbBr3-Pbnm in histogram: PWDR YN33_20N_speed0.5_CsPbBr3_150min_20240617_213919_G01_S01.xye
=======================================================================================================================================
 Final refinement RF, RF^2 = 2.74%, 3.19% on 76 reflections
 Durbin-Watson statistic = 0.383
 Bragg intensity sum = 2.99e+05
 Phase fraction  :    2.45961, sig    0.06692 Weight fraction  :  0.19557, sig    0.00532

 Mustrain model:  uniaxial
 equatorial:      1000.0 axial:       -76.6, sig:   217.2 LG mix coeff.:      1.1954, sig:   0.511

 Phase: Cs4PbBr6-fit in histogram: PWDR YN33_20N_speed0.5_CsPbBr3_150min_20240617_213919_G01_S01.xye
=======================================================================================================================================
 Final refinement RF, RF^2 = 2.28%, 3.65% on 55 reflections
 Durbin-Watson statistic = 0.383
 Bragg intensity sum = 6.94e+05
 Phase fraction  :    1.80310, sig    0.03380 Weight fraction  :  0.45184, sig    0.00847

 Mustrain model:  uniaxial
 equatorial:      1000.0 axial:       768.3, sig:   304.2 LG mix coeff.:      0.9318, sig:   0.371

 Histogram: PWDR YN33_20N_speed0.5_CsPbBr3_150min_20240617_213919_G01_S01.xye histogram Id: 0
=======================================================================================================================================
 PWDR histogram weight factor = 1.000
 Final refinement wR = 7.07% on 4001 observations in this histogram
 Other residuals: R = 5.47%, R-bkg = 5.39%, wR-bkg = 7.07% wRmin = 3.53%
 Instrument type: Bragg-Brentano

 Resonant form factors:(ref: D.T. Cromer & D.A. Liberman (1981), Acta Cryst. A37, 267-268.)
 Element:       Br       Cs       Pb
 f'     :   -0.679   -0.745   -4.078
 f"     :    1.281    7.902    8.501

 Sample Parameters:
 names :         Scale         Shift  Transparency    SurfRoughA    SurfRoughB
 values:        1.0000        0.0000        0.0000        0.0000        0.1028
 sig   :                                                                0.0032

 Instrument Parameters:
 names :        Bank I(L2)/I(L1)    Polariz.        SH/L
 value :    1.000000    0.500000    0.700000    0.035350
 sig   :                                        0.003136

 Instrument Parameters:
 names :           U           V           W           X           Y           Z        Zero
 value : -952.745998   -2.000000  206.627709  -22.306899   82.502345    0.000000    0.015370
 sig   :   36.449203                5.192109    1.183177    4.038523                0.002650

 Background function: log interpolate
 value :      808.3     714.4     631.5     548.8     496.7     391.1     363.9     399.7     310.3     307.9     263.9
 sig   :      7.947     5.893     5.154     4.106     3.999     6.406     3.889     5.394      4.36     7.828     7.533
 Background sums: empirical 1.63e+06, Debye 0, peaks 0, Total 1.63e+06
