********************************************************************************
   General Structure Analysis System-II Crystal Structure Refinement
              by Robert B. Von Dreele & Brian H. Toby
                Argonne National Laboratory(C), 2010
 This product includes software developed by the UChicago Argonne, LLC,
            as Operator of Argonne National Laboratory.
                          Please cite:
   B.H. Toby & R.B. Von Dreele, J. Appl. Cryst. 46, 544-549 (2013)
********************************************************************************
 Least squares controls:
 Refinement type: analytic Hessian
 Maximum number of cycles: 10
 Regularize hydrogens (if any): False
 Initial shift factor: 1.000

 Phases:

 Phase name: CsBr
=======================================================================================================================================

 X-ray scattering factors:
   Symbol     fa                                      fb                                      fc
---------------------------------------------------------------------------------------------------
 Br        17.17890   5.23580   5.63770   3.98510   2.17230  16.57960   0.26090  41.43280   2.95570
 Cs        20.38920  19.10620  10.66200   1.49530   3.56900   0.31070  24.38790 213.90400   3.33520

 Neutron scattering factors:
   Symbol   isotope       mass       b       resonant terms
---------------------------------------------------------------------------------------------------
 Br      Nat. Abund.     79.904    0.679
 Cs      Nat. Abund.    132.905    0.542

 Space Group: P m -3 m
 The lattice is centrosymmetric primitive cubic
 The Laue symmetry is m3m
 The lattice point group is m3m
 Multiplicity of a general site is 48
 The inversion center is located at 0,0,0
 
 The equivalent positions are:

 ( 1)     X,     Y,     Z 
 ( 2)     Z,     X,     Y 
 ( 3)     Y,     Z,     X 
 ( 4)     X,     Y,    -Z 
 ( 5)    -Z,     X,     Y 
 ( 6)     Y,    -Z,     X 
 ( 7)    -Z,     X,    -Y 
 ( 8)    -Y,    -Z,     X 
 ( 9)     Y,    -Z,    -X 
 (10)    -X,     Y,    -Z 
 (11)    -Z,    -X,     Y 
 (12)     X,    -Y,    -Z 
 (13)     Y,     X,     Z 
 (14)     Z,     Y,     X 
 (15)     X,     Z,     Y 
 (16)     Y,     X,    -Z 
 (17)    -Z,     Y,     X 
 (18)     X,    -Z,     Y 
 (19)    -Z,     Y,    -X 
 (20)    -X,    -Z,     Y 
 (21)     X,    -Z,    -Y 
 (22)    -Y,     X,    -Z 
 (23)    -Z,    -Y,     X 
 (24)     Y,    -X,    -Z 

 Atoms:
   name    type  refine?   x         y         z      frac site sym  mult I/A   Uiso     U11     U22     U33     U12     U13     U23
---------------------------------------------------------------------------------------------------------------------------------------
     Br     Br     XU   0.50000   0.50000   0.50000   1.000    m3m    1    I 0.01390                                                
     Cs     Cs     XU   0.00000   0.00000   0.00000   1.000    m3m    1    I 0.01507                                                

 Unit cell: a = 4.29445 b = 4.29445 c = 4.29445 alpha = 90.000 beta = 90.000 gamma = 90.000 volume = 79.199 Refine? True

 Spherical harmonics texture: Order:0

 Phase name: PbBr2
=======================================================================================================================================

 X-ray scattering factors:
   Symbol     fa                                      fb                                      fc
---------------------------------------------------------------------------------------------------
 Br        17.17890   5.23580   5.63770   3.98510   2.17230  16.57960   0.26090  41.43280   2.95570
 Pb        31.06170  13.06370  18.44200   5.96960   0.69020   2.35760   8.61800  47.25790  13.41180

 Neutron scattering factors:
   Symbol   isotope       mass       b       resonant terms
---------------------------------------------------------------------------------------------------
 Br      Nat. Abund.     79.904    0.679
 Pb      Nat. Abund.    207.200    0.940

 Space Group: P n m a
 The lattice is centrosymmetric primitive orthorhombic
 The Laue symmetry is mmm
 The lattice point group is mmm
 Multiplicity of a general site is 8
 The inversion center is located at 0,0,0
 
 The equivalent positions are:

 ( 1)     X,     Y,     Z 
 ( 2) 1/2-X, 1/2+Y, 1/2+Z 
 ( 3)     X, 1/2-Y,     Z 
 ( 4) 1/2-X,    -Y, 1/2+Z 

 Atoms:
   name    type  refine?   x         y         z      frac site sym  mult I/A   Uiso     U11     U22     U33     U12     U13     U23
---------------------------------------------------------------------------------------------------------------------------------------
    Br1     Br     XU   0.01297   0.25000   0.66277   1.000   m(y)    4    I 0.03053                                                
    Br2     Br     XU   0.13612   0.25000   0.07337   1.000   m(y)    4    I 0.01656                                                
    Pb1     Pb     XU   0.23271   0.25000   0.41361   1.000   m(y)    4    I 0.02165                                                

 Unit cell: a = 8.06130 b = 4.73222 c = 9.53748 alpha = 90.000 beta = 90.000 gamma = 90.000 volume = 363.834 Refine? True

 Spherical harmonics texture: Order:0

 Phase name: CsPbBr3-Pbnm
=======================================================================================================================================

 X-ray scattering factors:
   Symbol     fa                                      fb                                      fc
---------------------------------------------------------------------------------------------------
 Cs        20.38920  19.10620  10.66200   1.49530   3.56900   0.31070  24.38790 213.90400   3.33520
 Pb        31.06170  13.06370  18.44200   5.96960   0.69020   2.35760   8.61800  47.25790  13.41180
 Br        17.17890   5.23580   5.63770   3.98510   2.17230  16.57960   0.26090  41.43280   2.95570

 Neutron scattering factors:
   Symbol   isotope       mass       b       resonant terms
---------------------------------------------------------------------------------------------------
 Cs      Nat. Abund.    132.905    0.542
 Pb      Nat. Abund.    207.200    0.940
 Br      Nat. Abund.     79.904    0.679

 Space Group: P b n m
 The lattice is centrosymmetric primitive orthorhombic
 The Laue symmetry is mmm
 The lattice point group is mmm
 Multiplicity of a general site is 8
 The inversion center is located at 0,0,0
 
 The equivalent positions are:

 ( 1)     X,     Y,     Z 
 ( 2) 1/2-X, 1/2+Y,     Z 
 ( 3) 1/2+X, 1/2-Y, 1/2+Z 
 ( 4)    -X,    -Y, 1/2+Z 

 Atoms:
   name    type  refine?   x         y         z      frac site sym  mult I/A   Uiso     U11     U22     U33     U12     U13     U23
---------------------------------------------------------------------------------------------------------------------------------------
    Cs1     Cs     XU   0.99623   0.99240   0.25000   1.000   m(z)    4    I-0.10089                                                
    Pb2     Pb     XU   0.50000   0.00000   0.00000   1.000     -1    4    I-0.02422                                                
    Br3     Br     XU   0.10963   0.46026   0.25000   1.000   m(z)    4    I-0.28744                                                
    Br4     Br     XU   0.83879   0.14511   0.00970   1.000      1    8    I-0.14316                                                

 Unit cell: a = 8.26533 b = 8.23626 c = 11.70513 alpha = 90.000 beta = 90.000 gamma = 90.000 volume = 796.832 Refine? True

 Spherical harmonics texture: Order:0

 Phase name: Cs4PbBr6-fit
=======================================================================================================================================

 X-ray scattering factors:
   Symbol     fa                                      fb                                      fc
---------------------------------------------------------------------------------------------------
 Pb        31.06170  13.06370  18.44200   5.96960   0.69020   2.35760   8.61800  47.25790  13.41180
 Cs        20.38920  19.10620  10.66200   1.49530   3.56900   0.31070  24.38790 213.90400   3.33520
 Br        17.17890   5.23580   5.63770   3.98510   2.17230  16.57960   0.26090  41.43280   2.95570

 Neutron scattering factors:
   Symbol   isotope       mass       b       resonant terms
---------------------------------------------------------------------------------------------------
 Pb      Nat. Abund.    207.200    0.940
 Cs      Nat. Abund.    132.905    0.542
 Br      Nat. Abund.     79.904    0.679

 Space Group: R -3 c
 The lattice is centrosymmetric R-centered trigonal
 The Laue symmetry is 3m1
 The lattice point group is -3m
 Multiplicity of a general site is 36
 The inversion center is located at 0,0,0
 
 The equivalent positions are:

 (0,0,0; 2/3,1/3,1/3; 1/3,2/3,2/3)+

 ( 1)     X,     Y,     Z 
 ( 2)    -Y,   X-Y,     Z 
 ( 3)   Y-X,    -X,     Z 
 ( 4)   Y-X,     Y, 1/2+Z 
 ( 5)    -Y,    -X, 1/2+Z 
 ( 6)     X,   X-Y, 1/2+Z 

 Atoms:
   name    type  refine?   x         y         z      frac site sym  mult I/A   Uiso     U11     U22     U33     U12     U13     U23
---------------------------------------------------------------------------------------------------------------------------------------
    Pb1     Pb     XU   0.00000   0.00000   0.00000   1.000     -3    6    I 0.21424                                                
    Cs2     Cs     XU  -0.28516  -0.33330  -0.08330   1.000 2(100)   18    I 0.07184                                                
    Cs3     Cs     XU   0.00000   0.00000   0.25000   1.00032(100)    6    I 0.02225                                                
    Br4     Br     XU  -0.02224  -0.19316  -0.10895   1.000      1   36    I 0.03702                                                

 Unit cell: a = 13.71422 b = 13.71422 c = 17.30092 alpha = 90.000 beta = 90.000 gamma = 120.000 volume = 2818.006 Refine? True

 Spherical harmonics texture: Order:0

 Phase: CsBr in histogram: PWDR YN33_20N_speed0.5_CsPbBr3_15min_20240617_185154_G01_S01.xye
=======================================================================================================================================
 Phase fraction  :    39.6342 Refine? True
 Extinction coeff:     0.0000 Refine? False
 March-Dollase PO:     1.0000 Refine? False Axis: 0 0 1

 Size model    : isotropic equatorial:       1.000 Refine? False
	 LG mixing coeff.:       1.0000 Refine? False

 Mustrain model:  uniaxial equatorial:      1000.0 Refine? False axial:      1000.0 Refine? True
	 LG mixing coeff.:      1.0000 Refine? True

 Hydrostatic/elastic strain:
 names :         D11          eA
 values:           0           0
 refine:       False       False

 Phase: PbBr2 in histogram: PWDR YN33_20N_speed0.5_CsPbBr3_15min_20240617_185154_G01_S01.xye
=======================================================================================================================================
 Phase fraction  :     7.4456 Refine? True
 Extinction coeff:     0.0000 Refine? False
 March-Dollase PO:     1.0000 Refine? False Axis: 0 0 1

 Size model    : isotropic equatorial:       1.000 Refine? False
	 LG mixing coeff.:       1.0000 Refine? False

 Mustrain model:  uniaxial equatorial:      1000.0 Refine? False axial:      1000.0 Refine? True
	 LG mixing coeff.:      1.0000 Refine? True

 Hydrostatic/elastic strain:
 names :         D11         D22         D33
 values:           0           0           0
 refine:       False       False       False

 Phase: CsPbBr3-Pbnm in histogram: PWDR YN33_20N_speed0.5_CsPbBr3_15min_20240617_185154_G01_S01.xye
=======================================================================================================================================
 Phase fraction  :     0.2580 Refine? True
 Extinction coeff:     0.0000 Refine? False
 March-Dollase PO:     1.0000 Refine? False Axis: 0 0 1

 Size model    : isotropic equatorial:       1.000 Refine? False
	 LG mixing coeff.:       1.0000 Refine? False

 Mustrain model:  uniaxial equatorial:      1000.0 Refine? False axial:      1000.0 Refine? True
	 LG mixing coeff.:      1.0000 Refine? True

 Hydrostatic/elastic strain:
 names :         D11         D22         D33
 values:           0           0           0
 refine:       False       False       False

 Phase: Cs4PbBr6-fit in histogram: PWDR YN33_20N_speed0.5_CsPbBr3_15min_20240617_185154_G01_S01.xye
=======================================================================================================================================
 Phase fraction  :     0.1430 Refine? True
 Extinction coeff:     0.0000 Refine? False
 March-Dollase PO:     1.0000 Refine? False Axis: 0 0 1

 Size model    : isotropic equatorial:       1.000 Refine? False
	 LG mixing coeff.:       1.0000 Refine? False

 Mustrain model:  uniaxial equatorial:      1000.0 Refine? False axial:      1000.0 Refine? True
	 LG mixing coeff.:      1.0000 Refine? True

 Hydrostatic/elastic strain:
 names :         D11         D33
 values:           0           0
 refine:       False       False

 Histogram: PWDR YN33_20N_speed0.5_CsPbBr3_15min_20240617_185154_G01_S01.xye histogram Id: 0
=======================================================================================================================================
 Instrument type: Bragg-Brentano
 Histogram limits:    10.00 deg to    50.00 deg

 Sample Parameters:
 Goniometer omega = 0.00, chi = 0.00, phi = 0.00
 name  :         Scale         Shift  Transparency    SurfRoughA    SurfRoughB
 value :        1.0000       51.7126        0.0000        0.0000        0.0000
 refine:         False          True         False         False         False

 Instrument Parameters:
 name  :     Azimuth        Bank I(L2)/I(L1)        Lam1        Lam2    Polariz.        SH/L
 value :    0.000000    1.000000    0.500000    1.540500    1.544300    0.700000    0.002000
 refine:                   False       False                               False       False

 name  :           U           V           W           X           Y           Z        Zero
 value :    2.000000   -2.000000   37.678004   -0.828881   13.334123    0.000000    0.000000
 refine:       False       False        True        True        True       False       False

 Background function: log interpolate Refine? True
 Coefficients:    847.490   744.334   659.322   571.591   468.557   305.524   380.099   315.297   283.593   259.745

 Refinement results:
---------------------------------------------------------------------------------------------------------------------------------------
 Number of function calls: 31 No. of observations: 4001 No. of parameters: 65 User rejected: 0 Sp. gp. extinct: 0
 Refinement time =   26.234s,    2.915s/cycle, for 9 cycles
 wR =    9.54%, chi**2 =      27759.7, GOF =   2.66
----------------------------------------------------------------------------------------------------------------------------------
Parameters generated by constraints

 name  :          0::A0          3::A0
 value :        0.05423        0.00709
 sig   :        0.00001        0.00000

 Phases:
 Result for phase: CsBr
=======================================================================================================================================
 Reciprocal metric tensor: 
  names :            A11            A22            A33            A12            A13            A23
  values:    0.054225584    0.054225584    0.054225584    0.000000000    0.000000000    0.000000000
  esds  :    0.000005010                                                                           
 New unit cell:
  names :           a           b           c       alpha        beta       gamma      Volume
  values:    4.294354    4.294354    4.294354     90.0000     90.0000     90.0000      79.194
  esds  :    0.000198    0.000198    0.000198                                           0.011

 Atoms:
   name      x         y         z      frac   Uiso     U11     U22     U33     U12     U13     U23
---------------------------------------------------------------------------------------------------------------------------------------
     Br     Br:
 values:   0.50000   0.50000   0.50000   1.000 0.01292
 sig   :                                       0.00368
     Cs     Cs:
 values:   0.00000   0.00000   0.00000   1.000 0.01837
 sig   :                                       0.00334

 Density: 4.462166.4 g/cm**3
 Result for phase: PbBr2
=======================================================================================================================================
 Reciprocal metric tensor: 
  names :            A11            A22            A33            A12            A13            A23
  values:    0.015389640    0.044659361    0.010993398    0.000000000    0.000000000    0.000000000
  esds  :    0.000001296    0.000004166    0.000000969                                             
 New unit cell:
  names :           a           b           c       alpha        beta       gamma      Volume
  values:    8.060942    4.731989    9.537488     90.0000     90.0000     90.0000     363.801
  esds  :    0.000339    0.000221    0.000420                                           0.032

 Atoms:
   name      x         y         z      frac   Uiso     U11     U22     U33     U12     U13     U23
---------------------------------------------------------------------------------------------------------------------------------------
    Br1     Br:
 values:   0.01308   0.25000   0.66406   1.000 0.03301
 sig   :   0.00081             0.00057         0.00405
    Br2     Br:
 values:   0.13825   0.25000   0.07414   1.000 0.01874
 sig   :   0.00065             0.00076         0.00350
    Pb1     Pb:
 values:   0.23197   0.25000   0.41411   1.000 0.02487
 sig   :   0.00042             0.00032         0.00265

 Density: 6.700718.4 g/cm**3
 Result for phase: CsPbBr3-Pbnm
=======================================================================================================================================
 Reciprocal metric tensor: 
  names :            A11            A22            A33            A12            A13            A23
  values:    0.014616523    0.014738717    0.007317429    0.000000000    0.000000000    0.000000000
  esds  :    0.000009356    0.000010785    0.000007771                                             
 New unit cell:
  names :           a           b           c       alpha        beta       gamma      Volume
  values:    8.271380    8.237021   11.690168     90.0000     90.0000     90.0000     796.469
  esds  :    0.002647    0.003014    0.006207                                           0.254

 Atoms:
   name      x         y         z      frac   Uiso     U11     U22     U33     U12     U13     U23
---------------------------------------------------------------------------------------------------------------------------------------
    Cs1     Cs:
 values:   1.01380   0.96540   0.25000   1.000-0.11372
 sig   :   0.00848   0.00587                   0.02207
    Pb2     Pb:
 values:   0.50000   0.00000   0.00000   1.000-0.01071
 sig   :                                       0.02000
    Br3     Br:
 values:   0.11276   0.49946   0.25000   1.000-0.26442
 sig   :   0.00956   0.01114                   0.02955
    Br4     Br:
 values:   0.83678   0.13209   0.00419   1.000-0.14989
 sig   :   0.00755   0.00756   0.00502         0.01328

 Density: 4.835389.4 g/cm**3
 Result for phase: Cs4PbBr6-fit
=======================================================================================================================================
 Reciprocal metric tensor: 
  names :            A11            A22            A33            A12            A13            A23
  values:    0.007092328    0.007092328    0.003340903    0.007092328    0.000000000    0.000000000
  esds  :    0.000004137                   0.000002973                                             
 New unit cell:
  names :           a           b           c       alpha        beta       gamma      Volume
  values:   13.711184   13.711184   17.300875     90.0000     90.0000    120.0000    2816.752
  esds  :    0.006665    0.006665    0.007698                                           1.524

 Atoms:
   name      x         y         z      frac   Uiso     U11     U22     U33     U12     U13     U23
---------------------------------------------------------------------------------------------------------------------------------------
    Pb1     Pb:
 values:   0.00000   0.00000   0.00000   1.000 0.52823
 sig   :                                       0.05482
    Cs2     Cs:
 values:  -0.29188  -0.33330  -0.08330   1.000 0.06445
 sig   :   0.00883                             0.03361
    Cs3     Cs:
 values:   0.00000   0.00000   0.25000   1.000-0.04749
 sig   :                                       0.02799
    Br4     Br:
 values:  -0.01450  -0.20025  -0.10825   1.000-0.06637
 sig   :   0.00826   0.00456   0.00227         0.01664

 Density: 4.309097.4 g/cm**3

 Phase: CsBr in histogram: PWDR YN33_20N_speed0.5_CsPbBr3_15min_20240617_185154_G01_S01.xye
=======================================================================================================================================
 Final refinement RF, RF^2 = 2.56%, 3.32% on 5 reflections
 Durbin-Watson statistic = 0.241
 Bragg intensity sum = 4.58e+05
 Phase fraction  :   39.82890, sig    0.63983 Weight fraction  :  0.39949, sig    0.00642

 Mustrain model:  uniaxial
 equatorial:      1000.0 axial:         1.2, sig:   505.8 LG mix coeff.:      0.9263, sig:   0.174

 Phase: PbBr2 in histogram: PWDR YN33_20N_speed0.5_CsPbBr3_15min_20240617_185154_G01_S01.xye
=======================================================================================================================================
 Final refinement RF, RF^2 = 5.45%, 13.37% on 41 reflections
 Durbin-Watson statistic = 0.241
 Bragg intensity sum = 7.96e+05
 Phase fraction  :    7.52322, sig    0.10331 Weight fraction  :  0.52054, sig    0.00715

 Mustrain model:  uniaxial
 equatorial:      1000.0 axial:        15.6, sig:    16.9 LG mix coeff.:      3.7740, sig:   0.215

 Phase: CsPbBr3-Pbnm in histogram: PWDR YN33_20N_speed0.5_CsPbBr3_15min_20240617_185154_G01_S01.xye
=======================================================================================================================================
 Final refinement RF, RF^2 = 7.68%, 9.72% on 77 reflections
 Durbin-Watson statistic = 0.241
 Bragg intensity sum = 8.15e+04
 Phase fraction  :    0.25120, sig    0.01831 Weight fraction  :  0.02746, sig    0.00200

 Mustrain model:  uniaxial
 equatorial:      1000.0 axial:     18745.1, sig:  5648.9 LG mix coeff.:     -0.1752, sig:   0.393

 Phase: Cs4PbBr6-fit in histogram: PWDR YN33_20N_speed0.5_CsPbBr3_15min_20240617_185154_G01_S01.xye
=======================================================================================================================================
 Final refinement RF, RF^2 = 8.36%, 10.62% on 55 reflections
 Durbin-Watson statistic = 0.241
 Bragg intensity sum = 7.01e+04
 Phase fraction  :    0.15243, sig    0.01060 Weight fraction  :  0.05251, sig    0.00365

 Mustrain model:  uniaxial
 equatorial:      1000.0 axial:      6648.1, sig:  4009.8 LG mix coeff.:      1.9144, sig:   0.655

 Histogram: PWDR YN33_20N_speed0.5_CsPbBr3_15min_20240617_185154_G01_S01.xye histogram Id: 0
=======================================================================================================================================
 PWDR histogram weight factor = 1.000
 Final refinement wR = 9.54% on 4001 observations in this histogram
 Other residuals: R = 7.22%, R-bkg = 8.05%, wR-bkg = 9.54% wRmin = 3.62%
 Instrument type: Bragg-Brentano

 Resonant form factors:(ref: D.T. Cromer & D.A. Liberman (1981), Acta Cryst. A37, 267-268.)
 Element:       Br       Cs       Pb
 f'     :   -0.679   -0.745   -4.078
 f"     :    1.281    7.902    8.501

 Sample Parameters:
 names :         Scale         Shift  Transparency    SurfRoughA    SurfRoughB
 values:        1.0000       52.2987        0.0000        0.0000        0.0000
 sig   :                      1.6188                                          

 Instrument Parameters:
 names :           U           V           W           X           Y           Z        Zero
 value :    2.000000   -2.000000   39.052436   -0.705055   13.096919    0.000000    0.000000
 sig   :                            0.999291    0.488563    1.926486                        

 Background function: log interpolate
 value :      843.8     753.3     661.2     569.5     472.8     306.7     378.2     316.1       286     258.1
 sig   :      10.02     7.023     5.854     4.996     6.093     4.027     5.813     4.156     7.169     6.909
 Background sums: empirical 1.62e+06, Debye 0, peaks 0, Total 1.62e+06
