********************************************************************************
   General Structure Analysis System-II Crystal Structure Refinement
              by Robert B. Von Dreele & Brian H. Toby
                Argonne National Laboratory(C), 2010
 This product includes software developed by the UChicago Argonne, LLC,
            as Operator of Argonne National Laboratory.
                          Please cite:
   B.H. Toby & R.B. Von Dreele, J. Appl. Cryst. 46, 544-549 (2013)
********************************************************************************
 Least squares controls:
 Refinement type: analytic Hessian
 Maximum number of cycles: 10
 Regularize hydrogens (if any): False
 Initial shift factor: 1.000

 Phases:

 Phase name: CsBr
=======================================================================================================================================

 X-ray scattering factors:
   Symbol     fa                                      fb                                      fc
---------------------------------------------------------------------------------------------------
 Br        17.17890   5.23580   5.63770   3.98510   2.17230  16.57960   0.26090  41.43280   2.95570
 Cs        20.38920  19.10620  10.66200   1.49530   3.56900   0.31070  24.38790 213.90400   3.33520

 Neutron scattering factors:
   Symbol   isotope       mass       b       resonant terms
---------------------------------------------------------------------------------------------------
 Br      Nat. Abund.     79.904    0.679
 Cs      Nat. Abund.    132.905    0.542

 Space Group: P m -3 m
 The lattice is centrosymmetric primitive cubic
 The Laue symmetry is m3m
 The lattice point group is m3m
 Multiplicity of a general site is 48
 The inversion center is located at 0,0,0
 
 The equivalent positions are:

 ( 1)     X,     Y,     Z 
 ( 2)     Z,     X,     Y 
 ( 3)     Y,     Z,     X 
 ( 4)     X,     Y,    -Z 
 ( 5)    -Z,     X,     Y 
 ( 6)     Y,    -Z,     X 
 ( 7)    -Z,     X,    -Y 
 ( 8)    -Y,    -Z,     X 
 ( 9)     Y,    -Z,    -X 
 (10)    -X,     Y,    -Z 
 (11)    -Z,    -X,     Y 
 (12)     X,    -Y,    -Z 
 (13)     Y,     X,     Z 
 (14)     Z,     Y,     X 
 (15)     X,     Z,     Y 
 (16)     Y,     X,    -Z 
 (17)    -Z,     Y,     X 
 (18)     X,    -Z,     Y 
 (19)    -Z,     Y,    -X 
 (20)    -X,    -Z,     Y 
 (21)     X,    -Z,    -Y 
 (22)    -Y,     X,    -Z 
 (23)    -Z,    -Y,     X 
 (24)     Y,    -X,    -Z 

 Atoms:
   name    type  refine?   x         y         z      frac site sym  mult I/A   Uiso     U11     U22     U33     U12     U13     U23
---------------------------------------------------------------------------------------------------------------------------------------
     Br     Br     XU   0.50000   0.50000   0.50000   1.000    m3m    1    I 0.04663                                                
     Cs     Cs     XU   0.00000   0.00000   0.00000   1.000    m3m    1    I 0.03596                                                

 Unit cell: a = 4.28700 b = 4.28700 c = 4.28700 alpha = 90.000 beta = 90.000 gamma = 90.000 volume = 78.788 Refine? True

 Spherical harmonics texture: Order:0

 Phase name: PbBr2
=======================================================================================================================================

 X-ray scattering factors:
   Symbol     fa                                      fb                                      fc
---------------------------------------------------------------------------------------------------
 Br        17.17890   5.23580   5.63770   3.98510   2.17230  16.57960   0.26090  41.43280   2.95570
 Pb        31.06170  13.06370  18.44200   5.96960   0.69020   2.35760   8.61800  47.25790  13.41180

 Neutron scattering factors:
   Symbol   isotope       mass       b       resonant terms
---------------------------------------------------------------------------------------------------
 Br      Nat. Abund.     79.904    0.679
 Pb      Nat. Abund.    207.200    0.940

 Space Group: P n m a
 The lattice is centrosymmetric primitive orthorhombic
 The Laue symmetry is mmm
 The lattice point group is mmm
 Multiplicity of a general site is 8
 The inversion center is located at 0,0,0
 
 The equivalent positions are:

 ( 1)     X,     Y,     Z 
 ( 2) 1/2-X, 1/2+Y, 1/2+Z 
 ( 3)     X, 1/2-Y,     Z 
 ( 4) 1/2-X,    -Y, 1/2+Z 

 Atoms:
   name    type  refine?   x         y         z      frac site sym  mult I/A   Uiso     U11     U22     U33     U12     U13     U23
---------------------------------------------------------------------------------------------------------------------------------------
    Br1     Br     XU   0.02299   0.25000   0.66916   1.000   m(y)    4    I 0.02898                                                
    Br2     Br     XU   0.14201   0.25000   0.07003   1.000   m(y)    4    I-0.00477                                                
    Pb1     Pb     XU   0.23400   0.25000   0.41102   1.000   m(y)    4    I 0.02873                                                

 Unit cell: a = 8.04567 b = 4.72496 c = 9.52240 alpha = 90.000 beta = 90.000 gamma = 90.000 volume = 361.998 Refine? True

 Spherical harmonics texture: Order:0

 Phase name: CsPbBr3-Pbnm
=======================================================================================================================================

 X-ray scattering factors:
   Symbol     fa                                      fb                                      fc
---------------------------------------------------------------------------------------------------
 Cs        20.38920  19.10620  10.66200   1.49530   3.56900   0.31070  24.38790 213.90400   3.33520
 Pb        31.06170  13.06370  18.44200   5.96960   0.69020   2.35760   8.61800  47.25790  13.41180
 Br        17.17890   5.23580   5.63770   3.98510   2.17230  16.57960   0.26090  41.43280   2.95570

 Neutron scattering factors:
   Symbol   isotope       mass       b       resonant terms
---------------------------------------------------------------------------------------------------
 Cs      Nat. Abund.    132.905    0.542
 Pb      Nat. Abund.    207.200    0.940
 Br      Nat. Abund.     79.904    0.679

 Space Group: P b n m
 The lattice is centrosymmetric primitive orthorhombic
 The Laue symmetry is mmm
 The lattice point group is mmm
 Multiplicity of a general site is 8
 The inversion center is located at 0,0,0
 
 The equivalent positions are:

 ( 1)     X,     Y,     Z 
 ( 2) 1/2-X, 1/2+Y,     Z 
 ( 3) 1/2+X, 1/2-Y, 1/2+Z 
 ( 4)    -X,    -Y, 1/2+Z 

 Atoms:
   name    type  refine?   x         y         z      frac site sym  mult I/A   Uiso     U11     U22     U33     U12     U13     U23
---------------------------------------------------------------------------------------------------------------------------------------
    Cs1     Cs     XU   1.00028   0.96434   0.25000   1.000   m(z)    4    I-0.03033                                                
    Pb2     Pb     XU   0.50000   0.00000   0.00000   1.000     -1    4    I 0.06185                                                
    Br3     Br     XU   0.07761   0.51446   0.25000   1.000   m(z)    4    I 0.00471                                                
    Br4     Br     XU   0.80146   0.08431   0.00018   1.000      1    8    I-0.03071                                                

 Unit cell: a = 8.22992 b = 8.19022 c = 11.75324 alpha = 90.000 beta = 90.000 gamma = 90.000 volume = 792.225 Refine? True

 Spherical harmonics texture: Order:0

 Phase name: Cs4PbBr6-fit
=======================================================================================================================================

 X-ray scattering factors:
   Symbol     fa                                      fb                                      fc
---------------------------------------------------------------------------------------------------
 Pb        31.06170  13.06370  18.44200   5.96960   0.69020   2.35760   8.61800  47.25790  13.41180
 Cs        20.38920  19.10620  10.66200   1.49530   3.56900   0.31070  24.38790 213.90400   3.33520
 Br        17.17890   5.23580   5.63770   3.98510   2.17230  16.57960   0.26090  41.43280   2.95570

 Neutron scattering factors:
   Symbol   isotope       mass       b       resonant terms
---------------------------------------------------------------------------------------------------
 Pb      Nat. Abund.    207.200    0.940
 Cs      Nat. Abund.    132.905    0.542
 Br      Nat. Abund.     79.904    0.679

 Space Group: R -3 c
 The lattice is centrosymmetric R-centered trigonal
 The Laue symmetry is 3m1
 The lattice point group is -3m
 Multiplicity of a general site is 36
 The inversion center is located at 0,0,0
 
 The equivalent positions are:

 (0,0,0; 2/3,1/3,1/3; 1/3,2/3,2/3)+

 ( 1)     X,     Y,     Z 
 ( 2)    -Y,   X-Y,     Z 
 ( 3)   Y-X,    -X,     Z 
 ( 4)   Y-X,     Y, 1/2+Z 
 ( 5)    -Y,    -X, 1/2+Z 
 ( 6)     X,   X-Y, 1/2+Z 

 Atoms:
   name    type  refine?   x         y         z      frac site sym  mult I/A   Uiso     U11     U22     U33     U12     U13     U23
---------------------------------------------------------------------------------------------------------------------------------------
    Pb1     Pb     XU   0.00000   0.00000   0.00000   1.000     -3    6    I 0.01474                                                
    Cs2     Cs     XU  -0.28763  -0.33330  -0.08330   1.000 2(100)   18    I-0.00686                                                
    Cs3     Cs     XU   0.00000   0.00000   0.25000   1.00032(100)    6    I 0.01702                                                
    Br4     Br     XU   0.02464  -0.16661  -0.10123   1.000      1   36    I 0.02598                                                

 Unit cell: a = 13.69320 b = 13.69320 c = 17.27655 alpha = 90.000 beta = 90.000 gamma = 120.000 volume = 2805.418 Refine? True

 Spherical harmonics texture: Order:0

 Phase: CsBr in histogram: PWDR YN31_10N_speed0.5_groundCs_CsPbBr3_180min_20240616_220926_G02_S02.xye
=======================================================================================================================================
 Phase fraction  :    20.1658 Refine? True
 Extinction coeff:     0.0000 Refine? False
 March-Dollase PO:     1.0000 Refine? False Axis: 0 0 1

 Size model    : isotropic equatorial:       1.000 Refine? False
	 LG mixing coeff.:       1.0000 Refine? False

 Mustrain model:  uniaxial equatorial:      1000.0 Refine? False axial:      1000.0 Refine? True
	 LG mixing coeff.:      1.0000 Refine? True

 Hydrostatic/elastic strain:
 names :         D11          eA
 values:           0           0
 refine:       False       False

 Phase: PbBr2 in histogram: PWDR YN31_10N_speed0.5_groundCs_CsPbBr3_180min_20240616_220926_G02_S02.xye
=======================================================================================================================================
 Phase fraction  :     7.8140 Refine? True
 Extinction coeff:     0.0000 Refine? False
 March-Dollase PO:     1.0000 Refine? False Axis: 0 0 1

 Size model    : isotropic equatorial:       1.000 Refine? False
	 LG mixing coeff.:       1.0000 Refine? False

 Mustrain model:  uniaxial equatorial:      1000.0 Refine? False axial:      1000.0 Refine? True
	 LG mixing coeff.:      1.0000 Refine? True

 Hydrostatic/elastic strain:
 names :         D11         D22         D33
 values:           0           0           0
 refine:       False       False       False

 Phase: CsPbBr3-Pbnm in histogram: PWDR YN31_10N_speed0.5_groundCs_CsPbBr3_180min_20240616_220926_G02_S02.xye
=======================================================================================================================================
 Phase fraction  :     0.5978 Refine? True
 Extinction coeff:     0.0000 Refine? False
 March-Dollase PO:     1.0000 Refine? False Axis: 0 0 1

 Size model    : isotropic equatorial:       1.000 Refine? False
	 LG mixing coeff.:       1.0000 Refine? False

 Mustrain model:  uniaxial equatorial:      1000.0 Refine? False axial:      1000.0 Refine? True
	 LG mixing coeff.:      1.0000 Refine? True

 Hydrostatic/elastic strain:
 names :         D11         D22         D33
 values:           0           0           0
 refine:       False       False       False

 Phase: Cs4PbBr6-fit in histogram: PWDR YN31_10N_speed0.5_groundCs_CsPbBr3_180min_20240616_220926_G02_S02.xye
=======================================================================================================================================
 Phase fraction  :     2.1055 Refine? True
 Extinction coeff:     0.0000 Refine? False
 March-Dollase PO:     1.0000 Refine? False Axis: 0 0 1

 Size model    : isotropic equatorial:       1.000 Refine? False
	 LG mixing coeff.:       1.0000 Refine? False

 Mustrain model:  uniaxial equatorial:      1000.0 Refine? False axial:      1000.0 Refine? True
	 LG mixing coeff.:      1.0000 Refine? True

 Hydrostatic/elastic strain:
 names :         D11         D33
 values:           0           0
 refine:       False       False

 Histogram: PWDR YN31_10N_speed0.5_groundCs_CsPbBr3_180min_20240616_220926_G02_S02.xye histogram Id: 0
=======================================================================================================================================
 Instrument type: Bragg-Brentano
 Histogram limits:    10.00 deg to    50.00 deg

 Sample Parameters:
 Goniometer omega = 0.00, chi = 0.00, phi = 0.00
 name  :         Scale         Shift  Transparency    SurfRoughA    SurfRoughB
 value :        1.0000     -599.0370        0.0000        0.0000        0.0597
 refine:         False          True         False         False          True

 Instrument Parameters:
 name  :     Azimuth        Bank I(L2)/I(L1)        Lam1        Lam2    Polariz.        SH/L
 value :    0.000000    1.000000    0.500000    1.540500    1.544300    0.700000   -0.000670
 refine:                   False       False                               False        True

 name  :           U           V           W           X           Y           Z        Zero
 value :    2.000000   18.648765   21.692864    2.431379    0.000000    0.000000   -0.454781
 refine:       False        True        True        True       False       False        True

 Background function: cosine Refine? True
 Coefficients:   -189.038 -1148.623 -1296.181 -1244.295 -1145.869  -953.500  -749.525  -565.330  -426.382  -278.156  -157.254
                  -75.442   -50.504   -14.059

 Refinement results:
---------------------------------------------------------------------------------------------------------------------------------------
 Number of function calls: 22 No. of observations: 4001 No. of parameters: 72 User rejected: 0 Sp. gp. extinct: 0
 Refinement time =   18.035s,    3.006s/cycle, for 6 cycles
 wR =   10.03%, chi**2 =      38408.9, GOF =   3.13
----------------------------------------------------------------------------------------------------------------------------------
Parameters generated by constraints

 name  :          0::A0          3::A0
 value :        0.05441        0.00711
 sig   :        0.00001        0.00000

 Phases:
 Result for phase: CsBr
=======================================================================================================================================
 Reciprocal metric tensor: 
  names :            A11            A22            A33            A12            A13            A23
  values:    0.054412337    0.054412337    0.054412337    0.000000000    0.000000000    0.000000000
  esds  :    0.000010396                                                                           
 New unit cell:
  names :           a           b           c       alpha        beta       gamma      Volume
  values:    4.286979    4.286979    4.286979     90.0000     90.0000     90.0000      78.787
  esds  :    0.000410    0.000410    0.000410                                           0.023

 Atoms:
   name      x         y         z      frac   Uiso     U11     U22     U33     U12     U13     U23
---------------------------------------------------------------------------------------------------------------------------------------
     Br     Br:
 values:   0.50000   0.50000   0.50000   1.000 0.04712
 sig   :                                       0.00795
     Cs     Cs:
 values:   0.00000   0.00000   0.00000   1.000 0.03670
 sig   :                                       0.00663

 Density: 4.485237.4 g/cm**3
 Result for phase: PbBr2
=======================================================================================================================================
 Reciprocal metric tensor: 
  names :            A11            A22            A33            A12            A13            A23
  values:    0.015448083    0.044793026    0.011028205    0.000000000    0.000000000    0.000000000
  esds  :    0.000002095    0.000006343    0.000001651                                             
 New unit cell:
  names :           a           b           c       alpha        beta       gamma      Volume
  values:    8.045679    4.724924    9.522425     90.0000     90.0000     90.0000     361.997
  esds  :    0.000546    0.000335    0.000713                                           0.063

 Atoms:
   name      x         y         z      frac   Uiso     U11     U22     U33     U12     U13     U23
---------------------------------------------------------------------------------------------------------------------------------------
    Br1     Br:
 values:   0.02312   0.25000   0.66961   1.000 0.02996
 sig   :   0.00112             0.00085         0.00538
    Br2     Br:
 values:   0.14217   0.25000   0.06952   1.000-0.00418
 sig   :   0.00074             0.00102         0.00468
    Pb1     Pb:
 values:   0.23403   0.25000   0.41133   1.000 0.02973
 sig   :   0.00060             0.00039         0.00334

 Density: 6.734104.4 g/cm**3
 Result for phase: CsPbBr3-Pbnm
=======================================================================================================================================
 Reciprocal metric tensor: 
  names :            A11            A22            A33            A12            A13            A23
  values:    0.014758719    0.014913757    0.007240078    0.000000000    0.000000000    0.000000000
  esds  :    0.000008148    0.000007905    0.000004598                                             
 New unit cell:
  names :           a           b           c       alpha        beta       gamma      Volume
  values:    8.231437    8.188540   11.752449     90.0000     90.0000     90.0000     792.156
  esds  :    0.002272    0.002170    0.003732                                           0.352

 Atoms:
   name      x         y         z      frac   Uiso     U11     U22     U33     U12     U13     U23
---------------------------------------------------------------------------------------------------------------------------------------
    Cs1     Cs:
 values:   1.00017   0.96164   0.25000   1.000-0.02933
 sig   :   0.00973   0.00680                   0.02098
    Pb2     Pb:
 values:   0.50000   0.00000   0.00000   1.000 0.06308
 sig   :                                       0.02123
    Br3     Br:
 values:   0.07824   0.51623   0.25000   1.000 0.00220
 sig   :   0.00838   0.01289                   0.03822
    Br4     Br:
 values:   0.80124   0.08556   0.00169   1.000-0.04036
 sig   :   0.00613   0.00505   0.00887         0.02460

 Density: 4.861718.4 g/cm**3
 Result for phase: Cs4PbBr6-fit
=======================================================================================================================================
 Reciprocal metric tensor: 
  names :            A11            A22            A33            A12            A13            A23
  values:    0.007110988    0.007110988    0.003350282    0.007110988    0.000000000    0.000000000
  esds  :    0.000001079                   0.000000506                                             
 New unit cell:
  names :           a           b           c       alpha        beta       gamma      Volume
  values:   13.693183   13.693183   17.276642     90.0000     90.0000    120.0000    2805.426
  esds  :    0.001731    0.001731    0.001305                                           0.595

 Atoms:
   name      x         y         z      frac   Uiso     U11     U22     U33     U12     U13     U23
---------------------------------------------------------------------------------------------------------------------------------------
    Pb1     Pb:
 values:   0.00000   0.00000   0.00000   1.000 0.01501
 sig   :                                       0.00262
    Cs2     Cs:
 values:  -0.28766  -0.33330  -0.08330   1.000-0.00966
 sig   :   0.00069                             0.00287
    Cs3     Cs:
 values:   0.00000   0.00000   0.25000   1.000 0.01812
 sig   :                                       0.00312
    Br4     Br:
 values:   0.02345  -0.16761  -0.10097   1.000 0.02734
 sig   :   0.00068   0.00055   0.00046         0.00212

 Density: 4.326494.4 g/cm**3

 Phase: CsBr in histogram: PWDR YN31_10N_speed0.5_groundCs_CsPbBr3_180min_20240616_220926_G02_S02.xye
=======================================================================================================================================
 Final refinement RF, RF^2 = 5.81%, 8.57% on 5 reflections
 Durbin-Watson statistic = 0.167
 Bragg intensity sum = 1.78e+05
 Phase fraction  :   20.30895, sig    0.71187 Weight fraction  :  0.13255, sig    0.00465

 Mustrain model:  uniaxial
 equatorial:      1000.0 axial:        46.7, sig:   940.7 LG mix coeff.:      1.0543, sig:   0.504

 Phase: PbBr2 in histogram: PWDR YN31_10N_speed0.5_groundCs_CsPbBr3_180min_20240616_220926_G02_S02.xye
=======================================================================================================================================
 Final refinement RF, RF^2 = 5.68%, 13.21% on 41 reflections
 Durbin-Watson statistic = 0.167
 Bragg intensity sum = 7.03e+05
 Phase fraction  :    7.85276, sig    0.18404 Weight fraction  :  0.35355, sig    0.00829

 Mustrain model:  uniaxial
 equatorial:      1000.0 axial:       394.1, sig:   198.0 LG mix coeff.:      1.2593, sig:   0.445

 Phase: CsPbBr3-Pbnm in histogram: PWDR YN31_10N_speed0.5_groundCs_CsPbBr3_180min_20240616_220926_G02_S02.xye
=======================================================================================================================================
 Final refinement RF, RF^2 = 6.17%, 7.70% on 76 reflections
 Durbin-Watson statistic = 0.167
 Bragg intensity sum = 9.66e+04
 Phase fraction  :    0.61459, sig    0.04417 Weight fraction  :  0.04372, sig    0.00314

 Mustrain model:  uniaxial
 equatorial:      1000.0 axial:      2173.1, sig:  6158.6 LG mix coeff.:      0.4191, sig:   1.082

 Phase: Cs4PbBr6-fit in histogram: PWDR YN31_10N_speed0.5_groundCs_CsPbBr3_180min_20240616_220926_G02_S02.xye
=======================================================================================================================================
 Final refinement RF, RF^2 = 5.11%, 10.13% on 55 reflections
 Durbin-Watson statistic = 0.167
 Bragg intensity sum = 9.45e+05
 Phase fraction  :    2.09744, sig    0.03725 Weight fraction  :  0.47019, sig    0.00835

 Mustrain model:  uniaxial
 equatorial:      1000.0 axial:      1114.1, sig:   289.9 LG mix coeff.:      0.9794, sig:   0.487

 Histogram: PWDR YN31_10N_speed0.5_groundCs_CsPbBr3_180min_20240616_220926_G02_S02.xye histogram Id: 0
=======================================================================================================================================
 PWDR histogram weight factor = 1.000
 Final refinement wR = 10.03% on 4001 observations in this histogram
 Other residuals: R = 7.75%, R-bkg = 8.90%, wR-bkg = 10.03% wRmin = 3.24%
 Instrument type: Bragg-Brentano

 Resonant form factors:(ref: D.T. Cromer & D.A. Liberman (1981), Acta Cryst. A37, 267-268.)
 Element:       Br       Cs       Pb
 f'     :   -0.679   -0.745   -4.078
 f"     :    1.281    7.902    8.501

 Sample Parameters:
 names :         Scale         Shift  Transparency    SurfRoughA    SurfRoughB
 values:        1.0000     -599.3653        0.0000        0.0000        0.0601
 sig   :                     72.9440                                    0.0028

 Instrument Parameters:
 names :        Bank I(L2)/I(L1)    Polariz.        SH/L
 value :    1.000000    0.500000    0.700000   -0.005103
 sig   :                                        0.016201

 Instrument Parameters:
 names :           U           V           W           X           Y           Z        Zero
 value :    2.000000   18.894960   21.868286    2.434263    0.000000    0.000000   -0.454615
 sig   :               11.367381    2.993471    0.716066                            0.040331

 Background function: cosine
 value :     -189.6     -1148     -1296     -1244     -1145    -953.3    -749.6    -565.2    -427.3    -277.8      -157    -75.36    -50.98    -14.34
 sig   :      9.565     16.63     11.29      4.31     4.736     12.56     18.44     21.87      22.5     20.34     16.55     12.14     7.946     4.475
 Background sums: empirical 1.86e+06, Debye 0, peaks 0, Total 1.86e+06
