********************************************************************************
   General Structure Analysis System-II Crystal Structure Refinement
              by Robert B. Von Dreele & Brian H. Toby
                Argonne National Laboratory(C), 2010
 This product includes software developed by the UChicago Argonne, LLC,
            as Operator of Argonne National Laboratory.
                          Please cite:
   B.H. Toby & R.B. Von Dreele, J. Appl. Cryst. 46, 544-549 (2013)
********************************************************************************
 Least squares controls:
 Refinement type: analytic Hessian
 Maximum number of cycles: 10
 Regularize hydrogens (if any): False
 Initial shift factor: 1.000

 Phases:

 Phase name: CsBr
=======================================================================================================================================

 X-ray scattering factors:
   Symbol     fa                                      fb                                      fc
---------------------------------------------------------------------------------------------------
 Br        17.17890   5.23580   5.63770   3.98510   2.17230  16.57960   0.26090  41.43280   2.95570
 Cs        20.38920  19.10620  10.66200   1.49530   3.56900   0.31070  24.38790 213.90400   3.33520

 Neutron scattering factors:
   Symbol   isotope       mass       b       resonant terms
---------------------------------------------------------------------------------------------------
 Br      Nat. Abund.     79.904    0.679
 Cs      Nat. Abund.    132.905    0.542

 Space Group: P m -3 m
 The lattice is centrosymmetric primitive cubic
 The Laue symmetry is m3m
 The lattice point group is m3m
 Multiplicity of a general site is 48
 The inversion center is located at 0,0,0
 
 The equivalent positions are:

 ( 1)     X,     Y,     Z 
 ( 2)     Z,     X,     Y 
 ( 3)     Y,     Z,     X 
 ( 4)     X,     Y,    -Z 
 ( 5)    -Z,     X,     Y 
 ( 6)     Y,    -Z,     X 
 ( 7)    -Z,     X,    -Y 
 ( 8)    -Y,    -Z,     X 
 ( 9)     Y,    -Z,    -X 
 (10)    -X,     Y,    -Z 
 (11)    -Z,    -X,     Y 
 (12)     X,    -Y,    -Z 
 (13)     Y,     X,     Z 
 (14)     Z,     Y,     X 
 (15)     X,     Z,     Y 
 (16)     Y,     X,    -Z 
 (17)    -Z,     Y,     X 
 (18)     X,    -Z,     Y 
 (19)    -Z,     Y,    -X 
 (20)    -X,    -Z,     Y 
 (21)     X,    -Z,    -Y 
 (22)    -Y,     X,    -Z 
 (23)    -Z,    -Y,     X 
 (24)     Y,    -X,    -Z 

 Atoms:
   name    type  refine?   x         y         z      frac site sym  mult I/A   Uiso     U11     U22     U33     U12     U13     U23
---------------------------------------------------------------------------------------------------------------------------------------
     Br     Br     XU   0.50000   0.50000   0.50000   1.000    m3m    1    I 0.07538                                                
     Cs     Cs     XU   0.00000   0.00000   0.00000   1.000    m3m    1    I 0.07025                                                

 Unit cell: a = 4.29302 b = 4.29302 c = 4.29302 alpha = 90.000 beta = 90.000 gamma = 90.000 volume = 79.121 Refine? True

 Spherical harmonics texture: Order:0

 Phase name: PbBr2
=======================================================================================================================================

 X-ray scattering factors:
   Symbol     fa                                      fb                                      fc
---------------------------------------------------------------------------------------------------
 Br        17.17890   5.23580   5.63770   3.98510   2.17230  16.57960   0.26090  41.43280   2.95570
 Pb        31.06170  13.06370  18.44200   5.96960   0.69020   2.35760   8.61800  47.25790  13.41180

 Neutron scattering factors:
   Symbol   isotope       mass       b       resonant terms
---------------------------------------------------------------------------------------------------
 Br      Nat. Abund.     79.904    0.679
 Pb      Nat. Abund.    207.200    0.940

 Space Group: P n m a
 The lattice is centrosymmetric primitive orthorhombic
 The Laue symmetry is mmm
 The lattice point group is mmm
 Multiplicity of a general site is 8
 The inversion center is located at 0,0,0
 
 The equivalent positions are:

 ( 1)     X,     Y,     Z 
 ( 2) 1/2-X, 1/2+Y, 1/2+Z 
 ( 3)     X, 1/2-Y,     Z 
 ( 4) 1/2-X,    -Y, 1/2+Z 

 Atoms:
   name    type  refine?   x         y         z      frac site sym  mult I/A   Uiso     U11     U22     U33     U12     U13     U23
---------------------------------------------------------------------------------------------------------------------------------------
    Br1     Br     XU   0.02054   0.25000   0.65886   1.000   m(y)    4    I 0.04669                                                
    Br2     Br     XU   0.14256   0.25000   0.07895   1.000   m(y)    4    I 0.06869                                                
    Pb1     Pb     XU   0.23409   0.25000   0.41112   1.000   m(y)    4    I 0.08782                                                

 Unit cell: a = 8.05577 b = 4.72982 c = 9.53572 alpha = 90.000 beta = 90.000 gamma = 90.000 volume = 363.333 Refine? True

 Spherical harmonics texture: Order:0

 Phase name: CsPbBr3-Pbnm
=======================================================================================================================================

 X-ray scattering factors:
   Symbol     fa                                      fb                                      fc
---------------------------------------------------------------------------------------------------
 Cs        20.38920  19.10620  10.66200   1.49530   3.56900   0.31070  24.38790 213.90400   3.33520
 Pb        31.06170  13.06370  18.44200   5.96960   0.69020   2.35760   8.61800  47.25790  13.41180
 Br        17.17890   5.23580   5.63770   3.98510   2.17230  16.57960   0.26090  41.43280   2.95570

 Neutron scattering factors:
   Symbol   isotope       mass       b       resonant terms
---------------------------------------------------------------------------------------------------
 Cs      Nat. Abund.    132.905    0.542
 Pb      Nat. Abund.    207.200    0.940
 Br      Nat. Abund.     79.904    0.679

 Space Group: P b n m
 The lattice is centrosymmetric primitive orthorhombic
 The Laue symmetry is mmm
 The lattice point group is mmm
 Multiplicity of a general site is 8
 The inversion center is located at 0,0,0
 
 The equivalent positions are:

 ( 1)     X,     Y,     Z 
 ( 2) 1/2-X, 1/2+Y,     Z 
 ( 3) 1/2+X, 1/2-Y, 1/2+Z 
 ( 4)    -X,    -Y, 1/2+Z 

 Atoms:
   name    type  refine?   x         y         z      frac site sym  mult I/A   Uiso     U11     U22     U33     U12     U13     U23
---------------------------------------------------------------------------------------------------------------------------------------
    Cs1     Cs     XU   0.96277   0.97207   0.25000   1.000   m(z)    4    I 0.05065                                                
    Pb2     Pb     XU   0.50000   0.00000   0.00000   1.000     -1    4    I 0.09703                                                
    Br3     Br     XU   0.02400   0.47960   0.25000   1.000   m(z)    4    I 0.14795                                                
    Br4     Br     XU   0.80959   0.20871   0.03785   1.000      1    8    I 0.00401                                                

 Unit cell: a = 8.19845 b = 8.24179 c = 11.75443 alpha = 90.000 beta = 90.000 gamma = 90.000 volume = 794.245 Refine? True

 Spherical harmonics texture: Order:0

 Phase name: Cs4PbBr6-fit
=======================================================================================================================================

 X-ray scattering factors:
   Symbol     fa                                      fb                                      fc
---------------------------------------------------------------------------------------------------
 Pb        31.06170  13.06370  18.44200   5.96960   0.69020   2.35760   8.61800  47.25790  13.41180
 Cs        20.38920  19.10620  10.66200   1.49530   3.56900   0.31070  24.38790 213.90400   3.33520
 Br        17.17890   5.23580   5.63770   3.98510   2.17230  16.57960   0.26090  41.43280   2.95570

 Neutron scattering factors:
   Symbol   isotope       mass       b       resonant terms
---------------------------------------------------------------------------------------------------
 Pb      Nat. Abund.    207.200    0.940
 Cs      Nat. Abund.    132.905    0.542
 Br      Nat. Abund.     79.904    0.679

 Space Group: R -3 c
 The lattice is centrosymmetric R-centered trigonal
 The Laue symmetry is 3m1
 The lattice point group is -3m
 Multiplicity of a general site is 36
 The inversion center is located at 0,0,0
 
 The equivalent positions are:

 (0,0,0; 2/3,1/3,1/3; 1/3,2/3,2/3)+

 ( 1)     X,     Y,     Z 
 ( 2)    -Y,   X-Y,     Z 
 ( 3)   Y-X,    -X,     Z 
 ( 4)   Y-X,     Y, 1/2+Z 
 ( 5)    -Y,    -X, 1/2+Z 
 ( 6)     X,   X-Y, 1/2+Z 

 Atoms:
   name    type  refine?   x         y         z      frac site sym  mult I/A   Uiso     U11     U22     U33     U12     U13     U23
---------------------------------------------------------------------------------------------------------------------------------------
    Pb1     Pb     XU   0.00000   0.00000   0.00000   1.000     -3    6    I-0.15103                                                
    Cs2     Cs     XU  -0.39033  -0.33330  -0.08330   1.000 2(100)   18    I-0.15124                                                
    Cs3     Cs     XU   0.00000   0.00000   0.25000   1.00032(100)    6    I-0.39266                                                
    Br4     Br     XU   0.14871  -0.24143  -0.08308   1.000      1   36    I-0.25957                                                

 Unit cell: a = 13.71821 b = 13.71821 c = 17.30192 alpha = 90.000 beta = 90.000 gamma = 120.000 volume = 2819.809 Refine? True

 Spherical harmonics texture: Order:0

 Phase: CsBr in histogram: PWDR YN30_10N_speed1.0_groundCs_CsPbBr3_30min_20240616_141701_G01_S01.xye
=======================================================================================================================================
 Phase fraction  :    56.0756 Refine? True
 Extinction coeff:     0.0000 Refine? False
 March-Dollase PO:     1.0000 Refine? False Axis: 0 0 1

 Size model    : isotropic equatorial:       1.000 Refine? False
	 LG mixing coeff.:       1.0000 Refine? False

 Mustrain model:  uniaxial equatorial:      1000.0 Refine? False axial:      1000.0 Refine? True
	 LG mixing coeff.:      1.0000 Refine? True

 Hydrostatic/elastic strain:
 names :         D11          eA
 values:           0           0
 refine:       False       False

 Phase: PbBr2 in histogram: PWDR YN30_10N_speed1.0_groundCs_CsPbBr3_30min_20240616_141701_G01_S01.xye
=======================================================================================================================================
 Phase fraction  :    13.1859 Refine? True
 Extinction coeff:     0.0000 Refine? False
 March-Dollase PO:     1.0000 Refine? False Axis: 0 0 1

 Size model    : isotropic equatorial:       1.000 Refine? False
	 LG mixing coeff.:       1.0000 Refine? False

 Mustrain model:  uniaxial equatorial:      1000.0 Refine? False axial:      1000.0 Refine? True
	 LG mixing coeff.:      1.0000 Refine? True

 Hydrostatic/elastic strain:
 names :         D11         D22         D33
 values:           0           0           0
 refine:       False       False       False

 Phase: CsPbBr3-Pbnm in histogram: PWDR YN30_10N_speed1.0_groundCs_CsPbBr3_30min_20240616_141701_G01_S01.xye
=======================================================================================================================================
 Phase fraction  :     0.5444 Refine? True
 Extinction coeff:     0.0000 Refine? False
 March-Dollase PO:     1.0000 Refine? False Axis: 0 0 1

 Size model    : isotropic equatorial:       1.000 Refine? False
	 LG mixing coeff.:       1.0000 Refine? False

 Mustrain model:  uniaxial equatorial:      1000.0 Refine? False axial:      1000.0 Refine? True
	 LG mixing coeff.:      1.0000 Refine? True

 Hydrostatic/elastic strain:
 names :         D11         D22         D33
 values:           0           0           0
 refine:       False       False       False

 Phase: Cs4PbBr6-fit in histogram: PWDR YN30_10N_speed1.0_groundCs_CsPbBr3_30min_20240616_141701_G01_S01.xye
=======================================================================================================================================
 Phase fraction  :     0.0081 Refine? True
 Extinction coeff:     0.0000 Refine? False
 March-Dollase PO:     1.0000 Refine? False Axis: 0 0 1

 Size model    : isotropic equatorial:       1.000 Refine? False
	 LG mixing coeff.:       1.0000 Refine? False

 Mustrain model:  uniaxial equatorial:      1000.0 Refine? False axial:      1000.0 Refine? True
	 LG mixing coeff.:      1.0000 Refine? True

 Hydrostatic/elastic strain:
 names :         D11         D33
 values:           0           0
 refine:       False       False

 Histogram: PWDR YN30_10N_speed1.0_groundCs_CsPbBr3_30min_20240616_141701_G01_S01.xye histogram Id: 0
=======================================================================================================================================
 Instrument type: Bragg-Brentano
 Histogram limits:    10.00 deg to    50.00 deg

 Sample Parameters:
 Goniometer omega = 0.00, chi = 0.00, phi = 0.00
 name  :         Scale         Shift  Transparency    SurfRoughA    SurfRoughB
 value :        1.0000     -259.7666        0.0000        0.0000        0.1311
 refine:         False          True         False         False          True

 Instrument Parameters:
 name  :     Azimuth        Bank I(L2)/I(L1)        Lam1        Lam2    Polariz.        SH/L
 value :    0.000000    1.000000    0.500000    1.540500    1.544300    0.700000    0.002000
 refine:                   False       False                               False       False

 name  :           U           V           W           X           Y           Z        Zero
 value :  332.936121 -218.208309   46.534107    2.158734    0.000000    0.000000   -0.198586
 refine:        True        True        True        True       False       False        True

 Background function: cosine Refine? True
 Coefficients:    499.003   363.294   172.763    59.663    -7.849    -8.109

 Refinement results:
---------------------------------------------------------------------------------------------------------------------------------------
 Number of function calls: 19 No. of observations: 4001 No. of parameters: 64 User rejected: 0 Sp. gp. extinct: 0
 Refinement time =   12.901s,    2.580s/cycle, for 5 cycles
 wR =    7.58%, chi**2 =      15064.6, GOF =   1.96
----------------------------------------------------------------------------------------------------------------------------------
Parameters generated by constraints

 name  :          0::A0          3::A0
 value :        0.05426        0.00709
 sig   :        0.00001        0.00001

 Phases:
 Result for phase: CsBr
=======================================================================================================================================
 Reciprocal metric tensor: 
  names :            A11            A22            A33            A12            A13            A23
  values:    0.054258575    0.054258575    0.054258575    0.000000000    0.000000000    0.000000000
  esds  :    0.000005613                                                                           
 New unit cell:
  names :           a           b           c       alpha        beta       gamma      Volume
  values:    4.293049    4.293049    4.293049     90.0000     90.0000     90.0000      79.122
  esds  :    0.000222    0.000222    0.000222                                           0.012

 Atoms:
   name      x         y         z      frac   Uiso     U11     U22     U33     U12     U13     U23
---------------------------------------------------------------------------------------------------------------------------------------
     Br     Br:
 values:   0.50000   0.50000   0.50000   1.000 0.07611
 sig   :                                       0.00481
     Cs     Cs:
 values:   0.00000   0.00000   0.00000   1.000 0.06945
 sig   :                                       0.00451

 Density: 4.466239.4 g/cm**3
 Result for phase: PbBr2
=======================================================================================================================================
 Reciprocal metric tensor: 
  names :            A11            A22            A33            A12            A13            A23
  values:    0.015408927    0.044703670    0.010996929    0.000000000    0.000000000    0.000000000
  esds  :    0.000001210    0.000003467    0.000000847                                             
 New unit cell:
  names :           a           b           c       alpha        beta       gamma      Volume
  values:    8.055895    4.729644    9.535957     90.0000     90.0000     90.0000     363.334
  esds  :    0.000316    0.000183    0.000367                                           0.038

 Atoms:
   name      x         y         z      frac   Uiso     U11     U22     U33     U12     U13     U23
---------------------------------------------------------------------------------------------------------------------------------------
    Br1     Br:
 values:   0.02058   0.25000   0.65950   1.000 0.04540
 sig   :   0.00049             0.00039         0.00531
    Br2     Br:
 values:   0.14315   0.25000   0.07870   1.000 0.06432
 sig   :   0.00042             0.00051         0.00530
    Pb1     Pb:
 values:   0.23389   0.25000   0.41124   1.000 0.08623
 sig   :   0.00027             0.00022         0.00438

 Density: 6.709318.4 g/cm**3
 Result for phase: CsPbBr3-Pbnm
=======================================================================================================================================
 Reciprocal metric tensor: 
  names :            A11            A22            A33            A12            A13            A23
  values:    0.014893695    0.014703874    0.007233793    0.000000000    0.000000000    0.000000000
  esds  :    0.000008248    0.000007776    0.000004329                                             
 New unit cell:
  names :           a           b           c       alpha        beta       gamma      Volume
  values:    8.194053    8.246774   11.757554     90.0000     90.0000     90.0000     794.511
  esds  :    0.002269    0.002181    0.003518                                           0.252

 Atoms:
   name      x         y         z      frac   Uiso     U11     U22     U33     U12     U13     U23
---------------------------------------------------------------------------------------------------------------------------------------
    Cs1     Cs:
 values:   0.96452   0.97394   0.25000   1.000 0.06643
 sig   :   0.00601   0.00807                   0.02326
    Pb2     Pb:
 values:   0.50000   0.00000   0.00000   1.000 0.09941
 sig   :                                       0.01475
    Br3     Br:
 values:   0.03717   0.46480   0.25000   1.000 0.12568
 sig   :   0.01120   0.01640                   0.04308
    Br4     Br:
 values:   0.81198   0.20382   0.03276   1.000-0.02563
 sig   :   0.00516   0.00560   0.00344         0.01826

 Density: 4.847306.4 g/cm**3
 Result for phase: Cs4PbBr6-fit
=======================================================================================================================================
 Reciprocal metric tensor: 
  names :            A11            A22            A33            A12            A13            A23
  values:    0.007086176    0.007086176    0.003338833    0.007086176    0.000000000    0.000000000
  esds  :    0.000012612                   0.000007035                                             
 New unit cell:
  names :           a           b           c       alpha        beta       gamma      Volume
  values:   13.717135   13.717135   17.306236     90.0000     90.0000    120.0000    2820.071
  esds  :    0.020344    0.020344    0.018233                                           4.650

 Atoms:
   name      x         y         z      frac   Uiso     U11     U22     U33     U12     U13     U23
---------------------------------------------------------------------------------------------------------------------------------------
    Pb1     Pb:
 values:   0.00000   0.00000   0.00000   1.000-0.19044
 sig   :                                       0.08904
    Cs2     Cs:
 values:  -0.33328  -0.33330  -0.08330   1.000-1.07317
 sig   :  20.58686                             0.18270
    Cs3     Cs:
 values:   0.00000   0.00000   0.25000   1.000-2.17333
 sig   :                                       0.20012
    Br4     Br:
 values:   0.22370  -0.53454  -0.03695   1.000-2.38138
 sig   :   0.02603   0.02362   0.01676         0.16632

 Density: 4.304026.4 g/cm**3

 Phase: CsBr in histogram: PWDR YN30_10N_speed1.0_groundCs_CsPbBr3_30min_20240616_141701_G01_S01.xye
=======================================================================================================================================
 Final refinement RF, RF^2 = 1.32%, 1.28% on 5 reflections
 Durbin-Watson statistic = 0.424
 Bragg intensity sum = 3.37e+05
 Phase fraction  :   55.90890, sig    2.69532 Weight fraction  :  0.36540, sig    0.01762

 Mustrain model:  uniaxial
 equatorial:      1000.0 axial:      1890.1, sig:  4967.5 LG mix coeff.:      1.2765, sig:   0.233

 Phase: PbBr2 in histogram: PWDR YN30_10N_speed1.0_groundCs_CsPbBr3_30min_20240616_141701_G01_S01.xye
=======================================================================================================================================
 Final refinement RF, RF^2 = 3.58%, 7.68% on 41 reflections
 Durbin-Watson statistic = 0.424
 Bragg intensity sum = 7.11e+05
 Phase fraction  :   13.09865, sig    0.67748 Weight fraction  :  0.59055, sig    0.03054

 Mustrain model:  uniaxial
 equatorial:      1000.0 axial:       385.2, sig:    65.4 LG mix coeff.:      1.8721, sig:   0.194

 Phase: CsPbBr3-Pbnm in histogram: PWDR YN30_10N_speed1.0_groundCs_CsPbBr3_30min_20240616_141701_G01_S01.xye
=======================================================================================================================================
 Final refinement RF, RF^2 = 7.21%, 10.45% on 77 reflections
 Durbin-Watson statistic = 0.424
 Bragg intensity sum = 5.57e+04
 Phase fraction  :    0.58586, sig    0.04975 Weight fraction  :  0.04173, sig    0.00354

 Mustrain model:  uniaxial
 equatorial:      1000.0 axial:      5653.0, sig:  1980.3 LG mix coeff.:      1.7626, sig:   0.458

 Phase: Cs4PbBr6-fit in histogram: PWDR YN30_10N_speed1.0_groundCs_CsPbBr3_30min_20240616_141701_G01_S01.xye
=======================================================================================================================================
 Final refinement RF, RF^2 = 17.04%, 40.99% on 55 reflections
 Durbin-Watson statistic = 0.424
 Bragg intensity sum = 7.63e+03
 Phase fraction  :    0.01035, sig    0.00256 Weight fraction  :  0.00232, sig    0.00057

 Mustrain model:  uniaxial
 equatorial:      1000.0 axial:  -4257864.5, sig:448490036453.5 LG mix coeff.:     -0.0621, sig:   1.114

 Histogram: PWDR YN30_10N_speed1.0_groundCs_CsPbBr3_30min_20240616_141701_G01_S01.xye histogram Id: 0
=======================================================================================================================================
 PWDR histogram weight factor = 1.000
 Final refinement wR = 7.58% on 4001 observations in this histogram
 Other residuals: R = 5.81%, R-bkg = 6.01%, wR-bkg = 7.58% wRmin = 3.90%
 Instrument type: Bragg-Brentano

 Resonant form factors:(ref: D.T. Cromer & D.A. Liberman (1981), Acta Cryst. A37, 267-268.)
 Element:       Br       Cs       Pb
 f'     :   -0.679   -0.745   -4.078
 f"     :    1.281    7.902    8.501

 Sample Parameters:
 names :         Scale         Shift  Transparency    SurfRoughA    SurfRoughB
 values:        1.0000     -259.8054        0.0000        0.0000        0.1354
 sig   :                     43.5775                                    0.0071

 Instrument Parameters:
 names :           U           V           W           X           Y           Z        Zero
 value :  326.291187 -219.254843   46.603460    1.883202    0.000000    0.000000   -0.198625
 sig   :   42.040269   25.350398    3.789998    0.351604                            0.024898

 Background function: cosine
 value :      498.5     362.4     174.8     61.68    -10.29    -6.055
 sig   :      38.28     11.84     13.21     5.123     2.984     2.544
 Background sums: empirical 1.49e+06, Debye 0, peaks 0, Total 1.49e+06
