********************************************************************************
   General Structure Analysis System-II Crystal Structure Refinement
              by Robert B. Von Dreele & Brian H. Toby
                Argonne National Laboratory(C), 2010
 This product includes software developed by the UChicago Argonne, LLC,
            as Operator of Argonne National Laboratory.
                          Please cite:
   B.H. Toby & R.B. Von Dreele, J. Appl. Cryst. 46, 544-549 (2013)
********************************************************************************
 Least squares controls:
 Refinement type: analytic Hessian
 Maximum number of cycles: 10
 Regularize hydrogens (if any): False
 Initial shift factor: 1.000

 Phases:

 Phase name: CsBr
=======================================================================================================================================

 X-ray scattering factors:
   Symbol     fa                                      fb                                      fc
---------------------------------------------------------------------------------------------------
 Br        17.17890   5.23580   5.63770   3.98510   2.17230  16.57960   0.26090  41.43280   2.95570
 Cs        20.38920  19.10620  10.66200   1.49530   3.56900   0.31070  24.38790 213.90400   3.33520

 Neutron scattering factors:
   Symbol   isotope       mass       b       resonant terms
---------------------------------------------------------------------------------------------------
 Br      Nat. Abund.     79.904    0.679
 Cs      Nat. Abund.    132.905    0.542

 Space Group: P m -3 m
 The lattice is centrosymmetric primitive cubic
 The Laue symmetry is m3m
 The lattice point group is m3m
 Multiplicity of a general site is 48
 The inversion center is located at 0,0,0
 
 The equivalent positions are:

 ( 1)     X,     Y,     Z 
 ( 2)     Z,     X,     Y 
 ( 3)     Y,     Z,     X 
 ( 4)     X,     Y,    -Z 
 ( 5)    -Z,     X,     Y 
 ( 6)     Y,    -Z,     X 
 ( 7)    -Z,     X,    -Y 
 ( 8)    -Y,    -Z,     X 
 ( 9)     Y,    -Z,    -X 
 (10)    -X,     Y,    -Z 
 (11)    -Z,    -X,     Y 
 (12)     X,    -Y,    -Z 
 (13)     Y,     X,     Z 
 (14)     Z,     Y,     X 
 (15)     X,     Z,     Y 
 (16)     Y,     X,    -Z 
 (17)    -Z,     Y,     X 
 (18)     X,    -Z,     Y 
 (19)    -Z,     Y,    -X 
 (20)    -X,    -Z,     Y 
 (21)     X,    -Z,    -Y 
 (22)    -Y,     X,    -Z 
 (23)    -Z,    -Y,     X 
 (24)     Y,    -X,    -Z 

 Atoms:
   name    type  refine?   x         y         z      frac site sym  mult I/A   Uiso     U11     U22     U33     U12     U13     U23
---------------------------------------------------------------------------------------------------------------------------------------
     Br     Br     XU   0.50000   0.50000   0.50000   1.000    m3m    1    I 0.09878                                                
     Cs     Cs     XU   0.00000   0.00000   0.00000   1.000    m3m    1    I 0.07601                                                

 Unit cell: a = 4.29164 b = 4.29164 c = 4.29164 alpha = 90.000 beta = 90.000 gamma = 90.000 volume = 79.044 Refine? True

 Spherical harmonics texture: Order:0

 Phase name: PbBr2
=======================================================================================================================================

 X-ray scattering factors:
   Symbol     fa                                      fb                                      fc
---------------------------------------------------------------------------------------------------
 Br        17.17890   5.23580   5.63770   3.98510   2.17230  16.57960   0.26090  41.43280   2.95570
 Pb        31.06170  13.06370  18.44200   5.96960   0.69020   2.35760   8.61800  47.25790  13.41180

 Neutron scattering factors:
   Symbol   isotope       mass       b       resonant terms
---------------------------------------------------------------------------------------------------
 Br      Nat. Abund.     79.904    0.679
 Pb      Nat. Abund.    207.200    0.940

 Space Group: P n m a
 The lattice is centrosymmetric primitive orthorhombic
 The Laue symmetry is mmm
 The lattice point group is mmm
 Multiplicity of a general site is 8
 The inversion center is located at 0,0,0
 
 The equivalent positions are:

 ( 1)     X,     Y,     Z 
 ( 2) 1/2-X, 1/2+Y, 1/2+Z 
 ( 3)     X, 1/2-Y,     Z 
 ( 4) 1/2-X,    -Y, 1/2+Z 

 Atoms:
   name    type  refine?   x         y         z      frac site sym  mult I/A   Uiso     U11     U22     U33     U12     U13     U23
---------------------------------------------------------------------------------------------------------------------------------------
    Br1     Br     XU   0.01903   0.25000   0.65762   1.000   m(y)    4    I 0.03124                                                
    Br2     Br     XU   0.13939   0.25000   0.07482   1.000   m(y)    4    I 0.01652                                                
    Pb1     Pb     XU   0.23638   0.25000   0.40891   1.000   m(y)    4    I 0.03959                                                

 Unit cell: a = 8.05529 b = 4.72889 c = 9.52953 alpha = 90.000 beta = 90.000 gamma = 90.000 volume = 363.004 Refine? True

 Spherical harmonics texture: Order:0

 Phase name: CsPbBr3-Pbnm
=======================================================================================================================================

 X-ray scattering factors:
   Symbol     fa                                      fb                                      fc
---------------------------------------------------------------------------------------------------
 Cs        20.38920  19.10620  10.66200   1.49530   3.56900   0.31070  24.38790 213.90400   3.33520
 Pb        31.06170  13.06370  18.44200   5.96960   0.69020   2.35760   8.61800  47.25790  13.41180
 Br        17.17890   5.23580   5.63770   3.98510   2.17230  16.57960   0.26090  41.43280   2.95570

 Neutron scattering factors:
   Symbol   isotope       mass       b       resonant terms
---------------------------------------------------------------------------------------------------
 Cs      Nat. Abund.    132.905    0.542
 Pb      Nat. Abund.    207.200    0.940
 Br      Nat. Abund.     79.904    0.679

 Space Group: P b n m
 The lattice is centrosymmetric primitive orthorhombic
 The Laue symmetry is mmm
 The lattice point group is mmm
 Multiplicity of a general site is 8
 The inversion center is located at 0,0,0
 
 The equivalent positions are:

 ( 1)     X,     Y,     Z 
 ( 2) 1/2-X, 1/2+Y,     Z 
 ( 3) 1/2+X, 1/2-Y, 1/2+Z 
 ( 4)    -X,    -Y, 1/2+Z 

 Atoms:
   name    type  refine?   x         y         z      frac site sym  mult I/A   Uiso     U11     U22     U33     U12     U13     U23
---------------------------------------------------------------------------------------------------------------------------------------
    Cs1     Cs     XU   0.97315   0.97094   0.25000   1.000   m(z)    4    I 0.03393                                                
    Pb2     Pb     XU   0.50000   0.00000   0.00000   1.000     -1    4    I 0.03004                                                
    Br3     Br     XU   0.03826   0.51089   0.25000   1.000   m(z)    4    I 0.11164                                                
    Br4     Br     XU   0.79315   0.21151   0.03449   1.000      1    8    I 0.01443                                                

 Unit cell: a = 8.20921 b = 8.23895 c = 11.75034 alpha = 90.000 beta = 90.000 gamma = 90.000 volume = 794.737 Refine? True

 Spherical harmonics texture: Order:0

 Phase name: Cs4PbBr6-fit
=======================================================================================================================================

 X-ray scattering factors:
   Symbol     fa                                      fb                                      fc
---------------------------------------------------------------------------------------------------
 Pb        31.06170  13.06370  18.44200   5.96960   0.69020   2.35760   8.61800  47.25790  13.41180
 Cs        20.38920  19.10620  10.66200   1.49530   3.56900   0.31070  24.38790 213.90400   3.33520
 Br        17.17890   5.23580   5.63770   3.98510   2.17230  16.57960   0.26090  41.43280   2.95570

 Neutron scattering factors:
   Symbol   isotope       mass       b       resonant terms
---------------------------------------------------------------------------------------------------
 Pb      Nat. Abund.    207.200    0.940
 Cs      Nat. Abund.    132.905    0.542
 Br      Nat. Abund.     79.904    0.679

 Space Group: R -3 c
 The lattice is centrosymmetric R-centered trigonal
 The Laue symmetry is 3m1
 The lattice point group is -3m
 Multiplicity of a general site is 36
 The inversion center is located at 0,0,0
 
 The equivalent positions are:

 (0,0,0; 2/3,1/3,1/3; 1/3,2/3,2/3)+

 ( 1)     X,     Y,     Z 
 ( 2)    -Y,   X-Y,     Z 
 ( 3)   Y-X,    -X,     Z 
 ( 4)   Y-X,     Y, 1/2+Z 
 ( 5)    -Y,    -X, 1/2+Z 
 ( 6)     X,   X-Y, 1/2+Z 

 Atoms:
   name    type  refine?   x         y         z      frac site sym  mult I/A   Uiso     U11     U22     U33     U12     U13     U23
---------------------------------------------------------------------------------------------------------------------------------------
    Pb1     Pb     XU   0.00000   0.00000   0.00000   1.000     -3    6    I 0.01826                                                
    Cs2     Cs     XU  -0.29074  -0.33330  -0.08330   1.000 2(100)   18    I-0.01321                                                
    Cs3     Cs     XU   0.00000   0.00000   0.25000   1.00032(100)    6    I 0.02084                                                
    Br4     Br     XU   0.03109  -0.16789  -0.09984   1.000      1   36    I 0.01576                                                

 Unit cell: a = 13.70472 b = 13.70472 c = 17.28729 alpha = 90.000 beta = 90.000 gamma = 120.000 volume = 2811.888 Refine? True

 Spherical harmonics texture: Order:0

 Phase: CsBr in histogram: PWDR YN33_20N_speed0.5_CsPbBr3_90min_20240617_203430_G01_S01.xye
=======================================================================================================================================
 Phase fraction  :    12.9126 Refine? True
 Extinction coeff:     0.0000 Refine? False
 March-Dollase PO:     1.0000 Refine? False Axis: 0 0 1

 Size model    : isotropic equatorial:       1.000 Refine? False
	 LG mixing coeff.:       1.0000 Refine? False

 Mustrain model:  uniaxial equatorial:      1000.0 Refine? False axial:      1000.0 Refine? True
	 LG mixing coeff.:      1.0000 Refine? True

 Hydrostatic/elastic strain:
 names :         D11          eA
 values:           0           0
 refine:       False       False

 Phase: PbBr2 in histogram: PWDR YN33_20N_speed0.5_CsPbBr3_90min_20240617_203430_G01_S01.xye
=======================================================================================================================================
 Phase fraction  :     9.0175 Refine? True
 Extinction coeff:     0.0000 Refine? False
 March-Dollase PO:     1.0000 Refine? False Axis: 0 0 1

 Size model    : isotropic equatorial:       1.000 Refine? False
	 LG mixing coeff.:       1.0000 Refine? False

 Mustrain model:  uniaxial equatorial:      1000.0 Refine? False axial:      1000.0 Refine? True
	 LG mixing coeff.:      1.0000 Refine? True

 Hydrostatic/elastic strain:
 names :         D11         D22         D33
 values:           0           0           0
 refine:       False       False       False

 Phase: CsPbBr3-Pbnm in histogram: PWDR YN33_20N_speed0.5_CsPbBr3_90min_20240617_203430_G01_S01.xye
=======================================================================================================================================
 Phase fraction  :     1.1274 Refine? True
 Extinction coeff:     0.0000 Refine? False
 March-Dollase PO:     1.0000 Refine? False Axis: 0 0 1

 Size model    : isotropic equatorial:       1.000 Refine? False
	 LG mixing coeff.:       1.0000 Refine? False

 Mustrain model:  uniaxial equatorial:      1000.0 Refine? False axial:      1000.0 Refine? True
	 LG mixing coeff.:      1.0000 Refine? True

 Hydrostatic/elastic strain:
 names :         D11         D22         D33
 values:           0           0           0
 refine:       False       False       False

 Phase: Cs4PbBr6-fit in histogram: PWDR YN33_20N_speed0.5_CsPbBr3_90min_20240617_203430_G01_S01.xye
=======================================================================================================================================
 Phase fraction  :     1.8888 Refine? True
 Extinction coeff:     0.0000 Refine? False
 March-Dollase PO:     1.0000 Refine? False Axis: 0 0 1

 Size model    : isotropic equatorial:       1.000 Refine? False
	 LG mixing coeff.:       1.0000 Refine? False

 Mustrain model:  uniaxial equatorial:      1000.0 Refine? False axial:      1000.0 Refine? True
	 LG mixing coeff.:      1.0000 Refine? True

 Hydrostatic/elastic strain:
 names :         D11         D33
 values:           0           0
 refine:       False       False

 Histogram: PWDR YN33_20N_speed0.5_CsPbBr3_90min_20240617_203430_G01_S01.xye histogram Id: 0
=======================================================================================================================================
 Instrument type: Bragg-Brentano
 Histogram limits:    10.00 deg to    50.00 deg

 Sample Parameters:
 Goniometer omega = 0.00, chi = 0.00, phi = 0.00
 name  :         Scale         Shift  Transparency    SurfRoughA    SurfRoughB
 value :        1.0000       -1.9803        0.0000        0.0000        0.0802
 refine:         False          True         False         False          True

 Instrument Parameters:
 name  :     Azimuth        Bank I(L2)/I(L1)        Lam1        Lam2    Polariz.        SH/L
 value :    0.000000    1.000000    0.500000    1.540500    1.544300    0.700000    0.027004
 refine:                   False       False                               False        True

 name  :           U           V           W           X           Y           Z        Zero
 value :    2.000000 -165.609509   85.914199    0.000000   15.558903    0.000000    0.000000
 refine:       False        True        True       False        True       False       False

 Background function: cosine Refine? True
 Coefficients:    882.239  1003.626   747.606   580.445   447.847   375.593   305.895   221.872   138.770    90.873    67.256
                   34.655     4.351     0.266    -3.392    -7.171

 Refinement results:
---------------------------------------------------------------------------------------------------------------------------------------
 Number of function calls: 7 No. of observations: 4001 No. of parameters: 73 User rejected: 0 Sp. gp. extinct: 0
 Refinement time =    5.152s,    5.152s/cycle, for 1 cycles
 wR =    6.70%, chi**2 =      15826.8, GOF =   2.01
----------------------------------------------------------------------------------------------------------------------------------
Parameters generated by constraints

 name  :          0::A0          3::A0
 value :        0.05429        0.00710
 sig   :        0.00001        0.00000

 Phases:
 Result for phase: CsBr
=======================================================================================================================================
 Reciprocal metric tensor: 
  names :            A11            A22            A33            A12            A13            A23
  values:    0.054294312    0.054294312    0.054294312    0.000000000    0.000000000    0.000000000
  esds  :    0.000009272                                                                           
 New unit cell:
  names :           a           b           c       alpha        beta       gamma      Volume
  values:    4.291636    4.291636    4.291636     90.0000     90.0000     90.0000      79.044
  esds  :    0.000366    0.000366    0.000366                                           0.020

 Atoms:
   name      x         y         z      frac   Uiso     U11     U22     U33     U12     U13     U23
---------------------------------------------------------------------------------------------------------------------------------------
     Br     Br:
 values:   0.50000   0.50000   0.50000   1.000 0.09884
 sig   :                                       0.01092
     Cs     Cs:
 values:   0.00000   0.00000   0.00000   1.000 0.07590
 sig   :                                       0.00898

 Density: 4.470652.4 g/cm**3
 Result for phase: PbBr2
=======================================================================================================================================
 Reciprocal metric tensor: 
  names :            A11            A22            A33            A12            A13            A23
  values:    0.015411210    0.044718044    0.011011810    0.000000000    0.000000000    0.000000000
  esds  :    0.000001541    0.000004451    0.000001255                                             
 New unit cell:
  names :           a           b           c       alpha        beta       gamma      Volume
  values:    8.055298    4.728883    9.529512     90.0000     90.0000     90.0000     363.004
  esds  :    0.000403    0.000235    0.000543                                           0.044

 Atoms:
   name      x         y         z      frac   Uiso     U11     U22     U33     U12     U13     U23
---------------------------------------------------------------------------------------------------------------------------------------
    Br1     Br:
 values:   0.01905   0.25000   0.65765   1.000 0.03121
 sig   :   0.00073             0.00054         0.00383
    Br2     Br:
 values:   0.13940   0.25000   0.07483   1.000 0.01656
 sig   :   0.00053             0.00067         0.00339
    Pb1     Pb:
 values:   0.23638   0.25000   0.40892   1.000 0.03961
 sig   :   0.00041             0.00028         0.00234

 Density: 6.715433.4 g/cm**3
 Result for phase: CsPbBr3-Pbnm
=======================================================================================================================================
 Reciprocal metric tensor: 
  names :            A11            A22            A33            A12            A13            A23
  values:    0.014838661    0.014731681    0.007242682    0.000000000    0.000000000    0.000000000
  esds  :    0.000007379    0.000007281    0.000002266                                             
 New unit cell:
  names :           a           b           c       alpha        beta       gamma      Volume
  values:    8.209234    8.238988   11.750336     90.0000     90.0000     90.0000     794.743
  esds  :    0.002041    0.002036    0.001838                                           0.194

 Atoms:
   name      x         y         z      frac   Uiso     U11     U22     U33     U12     U13     U23
---------------------------------------------------------------------------------------------------------------------------------------
    Cs1     Cs:
 values:   0.97321   0.97086   0.25000   1.000 0.03422
 sig   :   0.00446   0.00436                   0.01109
    Pb2     Pb:
 values:   0.50000   0.00000   0.00000   1.000 0.02992
 sig   :                                       0.00637
    Br3     Br:
 values:   0.03852   0.51108   0.25000   1.000 0.11196
 sig   :   0.00841   0.01063                   0.02343
    Br4     Br:
 values:   0.79287   0.21161   0.03442   1.000 0.01457
 sig   :   0.00568   0.00641   0.00240         0.01275

 Density: 4.845890.4 g/cm**3
 Result for phase: Cs4PbBr6-fit
=======================================================================================================================================
 Reciprocal metric tensor: 
  names :            A11            A22            A33            A12            A13            A23
  values:    0.007099020    0.007099020    0.003346145    0.007099020    0.000000000    0.000000000
  esds  :    0.000000729                   0.000000387                                             
 New unit cell:
  names :           a           b           c       alpha        beta       gamma      Volume
  values:   13.704720   13.704720   17.287318     90.0000     90.0000    120.0000    2811.892
  esds  :    0.001173    0.001173    0.001000                                           0.403

 Atoms:
   name      x         y         z      frac   Uiso     U11     U22     U33     U12     U13     U23
---------------------------------------------------------------------------------------------------------------------------------------
    Pb1     Pb:
 values:   0.00000   0.00000   0.00000   1.000 0.01816
 sig   :                                       0.00222
    Cs2     Cs:
 values:  -0.29077  -0.33330  -0.08330   1.000-0.01345
 sig   :   0.00055                             0.00223
    Cs3     Cs:
 values:   0.00000   0.00000   0.25000   1.000 0.02072
 sig   :                                       0.00256
    Br4     Br:
 values:   0.03105  -0.16798  -0.09981   1.000 0.01561
 sig   :   0.00047   0.00043   0.00035         0.00173

 Density: 4.316545.4 g/cm**3

 Phase: CsBr in histogram: PWDR YN33_20N_speed0.5_CsPbBr3_90min_20240617_203430_G01_S01.xye
=======================================================================================================================================
 Final refinement RF, RF^2 = 2.43%, 1.69% on 5 reflections
 Durbin-Watson statistic = 0.378
 Bragg intensity sum = 8.67e+04
 Phase fraction  :   12.91377, sig    0.54409 Weight fraction  :  0.08481, sig    0.00357

 Mustrain model:  uniaxial
 equatorial:      1000.0 axial:       584.1, sig:  3133.8 LG mix coeff.:      1.0120, sig:   0.229

 Phase: PbBr2 in histogram: PWDR YN33_20N_speed0.5_CsPbBr3_90min_20240617_203430_G01_S01.xye
=======================================================================================================================================
 Final refinement RF, RF^2 = 2.05%, 2.82% on 41 reflections
 Durbin-Watson statistic = 0.378
 Bragg intensity sum = 7.17e+05
 Phase fraction  :    9.01843, sig    0.16796 Weight fraction  :  0.40855, sig    0.00761

 Mustrain model:  uniaxial
 equatorial:      1000.0 axial:      1000.5, sig:   220.1 LG mix coeff.:      1.0061, sig:   0.117

 Phase: CsPbBr3-Pbnm in histogram: PWDR YN33_20N_speed0.5_CsPbBr3_90min_20240617_203430_G01_S01.xye
=======================================================================================================================================
 Final refinement RF, RF^2 = 2.96%, 4.48% on 77 reflections
 Durbin-Watson statistic = 0.378
 Bragg intensity sum = 1.5e+05
 Phase fraction  :    1.12822, sig    0.03933 Weight fraction  :  0.08075, sig    0.00282

 Mustrain model:  uniaxial
 equatorial:      1000.0 axial:       839.2, sig:   810.4 LG mix coeff.:      0.9596, sig:   0.560

 Phase: Cs4PbBr6-fit in histogram: PWDR YN33_20N_speed0.5_CsPbBr3_90min_20240617_203430_G01_S01.xye
=======================================================================================================================================
 Final refinement RF, RF^2 = 3.27%, 5.73% on 55 reflections
 Durbin-Watson statistic = 0.378
 Bragg intensity sum = 8.01e+05
 Phase fraction  :    1.88813, sig    0.02666 Weight fraction  :  0.42589, sig    0.00601

 Mustrain model:  uniaxial
 equatorial:      1000.0 axial:      1003.6, sig:   217.3 LG mix coeff.:      0.9917, sig:   0.111

 Histogram: PWDR YN33_20N_speed0.5_CsPbBr3_90min_20240617_203430_G01_S01.xye histogram Id: 0
=======================================================================================================================================
 PWDR histogram weight factor = 1.000
 Final refinement wR = 6.70% on 4001 observations in this histogram
 Other residuals: R = 5.32%, R-bkg = 5.51%, wR-bkg = 6.70% wRmin = 3.37%
 Instrument type: Bragg-Brentano

 Resonant form factors:(ref: D.T. Cromer & D.A. Liberman (1981), Acta Cryst. A37, 267-268.)
 Element:       Br       Cs       Pb
 f'     :   -0.679   -0.745   -4.078
 f"     :    1.281    7.902    8.501

 Sample Parameters:
 names :         Scale         Shift  Transparency    SurfRoughA    SurfRoughB
 values:        1.0000       -1.9687        0.0000        0.0000        0.0802
 sig   :                      4.8712                                    0.0022

 Instrument Parameters:
 names :        Bank I(L2)/I(L1)    Polariz.        SH/L
 value :    1.000000    0.500000    0.700000    0.027019
 sig   :                                        0.001630

 Instrument Parameters:
 names :           U           V           W           X           Y           Z        Zero
 value :    2.000000 -165.474148   85.895741    0.000000   15.550344    0.000000    0.000000
 sig   :                7.392804    1.917762                0.417751                        

 Background function: cosine
 value :      882.3      1004     747.6     580.4     447.9     375.5       306     221.8     138.8     90.84      67.3     34.68     4.302    0.2415    -3.365    -7.161
 sig   :      16.75      30.7     22.43     9.819     4.734     18.62     30.05     37.65     40.89     39.78     35.06     28.19     20.55     13.49      7.72     3.842
 Background sums: empirical 1.76e+06, Debye 0, peaks 0, Total 1.76e+06
