********************************************************************************
   General Structure Analysis System-II Crystal Structure Refinement
              by Robert B. Von Dreele & Brian H. Toby
                Argonne National Laboratory(C), 2010
 This product includes software developed by the UChicago Argonne, LLC,
            as Operator of Argonne National Laboratory.
                          Please cite:
   B.H. Toby & R.B. Von Dreele, J. Appl. Cryst. 46, 544-549 (2013)
********************************************************************************
 Least squares controls:
 Refinement type: analytic Hessian
 Maximum number of cycles: 10
 Regularize hydrogens (if any): False
 Initial shift factor: 1.000

 Phases:

 Phase name: CsBr
=======================================================================================================================================

 X-ray scattering factors:
   Symbol     fa                                      fb                                      fc
---------------------------------------------------------------------------------------------------
 Br        17.17890   5.23580   5.63770   3.98510   2.17230  16.57960   0.26090  41.43280   2.95570
 Cs        20.38920  19.10620  10.66200   1.49530   3.56900   0.31070  24.38790 213.90400   3.33520

 Neutron scattering factors:
   Symbol   isotope       mass       b       resonant terms
---------------------------------------------------------------------------------------------------
 Br      Nat. Abund.     79.904    0.679
 Cs      Nat. Abund.    132.905    0.542

 Space Group: P m -3 m
 The lattice is centrosymmetric primitive cubic
 The Laue symmetry is m3m
 The lattice point group is m3m
 Multiplicity of a general site is 48
 The inversion center is located at 0,0,0
 
 The equivalent positions are:

 ( 1)     X,     Y,     Z 
 ( 2)     Z,     X,     Y 
 ( 3)     Y,     Z,     X 
 ( 4)     X,     Y,    -Z 
 ( 5)    -Z,     X,     Y 
 ( 6)     Y,    -Z,     X 
 ( 7)    -Z,     X,    -Y 
 ( 8)    -Y,    -Z,     X 
 ( 9)     Y,    -Z,    -X 
 (10)    -X,     Y,    -Z 
 (11)    -Z,    -X,     Y 
 (12)     X,    -Y,    -Z 
 (13)     Y,     X,     Z 
 (14)     Z,     Y,     X 
 (15)     X,     Z,     Y 
 (16)     Y,     X,    -Z 
 (17)    -Z,     Y,     X 
 (18)     X,    -Z,     Y 
 (19)    -Z,     Y,    -X 
 (20)    -X,    -Z,     Y 
 (21)     X,    -Z,    -Y 
 (22)    -Y,     X,    -Z 
 (23)    -Z,    -Y,     X 
 (24)     Y,    -X,    -Z 

 Atoms:
   name    type  refine?   x         y         z      frac site sym  mult I/A   Uiso     U11     U22     U33     U12     U13     U23
---------------------------------------------------------------------------------------------------------------------------------------
     Br     Br     XU   0.50000   0.50000   0.50000   1.000    m3m    1    I 0.05702                                                
     Cs     Cs     XU   0.00000   0.00000   0.00000   1.000    m3m    1    I 0.05966                                                

 Unit cell: a = 4.29139 b = 4.29139 c = 4.29139 alpha = 90.000 beta = 90.000 gamma = 90.000 volume = 79.030 Refine? True

 Spherical harmonics texture: Order:0

 Phase name: PbBr2
=======================================================================================================================================

 X-ray scattering factors:
   Symbol     fa                                      fb                                      fc
---------------------------------------------------------------------------------------------------
 Br        17.17890   5.23580   5.63770   3.98510   2.17230  16.57960   0.26090  41.43280   2.95570
 Pb        31.06170  13.06370  18.44200   5.96960   0.69020   2.35760   8.61800  47.25790  13.41180

 Neutron scattering factors:
   Symbol   isotope       mass       b       resonant terms
---------------------------------------------------------------------------------------------------
 Br      Nat. Abund.     79.904    0.679
 Pb      Nat. Abund.    207.200    0.940

 Space Group: P n m a
 The lattice is centrosymmetric primitive orthorhombic
 The Laue symmetry is mmm
 The lattice point group is mmm
 Multiplicity of a general site is 8
 The inversion center is located at 0,0,0
 
 The equivalent positions are:

 ( 1)     X,     Y,     Z 
 ( 2) 1/2-X, 1/2+Y, 1/2+Z 
 ( 3)     X, 1/2-Y,     Z 
 ( 4) 1/2-X,    -Y, 1/2+Z 

 Atoms:
   name    type  refine?   x         y         z      frac site sym  mult I/A   Uiso     U11     U22     U33     U12     U13     U23
---------------------------------------------------------------------------------------------------------------------------------------
    Br1     Br     XU   0.01807   0.25000   0.66054   1.000   m(y)    4    I 0.02691                                                
    Br2     Br     XU   0.14745   0.25000   0.07178   1.000   m(y)    4    I 0.00748                                                
    Pb1     Pb     XU   0.23382   0.25000   0.41195   1.000   m(y)    4    I 0.04442                                                

 Unit cell: a = 8.05361 b = 4.72904 c = 9.53195 alpha = 90.000 beta = 90.000 gamma = 90.000 volume = 363.032 Refine? True

 Spherical harmonics texture: Order:0

 Phase name: CsPbBr3-Pbnm
=======================================================================================================================================

 X-ray scattering factors:
   Symbol     fa                                      fb                                      fc
---------------------------------------------------------------------------------------------------
 Cs        20.38920  19.10620  10.66200   1.49530   3.56900   0.31070  24.38790 213.90400   3.33520
 Pb        31.06170  13.06370  18.44200   5.96960   0.69020   2.35760   8.61800  47.25790  13.41180
 Br        17.17890   5.23580   5.63770   3.98510   2.17230  16.57960   0.26090  41.43280   2.95570

 Neutron scattering factors:
   Symbol   isotope       mass       b       resonant terms
---------------------------------------------------------------------------------------------------
 Cs      Nat. Abund.    132.905    0.542
 Pb      Nat. Abund.    207.200    0.940
 Br      Nat. Abund.     79.904    0.679

 Space Group: P b n m
 The lattice is centrosymmetric primitive orthorhombic
 The Laue symmetry is mmm
 The lattice point group is mmm
 Multiplicity of a general site is 8
 The inversion center is located at 0,0,0
 
 The equivalent positions are:

 ( 1)     X,     Y,     Z 
 ( 2) 1/2-X, 1/2+Y,     Z 
 ( 3) 1/2+X, 1/2-Y, 1/2+Z 
 ( 4)    -X,    -Y, 1/2+Z 

 Atoms:
   name    type  refine?   x         y         z      frac site sym  mult I/A   Uiso     U11     U22     U33     U12     U13     U23
---------------------------------------------------------------------------------------------------------------------------------------
    Cs1     Cs     XU   0.97325   0.98104   0.25000   1.000   m(z)    4    I 0.04848                                                
    Pb2     Pb     XU   0.50000   0.00000   0.00000   1.000     -1    4    I 0.02387                                                
    Br3     Br     XU   0.02592   0.45168   0.25000   1.000   m(z)    4    I 0.06921                                                
    Br4     Br     XU   0.81620   0.20307   0.02279   1.000      1    8    I 0.03301                                                

 Unit cell: a = 8.20139 b = 8.24327 c = 11.74516 alpha = 90.000 beta = 90.000 gamma = 90.000 volume = 794.047 Refine? True

 Spherical harmonics texture: Order:0

 Phase name: Cs4PbBr6-fit
=======================================================================================================================================

 X-ray scattering factors:
   Symbol     fa                                      fb                                      fc
---------------------------------------------------------------------------------------------------
 Pb        31.06170  13.06370  18.44200   5.96960   0.69020   2.35760   8.61800  47.25790  13.41180
 Cs        20.38920  19.10620  10.66200   1.49530   3.56900   0.31070  24.38790 213.90400   3.33520
 Br        17.17890   5.23580   5.63770   3.98510   2.17230  16.57960   0.26090  41.43280   2.95570

 Neutron scattering factors:
   Symbol   isotope       mass       b       resonant terms
---------------------------------------------------------------------------------------------------
 Pb      Nat. Abund.    207.200    0.940
 Cs      Nat. Abund.    132.905    0.542
 Br      Nat. Abund.     79.904    0.679

 Space Group: R -3 c
 The lattice is centrosymmetric R-centered trigonal
 The Laue symmetry is 3m1
 The lattice point group is -3m
 Multiplicity of a general site is 36
 The inversion center is located at 0,0,0
 
 The equivalent positions are:

 (0,0,0; 2/3,1/3,1/3; 1/3,2/3,2/3)+

 ( 1)     X,     Y,     Z 
 ( 2)    -Y,   X-Y,     Z 
 ( 3)   Y-X,    -X,     Z 
 ( 4)   Y-X,     Y, 1/2+Z 
 ( 5)    -Y,    -X, 1/2+Z 
 ( 6)     X,   X-Y, 1/2+Z 

 Atoms:
   name    type  refine?   x         y         z      frac site sym  mult I/A   Uiso     U11     U22     U33     U12     U13     U23
---------------------------------------------------------------------------------------------------------------------------------------
    Pb1     Pb     XU   0.00000   0.00000   0.00000   1.000     -3    6    I 0.01094                                                
    Cs2     Cs     XU  -0.28505  -0.33330  -0.08330   1.000 2(100)   18    I-0.03834                                                
    Cs3     Cs     XU   0.00000   0.00000   0.25000   1.00032(100)    6    I 0.05015                                                
    Br4     Br     XU   0.00347  -0.16598  -0.09949   1.000      1   36    I 0.08876                                                

 Unit cell: a = 13.70682 b = 13.70682 c = 17.28402 alpha = 90.000 beta = 90.000 gamma = 120.000 volume = 2812.217 Refine? True

 Spherical harmonics texture: Order:0

 Phase: CsBr in histogram: PWDR YN30_10N_speed1.0_groundCs_CsPbBr3_120min_20240616_161607_G01_S01.xye
=======================================================================================================================================
 Phase fraction  :    44.0281 Refine? True
 Extinction coeff:     0.0000 Refine? False
 March-Dollase PO:     1.0000 Refine? False Axis: 0 0 1

 Size model    : isotropic equatorial:       1.000 Refine? False
	 LG mixing coeff.:       1.0000 Refine? False

 Mustrain model:  uniaxial equatorial:      1000.0 Refine? False axial:      1000.0 Refine? True
	 LG mixing coeff.:      1.0000 Refine? True

 Hydrostatic/elastic strain:
 names :         D11          eA
 values:           0           0
 refine:       False       False

 Phase: PbBr2 in histogram: PWDR YN30_10N_speed1.0_groundCs_CsPbBr3_120min_20240616_161607_G01_S01.xye
=======================================================================================================================================
 Phase fraction  :     8.9683 Refine? True
 Extinction coeff:     0.0000 Refine? False
 March-Dollase PO:     1.0000 Refine? False Axis: 0 0 1

 Size model    : isotropic equatorial:       1.000 Refine? False
	 LG mixing coeff.:       1.0000 Refine? False

 Mustrain model:  uniaxial equatorial:      1000.0 Refine? False axial:      1000.0 Refine? True
	 LG mixing coeff.:      1.0000 Refine? True

 Hydrostatic/elastic strain:
 names :         D11         D22         D33
 values:           0           0           0
 refine:       False       False       False

 Phase: CsPbBr3-Pbnm in histogram: PWDR YN30_10N_speed1.0_groundCs_CsPbBr3_120min_20240616_161607_G01_S01.xye
=======================================================================================================================================
 Phase fraction  :     2.2820 Refine? True
 Extinction coeff:     0.0000 Refine? False
 March-Dollase PO:     1.0000 Refine? False Axis: 0 0 1

 Size model    : isotropic equatorial:       1.000 Refine? False
	 LG mixing coeff.:       1.0000 Refine? False

 Mustrain model:  uniaxial equatorial:      1000.0 Refine? False axial:      1000.0 Refine? True
	 LG mixing coeff.:      1.0000 Refine? True

 Hydrostatic/elastic strain:
 names :         D11         D22         D33
 values:           0           0           0
 refine:       False       False       False

 Phase: Cs4PbBr6-fit in histogram: PWDR YN30_10N_speed1.0_groundCs_CsPbBr3_120min_20240616_161607_G01_S01.xye
=======================================================================================================================================
 Phase fraction  :     0.4804 Refine? True
 Extinction coeff:     0.0000 Refine? False
 March-Dollase PO:     1.0000 Refine? False Axis: 0 0 1

 Size model    : isotropic equatorial:       1.000 Refine? False
	 LG mixing coeff.:       1.0000 Refine? False

 Mustrain model:  uniaxial equatorial:      1000.0 Refine? False axial:      1000.0 Refine? True
	 LG mixing coeff.:      1.0000 Refine? True

 Hydrostatic/elastic strain:
 names :         D11         D33
 values:           0           0
 refine:       False       False

 Histogram: PWDR YN30_10N_speed1.0_groundCs_CsPbBr3_120min_20240616_161607_G01_S01.xye histogram Id: 0
=======================================================================================================================================
 Instrument type: Bragg-Brentano
 Histogram limits:    10.00 deg to    50.00 deg

 Sample Parameters:
 Goniometer omega = 0.00, chi = 0.00, phi = 0.00
 name  :         Scale         Shift  Transparency    SurfRoughA    SurfRoughB
 value :        1.0000     -371.2913        0.0000        0.0000        0.0407
 refine:         False          True         False         False          True

 Instrument Parameters:
 name  :     Azimuth        Bank I(L2)/I(L1)        Lam1        Lam2    Polariz.        SH/L
 value :    0.000000    1.000000    0.500000    1.540500    1.544300    0.700000   -0.000732
 refine:                   False       False                               False        True

 name  :           U           V           W           X           Y           Z        Zero
 value : -137.113637   74.635959    5.000000    2.769014   -0.040702    0.000000   -0.338068
 refine:        True        True       False        True        True       False        True

 Background function: log interpolate Refine? True
 Coefficients:    898.544   871.009   714.993   696.753   624.203   587.637   490.443   397.917   360.705   399.841   372.892
                  383.694   326.483   332.322   253.989

 Refinement results:
---------------------------------------------------------------------------------------------------------------------------------------
 Number of function calls: 16 No. of observations: 4001 No. of parameters: 74 User rejected: 0 Sp. gp. extinct: 0
 Refinement time =   11.503s,    2.876s/cycle, for 4 cycles
 wR =    8.74%, chi**2 =      26924.2, GOF =   2.62
----------------------------------------------------------------------------------------------------------------------------------
Parameters generated by constraints

 name  :          0::A0          3::A0
 value :        0.05430        0.00710
 sig   :        0.00001        0.00000

 Phases:
 Result for phase: CsBr
=======================================================================================================================================
 Reciprocal metric tensor: 
  names :            A11            A22            A33            A12            A13            A23
  values:    0.054297722    0.054297722    0.054297722    0.000000000    0.000000000    0.000000000
  esds  :    0.000007273                                                                           
 New unit cell:
  names :           a           b           c       alpha        beta       gamma      Volume
  values:    4.291501    4.291501    4.291501     90.0000     90.0000     90.0000      79.036
  esds  :    0.000287    0.000287    0.000287                                           0.016

 Atoms:
   name      x         y         z      frac   Uiso     U11     U22     U33     U12     U13     U23
---------------------------------------------------------------------------------------------------------------------------------------
     Br     Br:
 values:   0.50000   0.50000   0.50000   1.000 0.06034
 sig   :                                       0.00428
     Cs     Cs:
 values:   0.00000   0.00000   0.00000   1.000 0.06254
 sig   :                                       0.00398

 Density: 4.471073.4 g/cm**3
 Result for phase: PbBr2
=======================================================================================================================================
 Reciprocal metric tensor: 
  names :            A11            A22            A33            A12            A13            A23
  values:    0.015419131    0.044714458    0.011004669    0.000000000    0.000000000    0.000000000
  esds  :    0.000001650    0.000004754    0.000001165                                             
 New unit cell:
  names :           a           b           c       alpha        beta       gamma      Volume
  values:    8.053229    4.729073    9.532603     90.0000     90.0000     90.0000     363.043
  esds  :    0.000431    0.000251    0.000504                                           0.050

 Atoms:
   name      x         y         z      frac   Uiso     U11     U22     U33     U12     U13     U23
---------------------------------------------------------------------------------------------------------------------------------------
    Br1     Br:
 values:   0.01802   0.25000   0.66125   1.000 0.03253
 sig   :   0.00073             0.00054         0.00438
    Br2     Br:
 values:   0.14808   0.25000   0.07152   1.000 0.00841
 sig   :   0.00056             0.00068         0.00388
    Pb1     Pb:
 values:   0.23335   0.25000   0.41264   1.000 0.04790
 sig   :   0.00041             0.00030         0.00300

 Density: 6.714711.4 g/cm**3
 Result for phase: CsPbBr3-Pbnm
=======================================================================================================================================
 Reciprocal metric tensor: 
  names :            A11            A22            A33            A12            A13            A23
  values:    0.014873136    0.014711066    0.007249034    0.000000000    0.000000000    0.000000000
  esds  :    0.000003160    0.000003107    0.000001195                                             
 New unit cell:
  names :           a           b           c       alpha        beta       gamma      Volume
  values:    8.199714    8.244758   11.745187     90.0000     90.0000     90.0000     794.029
  esds  :    0.000871    0.000871    0.000968                                           0.131

 Atoms:
   name      x         y         z      frac   Uiso     U11     U22     U33     U12     U13     U23
---------------------------------------------------------------------------------------------------------------------------------------
    Cs1     Cs:
 values:   0.97061   0.98651   0.25000   1.000 0.04939
 sig   :   0.00227   0.00198                   0.00620
    Pb2     Pb:
 values:   0.50000   0.00000   0.00000   1.000 0.01987
 sig   :                                       0.00396
    Br3     Br:
 values:   0.02397   0.43093   0.25000   1.000 0.02928
 sig   :   0.00412   0.00332                   0.01067
    Br4     Br:
 values:   0.82021   0.20675   0.01806   1.000 0.02521
 sig   :   0.00193   0.00255   0.00202         0.00800

 Density: 4.850245.4 g/cm**3
 Result for phase: Cs4PbBr6-fit
=======================================================================================================================================
 Reciprocal metric tensor: 
  names :            A11            A22            A33            A12            A13            A23
  values:    0.007097215    0.007097215    0.003346402    0.007097215    0.000000000    0.000000000
  esds  :    0.000001172                   0.000000762                                             
 New unit cell:
  names :           a           b           c       alpha        beta       gamma      Volume
  values:   13.706463   13.706463   17.286655     90.0000     90.0000    120.0000    2812.499
  esds  :    0.001886    0.001886    0.001968                                           0.591

 Atoms:
   name      x         y         z      frac   Uiso     U11     U22     U33     U12     U13     U23
---------------------------------------------------------------------------------------------------------------------------------------
    Pb1     Pb:
 values:   0.00000   0.00000   0.00000   1.000 0.02108
 sig   :                                       0.00833
    Cs2     Cs:
 values:  -0.28971  -0.33330  -0.08330   1.000-0.03352
 sig   :   0.00186                             0.00804
    Cs3     Cs:
 values:   0.00000   0.00000   0.25000   1.000 0.06699
 sig   :                                       0.01142
    Br4     Br:
 values:  -0.01128  -0.17707  -0.10186   1.000 0.09495
 sig   :   0.00357   0.00200   0.00129         0.00847

 Density: 4.315613.4 g/cm**3

 Phase: CsBr in histogram: PWDR YN30_10N_speed1.0_groundCs_CsPbBr3_120min_20240616_161607_G01_S01.xye
=======================================================================================================================================
 Final refinement RF, RF^2 = 3.90%, 4.16% on 5 reflections
 Durbin-Watson statistic = 0.232
 Bragg intensity sum = 3.67e+05
 Phase fraction  :   44.81137, sig    1.38306 Weight fraction  :  0.29416, sig    0.00908

 Mustrain model:  uniaxial
 equatorial:      1000.0 axial:       972.1, sig:  2594.9 LG mix coeff.:      0.8594, sig:   0.199

 Phase: PbBr2 in histogram: PWDR YN30_10N_speed1.0_groundCs_CsPbBr3_120min_20240616_161607_G01_S01.xye
=======================================================================================================================================
 Final refinement RF, RF^2 = 4.22%, 9.94% on 41 reflections
 Durbin-Watson statistic = 0.232
 Bragg intensity sum = 7.97e+05
 Phase fraction  :    9.24220, sig    0.28008 Weight fraction  :  0.41851, sig    0.01268

 Mustrain model:  uniaxial
 equatorial:      1000.0 axial:       189.4, sig:    36.8 LG mix coeff.:      2.3781, sig:   0.185

 Phase: CsPbBr3-Pbnm in histogram: PWDR YN30_10N_speed1.0_groundCs_CsPbBr3_120min_20240616_161607_G01_S01.xye
=======================================================================================================================================
 Final refinement RF, RF^2 = 4.60%, 4.75% on 77 reflections
 Durbin-Watson statistic = 0.232
 Bragg intensity sum = 3.71e+05
 Phase fraction  :    2.40950, sig    0.08881 Weight fraction  :  0.17238, sig    0.00635

 Mustrain model:  uniaxial
 equatorial:      1000.0 axial:       478.5, sig:    76.6 LG mix coeff.:      2.7563, sig:   0.304

 Phase: Cs4PbBr6-fit in histogram: PWDR YN30_10N_speed1.0_groundCs_CsPbBr3_120min_20240616_161607_G01_S01.xye
=======================================================================================================================================
 Final refinement RF, RF^2 = 6.94%, 12.38% on 55 reflections
 Durbin-Watson statistic = 0.232
 Bragg intensity sum = 2.39e+05
 Phase fraction  :    0.50984, sig    0.01747 Weight fraction  :  0.11495, sig    0.00394

 Mustrain model:  uniaxial
 equatorial:      1000.0 axial:      2095.8, sig:   789.1 LG mix coeff.:      1.4907, sig:   0.257

 Histogram: PWDR YN30_10N_speed1.0_groundCs_CsPbBr3_120min_20240616_161607_G01_S01.xye histogram Id: 0
=======================================================================================================================================
 PWDR histogram weight factor = 1.000
 Final refinement wR = 8.74% on 4001 observations in this histogram
 Other residuals: R = 6.69%, R-bkg = 6.96%, wR-bkg = 8.74% wRmin = 3.37%
 Instrument type: Bragg-Brentano

 Resonant form factors:(ref: D.T. Cromer & D.A. Liberman (1981), Acta Cryst. A37, 267-268.)
 Element:       Br       Cs       Pb
 f'     :   -0.679   -0.745   -4.078
 f"     :    1.281    7.902    8.501

 Sample Parameters:
 names :         Scale         Shift  Transparency    SurfRoughA    SurfRoughB
 values:        1.0000     -371.9630        0.0000        0.0000        0.0442
 sig   :                     82.2636                                    0.0043

 Instrument Parameters:
 names :        Bank I(L2)/I(L1)    Polariz.        SH/L
 value :    1.000000    0.500000    0.700000   -0.042567
 sig   :                                        0.019772

 Instrument Parameters:
 names :           U           V           W           X           Y           Z        Zero
 value : -139.394224   74.120042    5.000000    2.838855   -0.584908    0.000000   -0.337809
 sig   :   23.434162    7.547185                0.540603    2.187714                0.044961

 Background function: log interpolate
 value :        898     870.7     721.2     694.7     620.1     578.2     489.1     372.5     355.8     412.5     350.6     385.4     308.2       334       234
 sig   :      13.09     9.324     10.93     7.575      6.73      6.23     6.732     8.199     5.075     6.004      5.25     4.835     6.691     7.452     8.277
 Background sums: empirical 1.72e+06, Debye 0, peaks 0, Total 1.72e+06
