********************************************************************************
   General Structure Analysis System-II Crystal Structure Refinement
              by Robert B. Von Dreele & Brian H. Toby
                Argonne National Laboratory(C), 2010
 This product includes software developed by the UChicago Argonne, LLC,
            as Operator of Argonne National Laboratory.
                          Please cite:
   B.H. Toby & R.B. Von Dreele, J. Appl. Cryst. 46, 544-549 (2013)
********************************************************************************
 Least squares controls:
 Refinement type: analytic Hessian
 Maximum number of cycles: 10
 Regularize hydrogens (if any): False
 Initial shift factor: 1.000

 Phases:

 Phase name: CsBr
=======================================================================================================================================

 X-ray scattering factors:
   Symbol     fa                                      fb                                      fc
---------------------------------------------------------------------------------------------------
 Br        17.17890   5.23580   5.63770   3.98510   2.17230  16.57960   0.26090  41.43280   2.95570
 Cs        20.38920  19.10620  10.66200   1.49530   3.56900   0.31070  24.38790 213.90400   3.33520

 Neutron scattering factors:
   Symbol   isotope       mass       b       resonant terms
---------------------------------------------------------------------------------------------------
 Br      Nat. Abund.     79.904    0.679
 Cs      Nat. Abund.    132.905    0.542

 Space Group: P m -3 m
 The lattice is centrosymmetric primitive cubic
 The Laue symmetry is m3m
 The lattice point group is m3m
 Multiplicity of a general site is 48
 The inversion center is located at 0,0,0
 
 The equivalent positions are:

 ( 1)     X,     Y,     Z 
 ( 2)     Z,     X,     Y 
 ( 3)     Y,     Z,     X 
 ( 4)     X,     Y,    -Z 
 ( 5)    -Z,     X,     Y 
 ( 6)     Y,    -Z,     X 
 ( 7)    -Z,     X,    -Y 
 ( 8)    -Y,    -Z,     X 
 ( 9)     Y,    -Z,    -X 
 (10)    -X,     Y,    -Z 
 (11)    -Z,    -X,     Y 
 (12)     X,    -Y,    -Z 
 (13)     Y,     X,     Z 
 (14)     Z,     Y,     X 
 (15)     X,     Z,     Y 
 (16)     Y,     X,    -Z 
 (17)    -Z,     Y,     X 
 (18)     X,    -Z,     Y 
 (19)    -Z,     Y,    -X 
 (20)    -X,    -Z,     Y 
 (21)     X,    -Z,    -Y 
 (22)    -Y,     X,    -Z 
 (23)    -Z,    -Y,     X 
 (24)     Y,    -X,    -Z 

 Atoms:
   name    type  refine?   x         y         z      frac site sym  mult I/A   Uiso     U11     U22     U33     U12     U13     U23
---------------------------------------------------------------------------------------------------------------------------------------
     Br     Br     XU   0.50000   0.50000   0.50000   1.000    m3m    1    I 0.06279                                                
     Cs     Cs     XU   0.00000   0.00000   0.00000   1.000    m3m    1    I 0.05999                                                

 Unit cell: a = 4.29225 b = 4.29225 c = 4.29225 alpha = 90.000 beta = 90.000 gamma = 90.000 volume = 79.078 Refine? True

 Spherical harmonics texture: Order:0

 Phase name: PbBr2
=======================================================================================================================================

 X-ray scattering factors:
   Symbol     fa                                      fb                                      fc
---------------------------------------------------------------------------------------------------
 Br        17.17890   5.23580   5.63770   3.98510   2.17230  16.57960   0.26090  41.43280   2.95570
 Pb        31.06170  13.06370  18.44200   5.96960   0.69020   2.35760   8.61800  47.25790  13.41180

 Neutron scattering factors:
   Symbol   isotope       mass       b       resonant terms
---------------------------------------------------------------------------------------------------
 Br      Nat. Abund.     79.904    0.679
 Pb      Nat. Abund.    207.200    0.940

 Space Group: P n m a
 The lattice is centrosymmetric primitive orthorhombic
 The Laue symmetry is mmm
 The lattice point group is mmm
 Multiplicity of a general site is 8
 The inversion center is located at 0,0,0
 
 The equivalent positions are:

 ( 1)     X,     Y,     Z 
 ( 2) 1/2-X, 1/2+Y, 1/2+Z 
 ( 3)     X, 1/2-Y,     Z 
 ( 4) 1/2-X,    -Y, 1/2+Z 

 Atoms:
   name    type  refine?   x         y         z      frac site sym  mult I/A   Uiso     U11     U22     U33     U12     U13     U23
---------------------------------------------------------------------------------------------------------------------------------------
    Br1     Br     XU   0.02053   0.25000   0.65970   1.000   m(y)    4    I 0.03887                                                
    Br2     Br     XU   0.14542   0.25000   0.06490   1.000   m(y)    4    I 0.00631                                                
    Pb1     Pb     XU   0.23500   0.25000   0.41260   1.000   m(y)    4    I 0.02665                                                

 Unit cell: a = 8.05558 b = 4.72996 c = 9.53270 alpha = 90.000 beta = 90.000 gamma = 90.000 volume = 363.220 Refine? True

 Spherical harmonics texture: Order:0

 Phase name: CsPbBr3-Pbnm
=======================================================================================================================================

 X-ray scattering factors:
   Symbol     fa                                      fb                                      fc
---------------------------------------------------------------------------------------------------
 Cs        20.38920  19.10620  10.66200   1.49530   3.56900   0.31070  24.38790 213.90400   3.33520
 Pb        31.06170  13.06370  18.44200   5.96960   0.69020   2.35760   8.61800  47.25790  13.41180
 Br        17.17890   5.23580   5.63770   3.98510   2.17230  16.57960   0.26090  41.43280   2.95570

 Neutron scattering factors:
   Symbol   isotope       mass       b       resonant terms
---------------------------------------------------------------------------------------------------
 Cs      Nat. Abund.    132.905    0.542
 Pb      Nat. Abund.    207.200    0.940
 Br      Nat. Abund.     79.904    0.679

 Space Group: P b n m
 The lattice is centrosymmetric primitive orthorhombic
 The Laue symmetry is mmm
 The lattice point group is mmm
 Multiplicity of a general site is 8
 The inversion center is located at 0,0,0
 
 The equivalent positions are:

 ( 1)     X,     Y,     Z 
 ( 2) 1/2-X, 1/2+Y,     Z 
 ( 3) 1/2+X, 1/2-Y, 1/2+Z 
 ( 4)    -X,    -Y, 1/2+Z 

 Atoms:
   name    type  refine?   x         y         z      frac site sym  mult I/A   Uiso     U11     U22     U33     U12     U13     U23
---------------------------------------------------------------------------------------------------------------------------------------
    Cs1     Cs     XU   0.96489   0.99086   0.25000   1.000   m(z)    4    I 0.05058                                                
    Pb2     Pb     XU   0.50000   0.00000   0.00000   1.000     -1    4    I 0.04512                                                
    Br3     Br     XU   0.12782   0.31905   0.25000   1.000   m(z)    4    I-0.10022                                                
    Br4     Br     XU   0.92870   0.15793   0.00312   1.000      1    8    I-0.06906                                                

 Unit cell: a = 8.20293 b = 8.24359 c = 11.76808 alpha = 90.000 beta = 90.000 gamma = 90.000 volume = 795.776 Refine? True

 Spherical harmonics texture: Order:0

 Phase name: Cs4PbBr6-fit
=======================================================================================================================================

 X-ray scattering factors:
   Symbol     fa                                      fb                                      fc
---------------------------------------------------------------------------------------------------
 Pb        31.06170  13.06370  18.44200   5.96960   0.69020   2.35760   8.61800  47.25790  13.41180
 Cs        20.38920  19.10620  10.66200   1.49530   3.56900   0.31070  24.38790 213.90400   3.33520
 Br        17.17890   5.23580   5.63770   3.98510   2.17230  16.57960   0.26090  41.43280   2.95570

 Neutron scattering factors:
   Symbol   isotope       mass       b       resonant terms
---------------------------------------------------------------------------------------------------
 Pb      Nat. Abund.    207.200    0.940
 Cs      Nat. Abund.    132.905    0.542
 Br      Nat. Abund.     79.904    0.679

 Space Group: R -3 c
 The lattice is centrosymmetric R-centered trigonal
 The Laue symmetry is 3m1
 The lattice point group is -3m
 Multiplicity of a general site is 36
 The inversion center is located at 0,0,0
 
 The equivalent positions are:

 (0,0,0; 2/3,1/3,1/3; 1/3,2/3,2/3)+

 ( 1)     X,     Y,     Z 
 ( 2)    -Y,   X-Y,     Z 
 ( 3)   Y-X,    -X,     Z 
 ( 4)   Y-X,     Y, 1/2+Z 
 ( 5)    -Y,    -X, 1/2+Z 
 ( 6)     X,   X-Y, 1/2+Z 

 Atoms:
   name    type  refine?   x         y         z      frac site sym  mult I/A   Uiso     U11     U22     U33     U12     U13     U23
---------------------------------------------------------------------------------------------------------------------------------------
    Pb1     Pb     XU   0.00000   0.00000   0.00000   1.000     -3    6    I 0.00066                                                
    Cs2     Cs     XU  -0.29083  -0.33330  -0.08330   1.000 2(100)   18    I-0.02687                                                
    Cs3     Cs     XU   0.00000   0.00000   0.25000   1.00032(100)    6    I 0.01987                                                
    Br4     Br     XU   0.02751  -0.16646  -0.09936   1.000      1   36    I 0.02334                                                

 Unit cell: a = 13.70891 b = 13.70891 c = 17.29665 alpha = 90.000 beta = 90.000 gamma = 120.000 volume = 2815.131 Refine? True

 Spherical harmonics texture: Order:0

 Phase: CsBr in histogram: PWDR YN31_10N_speed0.5_groundCs_CsPbBr3_150min_20240616_220926_G01_S01.xye
=======================================================================================================================================
 Phase fraction  :    28.5427 Refine? True
 Extinction coeff:     0.0000 Refine? False
 March-Dollase PO:     1.0000 Refine? False Axis: 0 0 1

 Size model    : isotropic equatorial:       1.000 Refine? False
	 LG mixing coeff.:       1.0000 Refine? False

 Mustrain model:  uniaxial equatorial:      1000.0 Refine? False axial:      1000.0 Refine? True
	 LG mixing coeff.:      1.0000 Refine? True

 Hydrostatic/elastic strain:
 names :         D11          eA
 values:           0           0
 refine:       False       False

 Phase: PbBr2 in histogram: PWDR YN31_10N_speed0.5_groundCs_CsPbBr3_150min_20240616_220926_G01_S01.xye
=======================================================================================================================================
 Phase fraction  :     8.3165 Refine? True
 Extinction coeff:     0.0000 Refine? False
 March-Dollase PO:     1.0000 Refine? False Axis: 0 0 1

 Size model    : isotropic equatorial:       1.000 Refine? False
	 LG mixing coeff.:       1.0000 Refine? False

 Mustrain model:  uniaxial equatorial:      1000.0 Refine? False axial:      1000.0 Refine? True
	 LG mixing coeff.:      1.0000 Refine? True

 Hydrostatic/elastic strain:
 names :         D11         D22         D33
 values:           0           0           0
 refine:       False       False       False

 Phase: CsPbBr3-Pbnm in histogram: PWDR YN31_10N_speed0.5_groundCs_CsPbBr3_150min_20240616_220926_G01_S01.xye
=======================================================================================================================================
 Phase fraction  :     0.8646 Refine? True
 Extinction coeff:     0.0000 Refine? False
 March-Dollase PO:     1.0000 Refine? False Axis: 0 0 1

 Size model    : isotropic equatorial:       1.000 Refine? False
	 LG mixing coeff.:       1.0000 Refine? False

 Mustrain model:  uniaxial equatorial:      1000.0 Refine? False axial:      1000.0 Refine? True
	 LG mixing coeff.:      1.0000 Refine? True

 Hydrostatic/elastic strain:
 names :         D11         D22         D33
 values:           0           0           0
 refine:       False       False       False

 Phase: Cs4PbBr6-fit in histogram: PWDR YN31_10N_speed0.5_groundCs_CsPbBr3_150min_20240616_220926_G01_S01.xye
=======================================================================================================================================
 Phase fraction  :     1.7770 Refine? True
 Extinction coeff:     0.0000 Refine? False
 March-Dollase PO:     1.0000 Refine? False Axis: 0 0 1

 Size model    : isotropic equatorial:       1.000 Refine? False
	 LG mixing coeff.:       1.0000 Refine? False

 Mustrain model:  uniaxial equatorial:      1000.0 Refine? False axial:      1000.0 Refine? True
	 LG mixing coeff.:      1.0000 Refine? True

 Hydrostatic/elastic strain:
 names :         D11         D33
 values:           0           0
 refine:       False       False

 Histogram: PWDR YN31_10N_speed0.5_groundCs_CsPbBr3_150min_20240616_220926_G01_S01.xye histogram Id: 0
=======================================================================================================================================
 Instrument type: Bragg-Brentano
 Histogram limits:    10.00 deg to    50.00 deg

 Sample Parameters:
 Goniometer omega = 0.00, chi = 0.00, phi = 0.00
 name  :         Scale         Shift  Transparency    SurfRoughA    SurfRoughB
 value :        1.0000      225.2705        0.0000        0.0000        0.0715
 refine:         False          True         False         False          True

 Instrument Parameters:
 name  :     Azimuth        Bank I(L2)/I(L1)        Lam1        Lam2    Polariz.        SH/L
 value :    0.000000    1.000000    0.500000    1.540500    1.544300    0.700000   -0.006076
 refine:                   False       False                               False        True

 name  :           U           V           W           X           Y           Z        Zero
 value :  114.007533  -92.554064   27.404759    3.227656    0.000000    0.000000    0.000000
 refine:        True        True        True        True       False       False       False

 Background function: cosine Refine? True
 Coefficients:    915.645  1020.498   734.101   548.081   364.414   278.241   189.759    99.962    27.850

 Refinement results:
---------------------------------------------------------------------------------------------------------------------------------------
 Number of function calls: 18 No. of observations: 4001 No. of parameters: 67 User rejected: 0 Sp. gp. extinct: 0
 Refinement time =   11.456s,    2.291s/cycle, for 5 cycles
 wR =    9.61%, chi**2 =      34891.7, GOF =   2.98
----------------------------------------------------------------------------------------------------------------------------------
Parameters generated by constraints

 name  :          0::A0          3::A0
 value :        0.05428        0.00709
 sig   :        0.00001        0.00000

 Phases:
 Result for phase: CsBr
=======================================================================================================================================
 Reciprocal metric tensor: 
  names :            A11            A22            A33            A12            A13            A23
  values:    0.054277457    0.054277457    0.054277457    0.000000000    0.000000000    0.000000000
  esds  :    0.000006477                                                                           
 New unit cell:
  names :           a           b           c       alpha        beta       gamma      Volume
  values:    4.292302    4.292302    4.292302     90.0000     90.0000     90.0000      79.081
  esds  :    0.000256    0.000256    0.000256                                           0.014

 Atoms:
   name      x         y         z      frac   Uiso     U11     U22     U33     U12     U13     U23
---------------------------------------------------------------------------------------------------------------------------------------
     Br     Br:
 values:   0.50000   0.50000   0.50000   1.000 0.06311
 sig   :                                       0.00645
     Cs     Cs:
 values:   0.00000   0.00000   0.00000   1.000 0.06109
 sig   :                                       0.00586

 Density: 4.468570.4 g/cm**3
 Result for phase: PbBr2
=======================================================================================================================================
 Reciprocal metric tensor: 
  names :            A11            A22            A33            A12            A13            A23
  values:    0.015409864    0.044696901    0.011004340    0.000000000    0.000000000    0.000000000
  esds  :    0.000001387    0.000004232    0.000001054                                             
 New unit cell:
  names :           a           b           c       alpha        beta       gamma      Volume
  values:    8.055650    4.730002    9.532745     90.0000     90.0000     90.0000     363.228
  esds  :    0.000363    0.000224    0.000457                                           0.038

 Atoms:
   name      x         y         z      frac   Uiso     U11     U22     U33     U12     U13     U23
---------------------------------------------------------------------------------------------------------------------------------------
    Br1     Br:
 values:   0.02078   0.25000   0.66002   1.000 0.04196
 sig   :   0.00099             0.00076         0.00504
    Br2     Br:
 values:   0.14530   0.25000   0.06462   1.000 0.00734
 sig   :   0.00070             0.00091         0.00436
    Pb1     Pb:
 values:   0.23491   0.25000   0.41276   1.000 0.02757
 sig   :   0.00051             0.00035         0.00305

 Density: 6.711275.4 g/cm**3
 Result for phase: CsPbBr3-Pbnm
=======================================================================================================================================
 Reciprocal metric tensor: 
  names :            A11            A22            A33            A12            A13            A23
  values:    0.014860756    0.014713745    0.007219501    0.000000000    0.000000000    0.000000000
  esds  :    0.000004513    0.000003458    0.000003226                                             
 New unit cell:
  names :           a           b           c       alpha        beta       gamma      Volume
  values:    8.203129    8.244008   11.769186     90.0000     90.0000     90.0000     795.911
  esds  :    0.001246    0.000969    0.002629                                           0.195

 Atoms:
   name      x         y         z      frac   Uiso     U11     U22     U33     U12     U13     U23
---------------------------------------------------------------------------------------------------------------------------------------
    Cs1     Cs:
 values:   0.97121   0.99234   0.25000   1.000 0.05347
 sig   :   0.00556   0.00579                   0.02253
    Pb2     Pb:
 values:   0.50000   0.00000   0.00000   1.000 0.05799
 sig   :                                       0.01909
    Br3     Br:
 values:   0.13355   0.31325   0.25000   1.000-0.11364
 sig   :   0.00474   0.00616                   0.01719
    Br4     Br:
 values:   0.92932   0.15425   0.00506   1.000-0.07448
 sig   :   0.00375   0.00492   0.00353         0.01359

 Density: 4.838781.4 g/cm**3
 Result for phase: Cs4PbBr6-fit
=======================================================================================================================================
 Reciprocal metric tensor: 
  names :            A11            A22            A33            A12            A13            A23
  values:    0.007094608    0.007094608    0.003342527    0.007094608    0.000000000    0.000000000
  esds  :    0.000000654                   0.000000339                                             
 New unit cell:
  names :           a           b           c       alpha        beta       gamma      Volume
  values:   13.708981   13.708981   17.296671     90.0000     90.0000    120.0000    2815.163
  esds  :    0.001053    0.001053    0.000878                                           0.356

 Atoms:
   name      x         y         z      frac   Uiso     U11     U22     U33     U12     U13     U23
---------------------------------------------------------------------------------------------------------------------------------------
    Pb1     Pb:
 values:   0.00000   0.00000   0.00000   1.000-0.00353
 sig   :                                       0.00270
    Cs2     Cs:
 values:  -0.29108  -0.33330  -0.08330   1.000-0.03237
 sig   :   0.00067                             0.00257
    Cs3     Cs:
 values:   0.00000   0.00000   0.25000   1.000 0.02148
 sig   :                                       0.00317
    Br4     Br:
 values:   0.02688  -0.16772  -0.09881   1.000 0.02645
 sig   :   0.00064   0.00056   0.00047         0.00253

 Density: 4.311530.4 g/cm**3

 Phase: CsBr in histogram: PWDR YN31_10N_speed0.5_groundCs_CsPbBr3_150min_20240616_220926_G01_S01.xye
=======================================================================================================================================
 Final refinement RF, RF^2 = 4.76%, 4.97% on 5 reflections
 Durbin-Watson statistic = 0.202
 Bragg intensity sum = 2.19e+05
 Phase fraction  :   28.82758, sig    0.87836 Weight fraction  :  0.18409, sig    0.00561

 Mustrain model:  uniaxial
 equatorial:      1000.0 axial:       693.2, sig:  1620.7 LG mix coeff.:      1.2328, sig:   0.324

 Phase: PbBr2 in histogram: PWDR YN31_10N_speed0.5_groundCs_CsPbBr3_150min_20240616_220926_G01_S01.xye
=======================================================================================================================================
 Final refinement RF, RF^2 = 5.72%, 9.92% on 41 reflections
 Durbin-Watson statistic = 0.202
 Bragg intensity sum = 7.22e+05
 Phase fraction  :    8.34638, sig    0.19382 Weight fraction  :  0.36767, sig    0.00854

 Mustrain model:  uniaxial
 equatorial:      1000.0 axial:       370.0, sig:   104.2 LG mix coeff.:      1.6262, sig:   0.278

 Phase: CsPbBr3-Pbnm in histogram: PWDR YN31_10N_speed0.5_groundCs_CsPbBr3_150min_20240616_220926_G01_S01.xye
=======================================================================================================================================
 Final refinement RF, RF^2 = 6.18%, 7.21% on 77 reflections
 Durbin-Watson statistic = 0.202
 Bragg intensity sum = 1.38e+05
 Phase fraction  :    0.88681, sig    0.05309 Weight fraction  :  0.06172, sig    0.00370

 Mustrain model:  uniaxial
 equatorial:      1000.0 axial:      9541.9, sig:  5078.6 LG mix coeff.:      0.6633, sig:   0.445

 Phase: Cs4PbBr6-fit in histogram: PWDR YN31_10N_speed0.5_groundCs_CsPbBr3_150min_20240616_220926_G01_S01.xye
=======================================================================================================================================
 Final refinement RF, RF^2 = 4.26%, 8.42% on 55 reflections
 Durbin-Watson statistic = 0.202
 Bragg intensity sum = 8.27e+05
 Phase fraction  :    1.76229, sig    0.03001 Weight fraction  :  0.38653, sig    0.00658

 Mustrain model:  uniaxial
 equatorial:      1000.0 axial:      1638.6, sig:   384.5 LG mix coeff.:      0.9807, sig:   0.313

 Histogram: PWDR YN31_10N_speed0.5_groundCs_CsPbBr3_150min_20240616_220926_G01_S01.xye histogram Id: 0
=======================================================================================================================================
 PWDR histogram weight factor = 1.000
 Final refinement wR = 9.61% on 4001 observations in this histogram
 Other residuals: R = 7.28%, R-bkg = 7.96%, wR-bkg = 9.61% wRmin = 3.25%
 Instrument type: Bragg-Brentano

 Resonant form factors:(ref: D.T. Cromer & D.A. Liberman (1981), Acta Cryst. A37, 267-268.)
 Element:       Br       Cs       Pb
 f'     :   -0.679   -0.745   -4.078
 f"     :    1.281    7.902    8.501

 Sample Parameters:
 names :         Scale         Shift  Transparency    SurfRoughA    SurfRoughB
 values:        1.0000      224.5137        0.0000        0.0000        0.0710
 sig   :                      3.4653                                    0.0029

 Instrument Parameters:
 names :        Bank I(L2)/I(L1)    Polariz.        SH/L
 value :    1.000000    0.500000    0.700000   -0.020555
 sig   :                                        0.011882

 Instrument Parameters:
 names :           U           V           W           X           Y           Z        Zero
 value :  113.418932  -93.238028   27.200903    3.171193    0.000000    0.000000    0.000000
 sig   :   35.384831   21.078808    3.204565    0.486554                                    

 Background function: cosine
 value :      914.1      1023     733.8     547.8     364.1     278.2     190.4     98.25      28.5
 sig   :      30.11     57.74     53.32     45.25     35.54     25.93     17.08     10.11      4.84
 Background sums: empirical 1.84e+06, Debye 0, peaks 0, Total 1.84e+06
